2025-06-16 18:27:56,440 - DEBUG - E:\MuMu Player 12\shell\adb.exe -s emulator-5554 wait-for-device
2025-06-16 18:27:56,538 - DEBUG - E:\MuMu Player 12\shell\adb.exe -s emulator-5554 shell getprop ro.build.version.sdk
2025-06-16 18:27:59,668 - DEBUG - E:\MuMu Player 12\shell\adb.exe -s emulator-5554 shell dumpsys package com.netease.nie.yosemite
2025-06-16 18:27:59,784 - DEBUG - E:\MuMu Player 12\shell\adb.exe -s emulator-5554 forward --no-rebind tcp:12916 localabstract:javacap_12916
2025-06-16 18:27:59,882 - DEBUG - E:\MuMu Player 12\shell\adb.exe -s emulator-5554 shell pm path com.netease.nie.yosemite
2025-06-16 18:27:59,987 - DEBUG - E:\MuMu Player 12\shell\adb.exe -s emulator-5554 shell CLASSPATH=/data/app/com.netease.nie.yosemite-QDakP4cbYaOG9cISZ6t3_g==/base.apk exec app_process /system/bin com.netease.nie.yosemite.Capture --scale 100 --socket javacap_12916 -lazy 2>&1
2025-06-16 18:28:00,216 - DEBUG - [javacap_sever]b'Capture server listening on @javacap_12916'
2025-06-16 18:28:00,330 - DEBUG - (1, 3, 0, 2400, 1080, 0, 0, 0, 1)
2025-06-16 18:28:01,584 - DEBUG - E:\MuMu Player 12\shell\adb.exe -s emulator-5554 shell am force-stop com.neptune.domino
2025-06-16 18:28:01,715 - DEBUG - E:\MuMu Player 12\shell\adb.exe -s emulator-5554 shell monkey -p com.neptune.domino -c android.intent.category.LAUNCHER 1
2025-06-16 18:28:21,968 - DEBUG - E:\MuMu Player 12\shell\adb.exe -s emulator-5554 shell pidof com.neptune.domino
2025-06-16 18:28:23,167 - INFO - Try finding: Template(E:\AUTO\pythonProject\modules\commond\close\closeAllWindows\close1.png)
2025-06-16 18:28:23,230 - DEBUG - try match with MultiScaleTemplateMatchingPre
2025-06-16 18:28:23,230 - DEBUG - find_best_result() run time is 0.00 s.
2025-06-16 18:28:23,230 - DEBUG - try match with TemplateMatching
2025-06-16 18:28:23,278 - DEBUG - [Template] threshold=0.7, result={'result': (2185, 90), 'rectangle': ((2164, 69), (2164, 112), (2207, 112), (2207, 69)), 'confidence': 0.6970329284667969}
2025-06-16 18:28:23,278 - DEBUG - find_best_result() run time is 0.05 s.
2025-06-16 18:28:23,279 - DEBUG - try match with SIFTMatching
2025-06-16 18:28:23,696 - DEBUG - [SIFT] threshold=0.7, result={'result': [2186, 92], 'rectangle': [(2158, 59), (2158, 124), (2213, 124), (2213, 59)], 'confidence': 0.9164214134216309}
2025-06-16 18:28:23,696 - DEBUG - find_best_result() run time is 0.42 s.
2025-06-16 18:28:23,696 - DEBUG - match result: {'result': [2186, 92], 'rectangle': [(2158, 59), (2158, 124), (2213, 124), (2213, 59)], 'confidence': 0.9164214134216309, 'time': 0.4170238971710205}
2025-06-16 18:28:23,697 - INFO - Try finding: Template(E:\AUTO\pythonProject\modules\commond\close\closeAllWindows\close1.png)
2025-06-16 18:28:23,765 - DEBUG - try match with MultiScaleTemplateMatchingPre
2025-06-16 18:28:23,765 - DEBUG - find_best_result() run time is 0.00 s.
2025-06-16 18:28:23,765 - DEBUG - try match with TemplateMatching
2025-06-16 18:28:23,827 - DEBUG - [Template] threshold=0.7, result={'result': (2185, 90), 'rectangle': ((2164, 69), (2164, 112), (2207, 112), (2207, 69)), 'confidence': 0.6970333456993103}
2025-06-16 18:28:23,828 - DEBUG - find_best_result() run time is 0.06 s.
2025-06-16 18:28:23,828 - DEBUG - try match with SIFTMatching
2025-06-16 18:28:24,254 - DEBUG - [SIFT] threshold=0.7, result={'result': [2186, 92], 'rectangle': [(2158, 59), (2158, 124), (2213, 124), (2213, 59)], 'confidence': 0.9164214134216309}
2025-06-16 18:28:24,254 - DEBUG - find_best_result() run time is 0.43 s.
2025-06-16 18:28:24,255 - DEBUG - match result: {'result': [2186, 92], 'rectangle': [(2158, 59), (2158, 124), (2213, 124), (2213, 59)], 'confidence': 0.9164214134216309, 'time': 0.4261462688446045}
2025-06-16 18:28:24,256 - DEBUG - E:\MuMu Player 12\shell\adb.exe -s emulator-5554 shell ls -l /data/local/tmp/rotationwatcher.jar
2025-06-16 18:28:24,356 - DEBUG - install_rotationwatcher skipped
2025-06-16 18:28:24,356 - DEBUG - E:\MuMu Player 12\shell\adb.exe -s emulator-5554 shell app_process -Djava.class.path=/data/local/tmp/rotationwatcher.jar /data/local/tmp com.example.rotationwatcher.Main
2025-06-16 18:28:24,558 - DEBUG - [rotation_server]b'0'
2025-06-16 18:28:25,405 - INFO - update orientation None->0
2025-06-16 18:28:25,405 - DEBUG - E:\MuMu Player 12\shell\adb.exe -s emulator-5554 shell wm size
2025-06-16 18:28:25,512 - DEBUG - E:\MuMu Player 12\shell\adb.exe -s emulator-5554 shell getprop ro.sf.lcd_density
2025-06-16 18:28:25,612 - DEBUG - E:\MuMu Player 12\shell\adb.exe -s emulator-5554 shell dumpsys SurfaceFlinger
2025-06-16 18:28:25,718 - DEBUG - E:\MuMu Player 12\shell\adb.exe -s emulator-5554 shell getevent -p
2025-06-16 18:28:26,018 - DEBUG - E:\MuMu Player 12\shell\adb.exe -s emulator-5554 shell input tap 2186 92
2025-06-16 18:28:26,465 - INFO - Try finding: Template(E:\AUTO\pythonProject\modules\commond\close\closeAllWindows\close2.png)
2025-06-16 18:28:26,526 - DEBUG - try match with MultiScaleTemplateMatchingPre
2025-06-16 18:28:26,526 - DEBUG - find_best_result() run time is 0.00 s.
2025-06-16 18:28:26,526 - DEBUG - try match with TemplateMatching
2025-06-16 18:28:26,575 - DEBUG - [Template] threshold=0.7, result={'result': (2186, 89), 'rectangle': ((2161, 68), (2161, 111), (2211, 111), (2211, 68)), 'confidence': 0.9597994089126587}
2025-06-16 18:28:26,576 - DEBUG - find_best_result() run time is 0.05 s.
2025-06-16 18:28:26,576 - DEBUG - match result: {'result': (2186, 89), 'rectangle': ((2161, 68), (2161, 111), (2211, 111), (2211, 68)), 'confidence': 0.9597994089126587, 'time': 0.04977869987487793}
2025-06-16 18:28:26,577 - INFO - Try finding: Template(E:\AUTO\pythonProject\modules\commond\close\closeAllWindows\close2.png)
2025-06-16 18:28:26,638 - DEBUG - try match with MultiScaleTemplateMatchingPre
2025-06-16 18:28:26,638 - DEBUG - find_best_result() run time is 0.00 s.
2025-06-16 18:28:26,638 - DEBUG - try match with TemplateMatching
2025-06-16 18:28:26,689 - DEBUG - [Template] threshold=0.7, result={'result': (2186, 89), 'rectangle': ((2161, 68), (2161, 111), (2211, 111), (2211, 68)), 'confidence': 0.9606491327285767}
2025-06-16 18:28:26,690 - DEBUG - find_best_result() run time is 0.05 s.
2025-06-16 18:28:26,690 - DEBUG - match result: {'result': (2186, 89), 'rectangle': ((2161, 68), (2161, 111), (2211, 111), (2211, 68)), 'confidence': 0.9606491327285767, 'time': 0.05075335502624512}
2025-06-16 18:28:26,690 - DEBUG - E:\MuMu Player 12\shell\adb.exe -s emulator-5554 shell input tap 2186 89
2025-06-16 18:28:27,154 - INFO - Try finding: Template(E:\AUTO\pythonProject\modules\commond\close\closeAllWindows\close3.png)
2025-06-16 18:28:27,228 - DEBUG - try match with MultiScaleTemplateMatchingPre
2025-06-16 18:28:27,228 - DEBUG - find_best_result() run time is 0.00 s.
2025-06-16 18:28:27,228 - DEBUG - try match with TemplateMatching
2025-06-16 18:28:27,279 - DEBUG - [Template] threshold=0.7, result={'result': (347, 96), 'rectangle': ((314, 70), (314, 122), (380, 122), (380, 70)), 'confidence': 0.581163763999939}
2025-06-16 18:28:27,280 - DEBUG - find_best_result() run time is 0.05 s.
2025-06-16 18:28:27,280 - DEBUG - try match with SIFTMatching
2025-06-16 18:28:27,731 - DEBUG - find_best_result() run time is 0.45 s.
2025-06-16 18:28:27,731 - DEBUG - try match with BRISKMatching
2025-06-16 18:28:27,925 - DEBUG - 'Not enough feature points in input images !'
2025-06-16 18:28:27,928 - DEBUG - match result: None
2025-06-16 18:28:28,503 - DEBUG - try match with MultiScaleTemplateMatchingPre
2025-06-16 18:28:28,503 - DEBUG - find_best_result() run time is 0.00 s.
2025-06-16 18:28:28,503 - DEBUG - try match with TemplateMatching
2025-06-16 18:28:28,555 - DEBUG - [Template] threshold=0.7, result={'result': (346, 96), 'rectangle': ((313, 70), (313, 122), (379, 122), (379, 70)), 'confidence': 0.5870683193206787}
2025-06-16 18:28:28,556 - DEBUG - find_best_result() run time is 0.05 s.
2025-06-16 18:28:28,556 - DEBUG - try match with SIFTMatching
2025-06-16 18:28:29,024 - DEBUG - find_best_result() run time is 0.47 s.
2025-06-16 18:28:29,024 - DEBUG - try match with BRISKMatching
2025-06-16 18:28:29,240 - DEBUG - 'Not enough feature points in input images !'
2025-06-16 18:28:29,243 - DEBUG - match result: None
2025-06-16 18:28:29,833 - DEBUG - try match with MultiScaleTemplateMatchingPre
2025-06-16 18:28:29,833 - DEBUG - find_best_result() run time is 0.00 s.
2025-06-16 18:28:29,833 - DEBUG - try match with TemplateMatching
2025-06-16 18:28:29,891 - DEBUG - [Template] threshold=0.7, result={'result': (347, 96), 'rectangle': ((314, 70), (314, 122), (380, 122), (380, 70)), 'confidence': 0.5835072994232178}
2025-06-16 18:28:29,892 - DEBUG - find_best_result() run time is 0.06 s.
2025-06-16 18:28:29,892 - DEBUG - try match with SIFTMatching
2025-06-16 18:28:30,329 - DEBUG - find_best_result() run time is 0.44 s.
2025-06-16 18:28:30,329 - DEBUG - try match with BRISKMatching
2025-06-16 18:28:30,534 - DEBUG - 'Not enough feature points in input images !'
2025-06-16 18:28:30,540 - DEBUG - match result: None
2025-06-16 18:28:30,542 - INFO - Try finding: Template(E:\AUTO\pythonProject\modules\commond\close\closeAllWindows\close1.png)
2025-06-16 18:28:30,619 - DEBUG - try match with MultiScaleTemplateMatchingPre
2025-06-16 18:28:30,619 - DEBUG - find_best_result() run time is 0.00 s.
2025-06-16 18:28:30,619 - DEBUG - try match with TemplateMatching
2025-06-16 18:28:30,671 - DEBUG - [Template] threshold=0.7, result={'result': (439, 775), 'rectangle': ((418, 754), (418, 797), (461, 797), (461, 754)), 'confidence': 0.5952804684638977}
2025-06-16 18:28:30,672 - DEBUG - find_best_result() run time is 0.05 s.
2025-06-16 18:28:30,672 - DEBUG - try match with SIFTMatching
2025-06-16 18:28:31,129 - DEBUG - find_best_result() run time is 0.46 s.
2025-06-16 18:28:31,129 - DEBUG - try match with BRISKMatching
2025-06-16 18:28:31,326 - DEBUG - 'Not enough feature points in input images !'
2025-06-16 18:28:31,329 - DEBUG - match result: None
2025-06-16 18:28:31,907 - DEBUG - try match with MultiScaleTemplateMatchingPre
2025-06-16 18:28:31,907 - DEBUG - find_best_result() run time is 0.00 s.
2025-06-16 18:28:31,907 - DEBUG - try match with TemplateMatching
2025-06-16 18:28:31,956 - DEBUG - [Template] threshold=0.7, result={'result': (439, 775), 'rectangle': ((418, 754), (418, 797), (461, 797), (461, 754)), 'confidence': 0.5952799916267395}
2025-06-16 18:28:31,956 - DEBUG - find_best_result() run time is 0.05 s.
2025-06-16 18:28:31,957 - DEBUG - try match with SIFTMatching
2025-06-16 18:28:32,386 - DEBUG - find_best_result() run time is 0.43 s.
2025-06-16 18:28:32,387 - DEBUG - try match with BRISKMatching
2025-06-16 18:28:32,581 - DEBUG - 'Not enough feature points in input images !'
2025-06-16 18:28:32,584 - DEBUG - match result: None
2025-06-16 18:28:33,155 - DEBUG - try match with MultiScaleTemplateMatchingPre
2025-06-16 18:28:33,155 - DEBUG - find_best_result() run time is 0.00 s.
2025-06-16 18:28:33,155 - DEBUG - try match with TemplateMatching
2025-06-16 18:28:33,203 - DEBUG - [Template] threshold=0.7, result={'result': (439, 775), 'rectangle': ((418, 754), (418, 797), (461, 797), (461, 754)), 'confidence': 0.5952799916267395}
2025-06-16 18:28:33,204 - DEBUG - find_best_result() run time is 0.05 s.
2025-06-16 18:28:33,204 - DEBUG - try match with SIFTMatching
2025-06-16 18:28:33,631 - DEBUG - find_best_result() run time is 0.43 s.
2025-06-16 18:28:33,631 - DEBUG - try match with BRISKMatching
2025-06-16 18:28:33,831 - DEBUG - 'Not enough feature points in input images !'
2025-06-16 18:28:33,837 - DEBUG - match result: None
2025-06-16 18:28:33,839 - INFO - Try finding: Template(E:\AUTO\pythonProject\modules\commond\close\closeAllWindows\close2.png)
2025-06-16 18:28:33,923 - DEBUG - try match with MultiScaleTemplateMatchingPre
2025-06-16 18:28:33,923 - DEBUG - find_best_result() run time is 0.00 s.
2025-06-16 18:28:33,923 - DEBUG - try match with TemplateMatching
2025-06-16 18:28:33,971 - DEBUG - [Template] threshold=0.7, result={'result': (800, 696), 'rectangle': ((775, 675), (775, 718), (825, 718), (825, 675)), 'confidence': 0.5367650985717773}
2025-06-16 18:28:33,972 - DEBUG - find_best_result() run time is 0.05 s.
2025-06-16 18:28:33,972 - DEBUG - try match with SIFTMatching
2025-06-16 18:28:34,392 - DEBUG - find_best_result() run time is 0.42 s.
2025-06-16 18:28:34,392 - DEBUG - try match with BRISKMatching
2025-06-16 18:28:34,583 - DEBUG - 'Not enough feature points in input images !'
2025-06-16 18:28:34,586 - DEBUG - match result: None
2025-06-16 18:28:35,157 - DEBUG - try match with MultiScaleTemplateMatchingPre
2025-06-16 18:28:35,157 - DEBUG - find_best_result() run time is 0.00 s.
2025-06-16 18:28:35,157 - DEBUG - try match with TemplateMatching
2025-06-16 18:28:35,211 - DEBUG - [Template] threshold=0.7, result={'result': (426, 472), 'rectangle': ((401, 451), (401, 494), (451, 494), (451, 451)), 'confidence': 0.6381586790084839}
2025-06-16 18:28:35,211 - DEBUG - find_best_result() run time is 0.05 s.
2025-06-16 18:28:35,211 - DEBUG - try match with SIFTMatching
2025-06-16 18:28:35,637 - DEBUG - find_best_result() run time is 0.43 s.
2025-06-16 18:28:35,637 - DEBUG - try match with BRISKMatching
2025-06-16 18:28:35,836 - DEBUG - 'Not enough feature points in input images !'
2025-06-16 18:28:35,841 - DEBUG - match result: None
2025-06-16 18:28:36,423 - DEBUG - try match with MultiScaleTemplateMatchingPre
2025-06-16 18:28:36,424 - DEBUG - find_best_result() run time is 0.00 s.
2025-06-16 18:28:36,424 - DEBUG - try match with TemplateMatching
2025-06-16 18:28:36,472 - DEBUG - [Template] threshold=0.7, result={'result': (427, 471), 'rectangle': ((402, 450), (402, 493), (452, 493), (452, 450)), 'confidence': 0.6336759328842163}
2025-06-16 18:28:36,473 - DEBUG - find_best_result() run time is 0.05 s.
2025-06-16 18:28:36,473 - DEBUG - try match with SIFTMatching
2025-06-16 18:28:36,902 - DEBUG - find_best_result() run time is 0.43 s.
2025-06-16 18:28:36,902 - DEBUG - try match with BRISKMatching
2025-06-16 18:28:37,088 - DEBUG - 'Not enough feature points in input images !'
2025-06-16 18:28:37,091 - DEBUG - match result: None
2025-06-16 18:28:37,092 - INFO - Try finding: Template(E:\AUTO\pythonProject\modules\commond\close\closeAllWindows\close3.png)
2025-06-16 18:28:37,168 - DEBUG - try match with MultiScaleTemplateMatchingPre
2025-06-16 18:28:37,168 - DEBUG - find_best_result() run time is 0.00 s.
2025-06-16 18:28:37,168 - DEBUG - try match with TemplateMatching
2025-06-16 18:28:37,224 - DEBUG - [Template] threshold=0.7, result={'result': (346, 96), 'rectangle': ((313, 70), (313, 122), (379, 122), (379, 70)), 'confidence': 0.5879887342453003}
2025-06-16 18:28:37,225 - DEBUG - find_best_result() run time is 0.06 s.
2025-06-16 18:28:37,225 - DEBUG - try match with SIFTMatching
2025-06-16 18:28:37,722 - DEBUG - find_best_result() run time is 0.50 s.
2025-06-16 18:28:37,722 - DEBUG - try match with BRISKMatching
2025-06-16 18:28:37,918 - DEBUG - 'Not enough feature points in input images !'
2025-06-16 18:28:37,921 - DEBUG - match result: None
2025-06-16 18:28:38,501 - DEBUG - try match with MultiScaleTemplateMatchingPre
2025-06-16 18:28:38,501 - DEBUG - find_best_result() run time is 0.00 s.
2025-06-16 18:28:38,501 - DEBUG - try match with TemplateMatching
2025-06-16 18:28:38,560 - DEBUG - [Template] threshold=0.7, result={'result': (346, 96), 'rectangle': ((313, 70), (313, 122), (379, 122), (379, 70)), 'confidence': 0.5838387608528137}
2025-06-16 18:28:38,561 - DEBUG - find_best_result() run time is 0.06 s.
2025-06-16 18:28:38,561 - DEBUG - try match with SIFTMatching
2025-06-16 18:28:39,011 - DEBUG - find_best_result() run time is 0.45 s.
2025-06-16 18:28:39,011 - DEBUG - try match with BRISKMatching
2025-06-16 18:28:39,227 - DEBUG - 'Not enough feature points in input images !'
2025-06-16 18:28:39,232 - DEBUG - match result: None
2025-06-16 18:28:39,817 - DEBUG - try match with MultiScaleTemplateMatchingPre
2025-06-16 18:28:39,818 - DEBUG - find_best_result() run time is 0.00 s.
2025-06-16 18:28:39,818 - DEBUG - try match with TemplateMatching
2025-06-16 18:28:39,887 - DEBUG - [Template] threshold=0.7, result={'result': (346, 96), 'rectangle': ((313, 70), (313, 122), (379, 122), (379, 70)), 'confidence': 0.5879734754562378}
2025-06-16 18:28:39,888 - DEBUG - find_best_result() run time is 0.07 s.
2025-06-16 18:28:39,889 - DEBUG - try match with SIFTMatching
2025-06-16 18:28:40,337 - DEBUG - find_best_result() run time is 0.45 s.
2025-06-16 18:28:40,337 - DEBUG - try match with BRISKMatching
2025-06-16 18:28:40,538 - DEBUG - 'Not enough feature points in input images !'
2025-06-16 18:28:40,542 - DEBUG - match result: None
2025-06-16 18:28:41,644 - INFO - Try finding: Template(E:\AUTO\pythonProject\modules\function\login\img\main_view.png)
2025-06-16 18:28:41,723 - DEBUG - try match with MultiScaleTemplateMatchingPre
2025-06-16 18:28:41,723 - DEBUG - find_best_result() run time is 0.00 s.
2025-06-16 18:28:41,723 - DEBUG - try match with TemplateMatching
2025-06-16 18:28:41,779 - DEBUG - [Template] threshold=0.7, result={'result': (1155, 977), 'rectangle': ((670, 914), (670, 1040), (1640, 1040), (1640, 914)), 'confidence': 0.32359954714775085}
2025-06-16 18:28:41,780 - DEBUG - find_best_result() run time is 0.06 s.
2025-06-16 18:28:41,780 - DEBUG - try match with SIFTMatching
2025-06-16 18:28:42,570 - DEBUG - [SIFT] threshold=0.7, result={'result': (1091, 988), 'rectangle': [(465, 908), (465, 1069), (1717, 1069), (1717, 908)], 'confidence': 0.9922983646392822}
2025-06-16 18:28:42,570 - DEBUG - find_best_result() run time is 0.79 s.
2025-06-16 18:28:42,571 - DEBUG - match result: {'result': (1091, 988), 'rectangle': [(465, 908), (465, 1069), (1717, 1069), (1717, 908)], 'confidence': 0.9922983646392822, 'time': 0.7902030944824219}
2025-06-16 18:28:42,742 - DEBUG - E:\MuMu Player 12\shell\adb.exe -s emulator-5554 wait-for-device
2025-06-16 18:28:42,878 - DEBUG - E:\MuMu Player 12\shell\adb.exe -s emulator-5554 shell getprop ro.build.version.sdk
2025-06-16 18:28:42,984 - WARNING - Device:emulator-5554 updated <airtest.core.android.android.Android object at 0x00000153B399A7C0> -> <airtest.core.android.android.Android object at 0x00000153B3F20E80>
2025-06-16 18:28:46,011 - DEBUG - E:\MuMu Player 12\shell\adb.exe -s emulator-5554 shell dumpsys package com.netease.nie.yosemite
2025-06-16 18:28:46,121 - DEBUG - E:\MuMu Player 12\shell\adb.exe -s emulator-5554 forward --no-rebind tcp:15851 localabstract:javacap_15851
2025-06-16 18:28:46,219 - DEBUG - E:\MuMu Player 12\shell\adb.exe -s emulator-5554 shell pm path com.netease.nie.yosemite
2025-06-16 18:28:46,334 - DEBUG - E:\MuMu Player 12\shell\adb.exe -s emulator-5554 shell CLASSPATH=/data/app/com.netease.nie.yosemite-QDakP4cbYaOG9cISZ6t3_g==/base.apk exec app_process /system/bin com.netease.nie.yosemite.Capture --scale 100 --socket javacap_15851 -lazy 2>&1
2025-06-16 18:28:46,549 - DEBUG - [javacap_sever]b'Capture server listening on @javacap_15851'
2025-06-16 18:28:46,655 - DEBUG - (1, 3, 0, 2400, 1080, 0, 0, 0, 1)
2025-06-16 18:28:46,833 - INFO - Try finding: Template(E:\AUTO\pythonProject\modules\function\Remi\img\remi_enter.png)
2025-06-16 18:28:46,909 - DEBUG - try match with MultiScaleTemplateMatchingPre
2025-06-16 18:28:46,909 - DEBUG - find_best_result() run time is 0.00 s.
2025-06-16 18:28:46,909 - DEBUG - try match with TemplateMatching
2025-06-16 18:28:46,973 - DEBUG - [Template] threshold=0.7, result={'result': (1857, 324), 'rectangle': ((1765, 256), (1765, 392), (1950, 392), (1950, 256)), 'confidence': 0.3306135833263397}
2025-06-16 18:28:46,974 - DEBUG - find_best_result() run time is 0.07 s.
2025-06-16 18:28:46,974 - DEBUG - try match with SIFTMatching
2025-06-16 18:28:47,499 - DEBUG - [SIFT] threshold=0.7, result={'result': (1874, 335), 'rectangle': [(1756, 250), (1756, 420), (1993, 420), (1993, 250)], 'confidence': 0.9161296486854553}
2025-06-16 18:28:47,499 - DEBUG - find_best_result() run time is 0.53 s.
2025-06-16 18:28:47,499 - DEBUG - match result: {'result': (1874, 335), 'rectangle': [(1756, 250), (1756, 420), (1993, 420), (1993, 250)], 'confidence': 0.9161296486854553, 'time': 0.5251302719116211}
2025-06-16 18:28:48,744 - INFO - Try finding: Template(E:\AUTO\pythonProject\modules\function\QiuQIu\img\back.png)
2025-06-16 18:28:48,832 - DEBUG - try match with MultiScaleTemplateMatchingPre
2025-06-16 18:28:48,832 - DEBUG - find_best_result() run time is 0.00 s.
2025-06-16 18:28:48,832 - DEBUG - try match with TemplateMatching
2025-06-16 18:28:48,883 - DEBUG - [Template] threshold=0.7, result={'result': (1770, 559), 'rectangle': ((1728, 526), (1728, 592), (1812, 592), (1812, 526)), 'confidence': 0.44484034180641174}
2025-06-16 18:28:48,884 - DEBUG - find_best_result() run time is 0.05 s.
2025-06-16 18:28:48,884 - DEBUG - try match with SIFTMatching
2025-06-16 18:28:49,352 - DEBUG - find_best_result() run time is 0.47 s.
2025-06-16 18:28:49,353 - DEBUG - try match with BRISKMatching
2025-06-16 18:28:49,556 - DEBUG - find_best_result() run time is 0.20 s.
2025-06-16 18:28:49,559 - DEBUG - match result: None
2025-06-16 18:28:50,144 - DEBUG - try match with MultiScaleTemplateMatchingPre
2025-06-16 18:28:50,144 - DEBUG - find_best_result() run time is 0.00 s.
2025-06-16 18:28:50,144 - DEBUG - try match with TemplateMatching
2025-06-16 18:28:50,209 - DEBUG - [Template] threshold=0.7, result={'result': (348, 97), 'rectangle': ((306, 64), (306, 130), (390, 130), (390, 64)), 'confidence': 0.45280396938323975}
2025-06-16 18:28:50,210 - DEBUG - find_best_result() run time is 0.06 s.
2025-06-16 18:28:50,210 - DEBUG - try match with SIFTMatching
2025-06-16 18:28:50,734 - DEBUG - find_best_result() run time is 0.52 s.
2025-06-16 18:28:50,734 - DEBUG - try match with BRISKMatching
2025-06-16 18:28:50,953 - DEBUG - find_best_result() run time is 0.22 s.
2025-06-16 18:28:50,956 - DEBUG - match result: None
2025-06-16 18:28:51,527 - DEBUG - try match with MultiScaleTemplateMatchingPre
2025-06-16 18:28:51,528 - DEBUG - find_best_result() run time is 0.00 s.
2025-06-16 18:28:51,528 - DEBUG - try match with TemplateMatching
2025-06-16 18:28:51,578 - DEBUG - [Template] threshold=0.7, result={'result': (348, 98), 'rectangle': ((306, 65), (306, 131), (390, 131), (390, 65)), 'confidence': 0.42632463574409485}
2025-06-16 18:28:51,579 - DEBUG - find_best_result() run time is 0.05 s.
2025-06-16 18:28:51,579 - DEBUG - try match with SIFTMatching
2025-06-16 18:28:52,059 - DEBUG - find_best_result() run time is 0.48 s.
2025-06-16 18:28:52,059 - DEBUG - try match with BRISKMatching
2025-06-16 18:28:52,270 - DEBUG - find_best_result() run time is 0.21 s.
2025-06-16 18:28:52,274 - DEBUG - match result: None
2025-06-16 18:28:53,377 - INFO - Try finding: Template(E:\AUTO\pythonProject\modules\function\QiuQIu\img\qiuqiu_enter.png)
2025-06-16 18:28:53,449 - DEBUG - try match with MultiScaleTemplateMatchingPre
2025-06-16 18:28:53,449 - DEBUG - find_best_result() run time is 0.00 s.
2025-06-16 18:28:53,449 - DEBUG - try match with TemplateMatching
2025-06-16 18:28:53,501 - DEBUG - [Template] threshold=0.7, result={'result': (2048, 958), 'rectangle': ((1976, 918), (1976, 998), (2120, 998), (2120, 918)), 'confidence': 0.33575505018234253}
2025-06-16 18:28:53,502 - DEBUG - find_best_result() run time is 0.05 s.
2025-06-16 18:28:53,502 - DEBUG - try match with SIFTMatching
2025-06-16 18:28:53,990 - DEBUG - [SIFT] threshold=0.7, result={'result': (1545, 364), 'rectangle': [(1453, 312), (1453, 417), (1638, 417), (1638, 312)], 'confidence': 0.9745306670665741}
2025-06-16 18:28:53,990 - DEBUG - find_best_result() run time is 0.49 s.
2025-06-16 18:28:53,991 - DEBUG - match result: {'result': (1545, 364), 'rectangle': [(1453, 312), (1453, 417), (1638, 417), (1638, 312)], 'confidence': 0.9745306670665741, 'time': 0.4880788326263428}
2025-06-16 18:28:55,112 - INFO - Try finding: Template(E:\AUTO\pythonProject\modules\function\QiuQIu\img\back.png)
2025-06-16 18:28:55,194 - DEBUG - try match with MultiScaleTemplateMatchingPre
2025-06-16 18:28:55,194 - DEBUG - find_best_result() run time is 0.00 s.
2025-06-16 18:28:55,194 - DEBUG - try match with TemplateMatching
2025-06-16 18:28:55,245 - DEBUG - [Template] threshold=0.7, result={'result': (348, 98), 'rectangle': ((306, 65), (306, 131), (390, 131), (390, 65)), 'confidence': 0.44770652055740356}
2025-06-16 18:28:55,246 - DEBUG - find_best_result() run time is 0.05 s.
2025-06-16 18:28:55,246 - DEBUG - try match with SIFTMatching
2025-06-16 18:28:55,702 - DEBUG - find_best_result() run time is 0.46 s.
2025-06-16 18:28:55,702 - DEBUG - try match with BRISKMatching
2025-06-16 18:28:55,901 - DEBUG - find_best_result() run time is 0.20 s.
2025-06-16 18:28:55,905 - DEBUG - match result: None
2025-06-16 18:28:56,477 - DEBUG - try match with MultiScaleTemplateMatchingPre
2025-06-16 18:28:56,477 - DEBUG - find_best_result() run time is 0.00 s.
2025-06-16 18:28:56,477 - DEBUG - try match with TemplateMatching
2025-06-16 18:28:56,529 - DEBUG - [Template] threshold=0.7, result={'result': (348, 98), 'rectangle': ((306, 65), (306, 131), (390, 131), (390, 65)), 'confidence': 0.43816938996315}
2025-06-16 18:28:56,530 - DEBUG - find_best_result() run time is 0.05 s.
2025-06-16 18:28:56,530 - DEBUG - try match with SIFTMatching
2025-06-16 18:28:56,987 - DEBUG - find_best_result() run time is 0.46 s.
2025-06-16 18:28:56,987 - DEBUG - try match with BRISKMatching
2025-06-16 18:28:57,171 - DEBUG - find_best_result() run time is 0.18 s.
2025-06-16 18:28:57,174 - DEBUG - match result: None
2025-06-16 18:28:57,751 - DEBUG - try match with MultiScaleTemplateMatchingPre
2025-06-16 18:28:57,751 - DEBUG - find_best_result() run time is 0.00 s.
2025-06-16 18:28:57,751 - DEBUG - try match with TemplateMatching
2025-06-16 18:28:57,814 - DEBUG - [Template] threshold=0.7, result={'result': (348, 98), 'rectangle': ((306, 65), (306, 131), (390, 131), (390, 65)), 'confidence': 0.448643296957016}
2025-06-16 18:28:57,816 - DEBUG - find_best_result() run time is 0.06 s.
2025-06-16 18:28:57,816 - DEBUG - try match with SIFTMatching
2025-06-16 18:28:58,285 - DEBUG - find_best_result() run time is 0.47 s.
2025-06-16 18:28:58,286 - DEBUG - try match with BRISKMatching
2025-06-16 18:28:58,475 - DEBUG - find_best_result() run time is 0.19 s.
2025-06-16 18:28:58,479 - DEBUG - match result: None
2025-06-16 18:29:00,867 - DEBUG - E:\MuMu Player 12\shell\adb.exe -s emulator-5554 forward --remove tcp:12916
2025-06-16 18:29:00,969 - DEBUG - E:\MuMu Player 12\shell\adb.exe -s emulator-5554 forward --remove tcp:15851
2025-06-16 18:29:01,081 - DEBUG - [rotation_server]b''
2025-06-16 18:29:01,095 - DEBUG - [javacap_sever]b''
2025-06-16 18:29:01,109 - DEBUG - [javacap_sever]b''
