2025-06-12 16:21:41,322 - DEBUG - E:\MuMu Player 12\shell\adb.exe -s emulator-5554 wait-for-device
2025-06-12 16:21:41,414 - DEBUG - E:\MuMu Player 12\shell\adb.exe -s emulator-5554 shell getprop ro.build.version.sdk
2025-06-12 16:21:44,534 - DEBUG - E:\MuMu Player 12\shell\adb.exe -s emulator-5554 shell dumpsys package com.netease.nie.yosemite
2025-06-12 16:21:44,632 - DEBUG - E:\MuMu Player 12\shell\adb.exe -s emulator-5554 forward --no-rebind tcp:17123 localabstract:javacap_17123
2025-06-12 16:21:44,718 - DEBUG - E:\MuMu Player 12\shell\adb.exe -s emulator-5554 shell pm path com.netease.nie.yosemite
2025-06-12 16:21:44,814 - DEBUG - E:\MuMu Player 12\shell\adb.exe -s emulator-5554 shell CLASSPATH=/data/app/com.netease.nie.yosemite-QDakP4cbYaOG9cISZ6t3_g==/base.apk exec app_process /system/bin com.netease.nie.yosemite.Capture --scale 100 --socket javacap_17123 -lazy 2>&1
2025-06-12 16:21:45,013 - DEBUG - [javacap_sever]b'Capture server listening on @javacap_17123'
2025-06-12 16:21:45,121 - DEBUG - (1, 3, 0, 2400, 1080, 0, 0, 0, 1)
2025-06-12 16:21:46,382 - DEBUG - E:\MuMu Player 12\shell\adb.exe -s emulator-5554 shell am force-stop com.neptune.domino
2025-06-12 16:21:46,497 - DEBUG - E:\MuMu Player 12\shell\adb.exe -s emulator-5554 shell monkey -p com.neptune.domino -c android.intent.category.LAUNCHER 1
2025-06-12 16:22:06,755 - DEBUG - E:\MuMu Player 12\shell\adb.exe -s emulator-5554 shell pidof com.neptune.domino
2025-06-12 16:22:07,953 - INFO - Try finding: Template(E:\AUTO\pythonProject\modules\commond\close\closeAllWindows\close1.png)
2025-06-12 16:22:08,016 - DEBUG - try match with MultiScaleTemplateMatchingPre
2025-06-12 16:22:08,016 - DEBUG - find_best_result() run time is 0.00 s.
2025-06-12 16:22:08,017 - DEBUG - try match with TemplateMatching
2025-06-12 16:22:08,067 - DEBUG - [Template] threshold=0.7, result={'result': (439, 775), 'rectangle': ((418, 754), (418, 797), (461, 797), (461, 754)), 'confidence': 0.5952804684638977}
2025-06-12 16:22:08,068 - DEBUG - find_best_result() run time is 0.05 s.
2025-06-12 16:22:08,068 - DEBUG - try match with SIFTMatching
2025-06-12 16:22:08,515 - DEBUG - find_best_result() run time is 0.45 s.
2025-06-12 16:22:08,517 - DEBUG - try match with BRISKMatching
2025-06-12 16:22:08,766 - DEBUG - 'Not enough feature points in input images !'
2025-06-12 16:22:08,768 - DEBUG - match result: None
2025-06-12 16:22:09,342 - DEBUG - try match with MultiScaleTemplateMatchingPre
2025-06-12 16:22:09,342 - DEBUG - find_best_result() run time is 0.00 s.
2025-06-12 16:22:09,342 - DEBUG - try match with TemplateMatching
2025-06-12 16:22:09,399 - DEBUG - [Template] threshold=0.7, result={'result': (439, 775), 'rectangle': ((418, 754), (418, 797), (461, 797), (461, 754)), 'confidence': 0.5952799916267395}
2025-06-12 16:22:09,400 - DEBUG - find_best_result() run time is 0.06 s.
2025-06-12 16:22:09,400 - DEBUG - try match with SIFTMatching
2025-06-12 16:22:09,820 - DEBUG - find_best_result() run time is 0.42 s.
2025-06-12 16:22:09,821 - DEBUG - try match with BRISKMatching
2025-06-12 16:22:10,007 - DEBUG - 'Not enough feature points in input images !'
2025-06-12 16:22:10,009 - DEBUG - match result: None
2025-06-12 16:22:10,575 - DEBUG - try match with MultiScaleTemplateMatchingPre
2025-06-12 16:22:10,575 - DEBUG - find_best_result() run time is 0.00 s.
2025-06-12 16:22:10,575 - DEBUG - try match with TemplateMatching
2025-06-12 16:22:10,624 - DEBUG - [Template] threshold=0.7, result={'result': (439, 775), 'rectangle': ((418, 754), (418, 797), (461, 797), (461, 754)), 'confidence': 0.5952804684638977}
2025-06-12 16:22:10,625 - DEBUG - find_best_result() run time is 0.05 s.
2025-06-12 16:22:10,625 - DEBUG - try match with SIFTMatching
2025-06-12 16:22:11,048 - DEBUG - find_best_result() run time is 0.42 s.
2025-06-12 16:22:11,050 - DEBUG - try match with BRISKMatching
2025-06-12 16:22:11,247 - DEBUG - 'Not enough feature points in input images !'
2025-06-12 16:22:11,251 - DEBUG - match result: None
2025-06-12 16:22:11,255 - INFO - Try finding: Template(E:\AUTO\pythonProject\modules\commond\close\closeAllWindows\close2.png)
2025-06-12 16:22:11,321 - DEBUG - try match with MultiScaleTemplateMatchingPre
2025-06-12 16:22:11,321 - DEBUG - find_best_result() run time is 0.00 s.
2025-06-12 16:22:11,321 - DEBUG - try match with TemplateMatching
2025-06-12 16:22:11,369 - DEBUG - [Template] threshold=0.7, result={'result': (49, 824), 'rectangle': ((24, 803), (24, 846), (74, 846), (74, 803)), 'confidence': 0.530443549156189}
2025-06-12 16:22:11,370 - DEBUG - find_best_result() run time is 0.05 s.
2025-06-12 16:22:11,370 - DEBUG - try match with SIFTMatching
2025-06-12 16:22:11,825 - DEBUG - find_best_result() run time is 0.45 s.
2025-06-12 16:22:11,825 - DEBUG - try match with BRISKMatching
2025-06-12 16:22:12,037 - DEBUG - 'Not enough feature points in input images !'
2025-06-12 16:22:12,039 - DEBUG - match result: None
2025-06-12 16:22:12,610 - DEBUG - try match with MultiScaleTemplateMatchingPre
2025-06-12 16:22:12,611 - DEBUG - find_best_result() run time is 0.00 s.
2025-06-12 16:22:12,611 - DEBUG - try match with TemplateMatching
2025-06-12 16:22:12,660 - DEBUG - [Template] threshold=0.7, result={'result': (429, 471), 'rectangle': ((404, 450), (404, 493), (454, 493), (454, 450)), 'confidence': 0.5967543721199036}
2025-06-12 16:22:12,661 - DEBUG - find_best_result() run time is 0.05 s.
2025-06-12 16:22:12,661 - DEBUG - try match with SIFTMatching
2025-06-12 16:22:13,080 - DEBUG - find_best_result() run time is 0.42 s.
2025-06-12 16:22:13,080 - DEBUG - try match with BRISKMatching
2025-06-12 16:22:13,271 - DEBUG - 'Not enough feature points in input images !'
2025-06-12 16:22:13,273 - DEBUG - match result: None
2025-06-12 16:22:13,843 - DEBUG - try match with MultiScaleTemplateMatchingPre
2025-06-12 16:22:13,844 - DEBUG - find_best_result() run time is 0.00 s.
2025-06-12 16:22:13,844 - DEBUG - try match with TemplateMatching
2025-06-12 16:22:13,896 - DEBUG - [Template] threshold=0.7, result={'result': (428, 471), 'rectangle': ((403, 450), (403, 493), (453, 493), (453, 450)), 'confidence': 0.6365534663200378}
2025-06-12 16:22:13,898 - DEBUG - find_best_result() run time is 0.05 s.
2025-06-12 16:22:13,898 - DEBUG - try match with SIFTMatching
2025-06-12 16:22:14,439 - DEBUG - find_best_result() run time is 0.54 s.
2025-06-12 16:22:14,440 - DEBUG - try match with BRISKMatching
2025-06-12 16:22:14,642 - DEBUG - 'Not enough feature points in input images !'
2025-06-12 16:22:14,645 - DEBUG - match result: None
2025-06-12 16:22:14,648 - INFO - Try finding: Template(E:\AUTO\pythonProject\modules\commond\close\closeAllWindows\close3.png)
2025-06-12 16:22:14,725 - DEBUG - try match with MultiScaleTemplateMatchingPre
2025-06-12 16:22:14,725 - DEBUG - find_best_result() run time is 0.00 s.
2025-06-12 16:22:14,726 - DEBUG - try match with TemplateMatching
2025-06-12 16:22:14,777 - DEBUG - [Template] threshold=0.7, result={'result': (346, 96), 'rectangle': ((313, 70), (313, 122), (379, 122), (379, 70)), 'confidence': 0.588001012802124}
2025-06-12 16:22:14,778 - DEBUG - find_best_result() run time is 0.05 s.
2025-06-12 16:22:14,778 - DEBUG - try match with SIFTMatching
2025-06-12 16:22:15,212 - DEBUG - find_best_result() run time is 0.43 s.
2025-06-12 16:22:15,213 - DEBUG - try match with BRISKMatching
2025-06-12 16:22:15,395 - DEBUG - 'Not enough feature points in input images !'
2025-06-12 16:22:15,397 - DEBUG - match result: None
2025-06-12 16:22:15,970 - DEBUG - try match with MultiScaleTemplateMatchingPre
2025-06-12 16:22:15,970 - DEBUG - find_best_result() run time is 0.00 s.
2025-06-12 16:22:15,971 - DEBUG - try match with TemplateMatching
2025-06-12 16:22:16,023 - DEBUG - [Template] threshold=0.7, result={'result': (347, 96), 'rectangle': ((314, 70), (314, 122), (380, 122), (380, 70)), 'confidence': 0.5831043124198914}
2025-06-12 16:22:16,024 - DEBUG - find_best_result() run time is 0.05 s.
2025-06-12 16:22:16,024 - DEBUG - try match with SIFTMatching
2025-06-12 16:22:16,449 - DEBUG - find_best_result() run time is 0.42 s.
2025-06-12 16:22:16,451 - DEBUG - try match with BRISKMatching
2025-06-12 16:22:16,652 - DEBUG - 'Not enough feature points in input images !'
2025-06-12 16:22:16,654 - DEBUG - match result: None
2025-06-12 16:22:17,227 - DEBUG - try match with MultiScaleTemplateMatchingPre
2025-06-12 16:22:17,227 - DEBUG - find_best_result() run time is 0.00 s.
2025-06-12 16:22:17,227 - DEBUG - try match with TemplateMatching
2025-06-12 16:22:17,279 - DEBUG - [Template] threshold=0.7, result={'result': (346, 96), 'rectangle': ((313, 70), (313, 122), (379, 122), (379, 70)), 'confidence': 0.5885083675384521}
2025-06-12 16:22:17,280 - DEBUG - find_best_result() run time is 0.05 s.
2025-06-12 16:22:17,280 - DEBUG - try match with SIFTMatching
2025-06-12 16:22:17,746 - DEBUG - find_best_result() run time is 0.47 s.
2025-06-12 16:22:17,747 - DEBUG - try match with BRISKMatching
2025-06-12 16:22:17,958 - DEBUG - 'Not enough feature points in input images !'
2025-06-12 16:22:17,961 - DEBUG - match result: None
2025-06-12 16:22:19,064 - INFO - Try finding: Template(E:\AUTO\pythonProject\modules\function\login\img\main_view.png)
2025-06-12 16:22:19,135 - DEBUG - try match with MultiScaleTemplateMatchingPre
2025-06-12 16:22:19,136 - DEBUG - find_best_result() run time is 0.00 s.
2025-06-12 16:22:19,136 - DEBUG - try match with TemplateMatching
2025-06-12 16:22:19,203 - DEBUG - [Template] threshold=0.7, result={'result': (1155, 977), 'rectangle': ((670, 914), (670, 1040), (1640, 1040), (1640, 914)), 'confidence': 0.3236006796360016}
2025-06-12 16:22:19,204 - DEBUG - find_best_result() run time is 0.07 s.
2025-06-12 16:22:19,204 - DEBUG - try match with SIFTMatching
2025-06-12 16:22:20,088 - DEBUG - [SIFT] threshold=0.7, result={'result': (1091, 988), 'rectangle': [(465, 908), (465, 1069), (1717, 1069), (1717, 908)], 'confidence': 0.9922983646392822}
2025-06-12 16:22:20,089 - DEBUG - find_best_result() run time is 0.88 s.
2025-06-12 16:22:20,089 - DEBUG - match result: {'result': (1091, 988), 'rectangle': [(465, 908), (465, 1069), (1717, 1069), (1717, 908)], 'confidence': 0.9922983646392822, 'time': 0.8839874267578125}
2025-06-12 16:22:20,281 - DEBUG - E:\MuMu Player 12\shell\adb.exe -s emulator-5554 wait-for-device
2025-06-12 16:22:20,387 - DEBUG - E:\MuMu Player 12\shell\adb.exe -s emulator-5554 shell getprop ro.build.version.sdk
2025-06-12 16:22:20,520 - WARNING - Device:emulator-5554 updated <airtest.core.android.android.Android object at 0x00000291A8E4ABB0> -> <airtest.core.android.android.Android object at 0x00000291A9383B50>
2025-06-12 16:22:23,548 - DEBUG - E:\MuMu Player 12\shell\adb.exe -s emulator-5554 shell dumpsys package com.netease.nie.yosemite
2025-06-12 16:22:23,664 - DEBUG - E:\MuMu Player 12\shell\adb.exe -s emulator-5554 forward --no-rebind tcp:18829 localabstract:javacap_18829
2025-06-12 16:22:23,767 - DEBUG - E:\MuMu Player 12\shell\adb.exe -s emulator-5554 shell pm path com.netease.nie.yosemite
2025-06-12 16:22:23,887 - DEBUG - E:\MuMu Player 12\shell\adb.exe -s emulator-5554 shell CLASSPATH=/data/app/com.netease.nie.yosemite-QDakP4cbYaOG9cISZ6t3_g==/base.apk exec app_process /system/bin com.netease.nie.yosemite.Capture --scale 100 --socket javacap_18829 -lazy 2>&1
2025-06-12 16:22:24,147 - DEBUG - [javacap_sever]b'Capture server listening on @javacap_18829'
2025-06-12 16:22:24,274 - DEBUG - (1, 3, 0, 2400, 1080, 0, 0, 0, 1)
2025-06-12 16:22:24,439 - INFO - Try finding: Template(E:\AUTO\pythonProject\modules\function\Remi\img\remi_enter.png)
2025-06-12 16:22:24,511 - DEBUG - try match with MultiScaleTemplateMatchingPre
2025-06-12 16:22:24,512 - DEBUG - find_best_result() run time is 0.00 s.
2025-06-12 16:22:24,512 - DEBUG - try match with TemplateMatching
2025-06-12 16:22:24,596 - DEBUG - [Template] threshold=0.7, result={'result': (1857, 326), 'rectangle': ((1765, 258), (1765, 394), (1950, 394), (1950, 258)), 'confidence': 0.3704441785812378}
2025-06-12 16:22:24,598 - DEBUG - find_best_result() run time is 0.09 s.
2025-06-12 16:22:24,598 - DEBUG - try match with SIFTMatching
2025-06-12 16:22:25,092 - DEBUG - [SIFT] threshold=0.7, result={'result': (1871, 335), 'rectangle': [(1757, 252), (1757, 418), (1986, 418), (1986, 252)], 'confidence': 0.8864217102527618}
2025-06-12 16:22:25,093 - DEBUG - find_best_result() run time is 0.49 s.
2025-06-12 16:22:25,093 - DEBUG - match result: {'result': (1871, 335), 'rectangle': [(1757, 252), (1757, 418), (1986, 418), (1986, 252)], 'confidence': 0.8864217102527618, 'time': 0.49493932723999023}
2025-06-12 16:22:25,093 - DEBUG - E:\MuMu Player 12\shell\adb.exe -s emulator-5554 shell ls -l /data/local/tmp/rotationwatcher.jar
2025-06-12 16:22:25,206 - DEBUG - install_rotationwatcher skipped
2025-06-12 16:22:25,206 - DEBUG - E:\MuMu Player 12\shell\adb.exe -s emulator-5554 shell app_process -Djava.class.path=/data/local/tmp/rotationwatcher.jar /data/local/tmp com.example.rotationwatcher.Main
2025-06-12 16:22:25,382 - DEBUG - [rotation_server]b'0'
2025-06-12 16:22:26,255 - INFO - update orientation None->0
2025-06-12 16:22:26,255 - DEBUG - E:\MuMu Player 12\shell\adb.exe -s emulator-5554 shell wm size
2025-06-12 16:22:26,351 - DEBUG - E:\MuMu Player 12\shell\adb.exe -s emulator-5554 shell getprop ro.sf.lcd_density
2025-06-12 16:22:26,443 - DEBUG - E:\MuMu Player 12\shell\adb.exe -s emulator-5554 shell dumpsys SurfaceFlinger
2025-06-12 16:22:26,539 - DEBUG - E:\MuMu Player 12\shell\adb.exe -s emulator-5554 shell getevent -p
2025-06-12 16:22:26,802 - DEBUG - E:\MuMu Player 12\shell\adb.exe -s emulator-5554 shell input tap 1871 335
2025-06-12 16:22:28,360 - INFO - Try finding: Template(E:\AUTO\pythonProject\modules\function\QiuQIu\img\back.png)
2025-06-12 16:22:28,420 - DEBUG - try match with MultiScaleTemplateMatchingPre
2025-06-12 16:22:28,420 - DEBUG - find_best_result() run time is 0.00 s.
2025-06-12 16:22:28,420 - DEBUG - try match with TemplateMatching
2025-06-12 16:22:28,472 - DEBUG - [Template] threshold=0.7, result={'result': (2245, 60), 'rectangle': ((2203, 27), (2203, 93), (2287, 93), (2287, 27)), 'confidence': 0.49654504656791687}
2025-06-12 16:22:28,473 - DEBUG - find_best_result() run time is 0.05 s.
2025-06-12 16:22:28,473 - DEBUG - try match with SIFTMatching
2025-06-12 16:22:28,850 - DEBUG - [SIFT] threshold=0.7, result={'result': [170, 75], 'rectangle': [(115, 20), (115, 130), (224, 130), (224, 20)], 'confidence': 0.7737450897693634}
2025-06-12 16:22:28,851 - DEBUG - find_best_result() run time is 0.38 s.
2025-06-12 16:22:28,851 - DEBUG - match result: {'result': [170, 75], 'rectangle': [(115, 20), (115, 130), (224, 130), (224, 20)], 'confidence': 0.7737450897693634, 'time': 0.37851858139038086}
2025-06-12 16:22:28,852 - DEBUG - E:\MuMu Player 12\shell\adb.exe -s emulator-5554 shell input tap 170 75
2025-06-12 16:22:30,395 - INFO - Try finding: Template(E:\AUTO\pythonProject\modules\function\QiuQIu\img\qiuqiu_enter.png)
2025-06-12 16:22:30,459 - DEBUG - try match with MultiScaleTemplateMatchingPre
2025-06-12 16:22:30,459 - DEBUG - find_best_result() run time is 0.00 s.
2025-06-12 16:22:30,459 - DEBUG - try match with TemplateMatching
2025-06-12 16:22:30,510 - DEBUG - [Template] threshold=0.7, result={'result': (2048, 959), 'rectangle': ((1976, 919), (1976, 999), (2120, 999), (2120, 919)), 'confidence': 0.3303302526473999}
2025-06-12 16:22:30,511 - DEBUG - find_best_result() run time is 0.05 s.
2025-06-12 16:22:30,511 - DEBUG - try match with SIFTMatching
2025-06-12 16:22:30,980 - DEBUG - [SIFT] threshold=0.7, result={'result': (1548, 367), 'rectangle': [(1456, 318), (1456, 416), (1640, 416), (1640, 318)], 'confidence': 0.9713316559791565}
2025-06-12 16:22:30,980 - DEBUG - find_best_result() run time is 0.47 s.
2025-06-12 16:22:30,980 - DEBUG - match result: {'result': (1548, 367), 'rectangle': [(1456, 318), (1456, 416), (1640, 416), (1640, 318)], 'confidence': 0.9713316559791565, 'time': 0.4690115451812744}
2025-06-12 16:22:30,981 - DEBUG - E:\MuMu Player 12\shell\adb.exe -s emulator-5554 shell input tap 1548 367
2025-06-12 16:22:32,522 - INFO - Try finding: Template(E:\AUTO\pythonProject\modules\function\QiuQIu\img\back.png)
2025-06-12 16:22:32,582 - DEBUG - try match with MultiScaleTemplateMatchingPre
2025-06-12 16:22:32,583 - DEBUG - find_best_result() run time is 0.00 s.
2025-06-12 16:22:32,583 - DEBUG - try match with TemplateMatching
2025-06-12 16:22:32,634 - DEBUG - [Template] threshold=0.7, result={'result': (2245, 60), 'rectangle': ((2203, 27), (2203, 93), (2287, 93), (2287, 27)), 'confidence': 0.5064241290092468}
2025-06-12 16:22:32,635 - DEBUG - find_best_result() run time is 0.05 s.
2025-06-12 16:22:32,635 - DEBUG - try match with SIFTMatching
2025-06-12 16:22:33,010 - DEBUG - [SIFT] threshold=0.7, result={'result': (168, 73), 'rectangle': [(114, 30), (114, 116), (223, 116), (223, 30)], 'confidence': 0.9870051741600037}
2025-06-12 16:22:33,010 - DEBUG - find_best_result() run time is 0.37 s.
2025-06-12 16:22:33,011 - DEBUG - match result: {'result': (168, 73), 'rectangle': [(114, 30), (114, 116), (223, 116), (223, 30)], 'confidence': 0.9870051741600037, 'time': 0.3749544620513916}
2025-06-12 16:22:33,012 - DEBUG - E:\MuMu Player 12\shell\adb.exe -s emulator-5554 shell input tap 168 73
2025-06-12 16:22:35,776 - DEBUG - E:\MuMu Player 12\shell\adb.exe -s emulator-5554 forward --remove tcp:17123
2025-06-12 16:22:35,867 - DEBUG - E:\MuMu Player 12\shell\adb.exe -s emulator-5554 forward --remove tcp:18829
2025-06-12 16:22:35,967 - DEBUG - [javacap_sever]b''
2025-06-12 16:22:35,981 - DEBUG - [rotation_server]b''
2025-06-12 16:22:35,995 - DEBUG - [javacap_sever]b''
