2025-06-12 17:47:29,762 - DEBUG - E:\MuMu Player 12\shell\adb.exe -s emulator-5554 wait-for-device
2025-06-12 17:47:29,852 - DEBUG - E:\MuMu Player 12\shell\adb.exe -s emulator-5554 shell getprop ro.build.version.sdk
2025-06-12 17:47:32,975 - DEBUG - E:\MuMu Player 12\shell\adb.exe -s emulator-5554 shell dumpsys package com.netease.nie.yosemite
2025-06-12 17:47:33,082 - DEBUG - E:\MuMu Player 12\shell\adb.exe -s emulator-5554 forward --no-rebind tcp:16999 localabstract:javacap_16999
2025-06-12 17:47:33,170 - DEBUG - E:\MuMu Player 12\shell\adb.exe -s emulator-5554 shell pm path com.netease.nie.yosemite
2025-06-12 17:47:33,270 - DEBUG - E:\MuMu Player 12\shell\adb.exe -s emulator-5554 shell CLASSPATH=/data/app/com.netease.nie.yosemite-QDakP4cbYaOG9cISZ6t3_g==/base.apk exec app_process /system/bin com.netease.nie.yosemite.Capture --scale 100 --socket javacap_16999 -lazy 2>&1
2025-06-12 17:47:33,473 - DEBUG - [javacap_sever]b'Capture server listening on @javacap_16999'
2025-06-12 17:47:33,578 - DEBUG - (1, 3, 0, 2400, 1080, 0, 0, 0, 1)
2025-06-12 17:47:34,784 - DEBUG - E:\MuMu Player 12\shell\adb.exe -s emulator-5554 shell am force-stop com.neptune.domino
2025-06-12 17:47:34,890 - DEBUG - E:\MuMu Player 12\shell\adb.exe -s emulator-5554 shell monkey -p com.neptune.domino -c android.intent.category.LAUNCHER 1
2025-06-12 17:47:55,116 - DEBUG - E:\MuMu Player 12\shell\adb.exe -s emulator-5554 shell pidof com.neptune.domino
2025-06-12 17:47:56,323 - INFO - Try finding: Template(E:\AUTO\pythonProject\modules\commond\close\closeAllWindows\close1.png)
2025-06-12 17:47:56,386 - DEBUG - try match with MultiScaleTemplateMatchingPre
2025-06-12 17:47:56,386 - DEBUG - find_best_result() run time is 0.00 s.
2025-06-12 17:47:56,386 - DEBUG - try match with TemplateMatching
2025-06-12 17:47:56,437 - DEBUG - [Template] threshold=0.7, result={'result': (439, 775), 'rectangle': ((418, 754), (418, 797), (461, 797), (461, 754)), 'confidence': 0.5952809453010559}
2025-06-12 17:47:56,439 - DEBUG - find_best_result() run time is 0.05 s.
2025-06-12 17:47:56,439 - DEBUG - try match with SIFTMatching
2025-06-12 17:47:56,871 - DEBUG - find_best_result() run time is 0.43 s.
2025-06-12 17:47:56,871 - DEBUG - try match with BRISKMatching
2025-06-12 17:47:57,063 - DEBUG - 'Not enough feature points in input images !'
2025-06-12 17:47:57,070 - DEBUG - match result: None
2025-06-12 17:47:57,646 - DEBUG - try match with MultiScaleTemplateMatchingPre
2025-06-12 17:47:57,646 - DEBUG - find_best_result() run time is 0.00 s.
2025-06-12 17:47:57,646 - DEBUG - try match with TemplateMatching
2025-06-12 17:47:57,697 - DEBUG - [Template] threshold=0.7, result={'result': (439, 775), 'rectangle': ((418, 754), (418, 797), (461, 797), (461, 754)), 'confidence': 0.5952804684638977}
2025-06-12 17:47:57,699 - DEBUG - find_best_result() run time is 0.05 s.
2025-06-12 17:47:57,699 - DEBUG - try match with SIFTMatching
2025-06-12 17:47:58,130 - DEBUG - find_best_result() run time is 0.43 s.
2025-06-12 17:47:58,130 - DEBUG - try match with BRISKMatching
2025-06-12 17:47:58,323 - DEBUG - 'Not enough feature points in input images !'
2025-06-12 17:47:58,327 - DEBUG - match result: None
2025-06-12 17:47:58,896 - DEBUG - try match with MultiScaleTemplateMatchingPre
2025-06-12 17:47:58,896 - DEBUG - find_best_result() run time is 0.00 s.
2025-06-12 17:47:58,896 - DEBUG - try match with TemplateMatching
2025-06-12 17:47:58,946 - DEBUG - [Template] threshold=0.7, result={'result': (439, 775), 'rectangle': ((418, 754), (418, 797), (461, 797), (461, 754)), 'confidence': 0.5952799916267395}
2025-06-12 17:47:58,947 - DEBUG - find_best_result() run time is 0.05 s.
2025-06-12 17:47:58,947 - DEBUG - try match with SIFTMatching
2025-06-12 17:47:59,393 - DEBUG - find_best_result() run time is 0.45 s.
2025-06-12 17:47:59,393 - DEBUG - try match with BRISKMatching
2025-06-12 17:47:59,580 - DEBUG - 'Not enough feature points in input images !'
2025-06-12 17:47:59,586 - DEBUG - match result: None
2025-06-12 17:47:59,588 - INFO - Try finding: Template(E:\AUTO\pythonProject\modules\commond\close\closeAllWindows\close2.png)
2025-06-12 17:47:59,659 - DEBUG - try match with MultiScaleTemplateMatchingPre
2025-06-12 17:47:59,659 - DEBUG - find_best_result() run time is 0.00 s.
2025-06-12 17:47:59,659 - DEBUG - try match with TemplateMatching
2025-06-12 17:47:59,718 - DEBUG - [Template] threshold=0.7, result={'result': (428, 471), 'rectangle': ((403, 450), (403, 493), (453, 493), (453, 450)), 'confidence': 0.6235694289207458}
2025-06-12 17:47:59,719 - DEBUG - find_best_result() run time is 0.06 s.
2025-06-12 17:47:59,719 - DEBUG - try match with SIFTMatching
2025-06-12 17:48:00,151 - DEBUG - find_best_result() run time is 0.43 s.
2025-06-12 17:48:00,151 - DEBUG - try match with BRISKMatching
2025-06-12 17:48:00,336 - DEBUG - 'Not enough feature points in input images !'
2025-06-12 17:48:00,342 - DEBUG - match result: None
2025-06-12 17:48:00,913 - DEBUG - try match with MultiScaleTemplateMatchingPre
2025-06-12 17:48:00,913 - DEBUG - find_best_result() run time is 0.00 s.
2025-06-12 17:48:00,913 - DEBUG - try match with TemplateMatching
2025-06-12 17:48:00,963 - DEBUG - [Template] threshold=0.7, result={'result': (800, 696), 'rectangle': ((775, 675), (775, 718), (825, 718), (825, 675)), 'confidence': 0.5455228686332703}
2025-06-12 17:48:00,965 - DEBUG - find_best_result() run time is 0.05 s.
2025-06-12 17:48:00,965 - DEBUG - try match with SIFTMatching
2025-06-12 17:48:01,402 - DEBUG - find_best_result() run time is 0.44 s.
2025-06-12 17:48:01,403 - DEBUG - try match with BRISKMatching
2025-06-12 17:48:01,589 - DEBUG - 'Not enough feature points in input images !'
2025-06-12 17:48:01,594 - DEBUG - match result: None
2025-06-12 17:48:02,177 - DEBUG - try match with MultiScaleTemplateMatchingPre
2025-06-12 17:48:02,177 - DEBUG - find_best_result() run time is 0.00 s.
2025-06-12 17:48:02,177 - DEBUG - try match with TemplateMatching
2025-06-12 17:48:02,226 - DEBUG - [Template] threshold=0.7, result={'result': (426, 472), 'rectangle': ((401, 451), (401, 494), (451, 494), (451, 451)), 'confidence': 0.6362115740776062}
2025-06-12 17:48:02,232 - DEBUG - find_best_result() run time is 0.05 s.
2025-06-12 17:48:02,233 - DEBUG - try match with SIFTMatching
2025-06-12 17:48:02,804 - DEBUG - find_best_result() run time is 0.57 s.
2025-06-12 17:48:02,804 - DEBUG - try match with BRISKMatching
2025-06-12 17:48:03,090 - DEBUG - 'Not enough feature points in input images !'
2025-06-12 17:48:03,095 - DEBUG - match result: None
2025-06-12 17:48:03,096 - INFO - Try finding: Template(E:\AUTO\pythonProject\modules\commond\close\closeAllWindows\close3.png)
2025-06-12 17:48:03,169 - DEBUG - try match with MultiScaleTemplateMatchingPre
2025-06-12 17:48:03,170 - DEBUG - find_best_result() run time is 0.00 s.
2025-06-12 17:48:03,170 - DEBUG - try match with TemplateMatching
2025-06-12 17:48:03,253 - DEBUG - [Template] threshold=0.7, result={'result': (347, 96), 'rectangle': ((314, 70), (314, 122), (380, 122), (380, 70)), 'confidence': 0.58292555809021}
2025-06-12 17:48:03,254 - DEBUG - find_best_result() run time is 0.08 s.
2025-06-12 17:48:03,255 - DEBUG - try match with SIFTMatching
2025-06-12 17:48:03,736 - DEBUG - find_best_result() run time is 0.48 s.
2025-06-12 17:48:03,736 - DEBUG - try match with BRISKMatching
2025-06-12 17:48:03,932 - DEBUG - 'Not enough feature points in input images !'
2025-06-12 17:48:03,936 - DEBUG - match result: None
2025-06-12 17:48:04,506 - DEBUG - try match with MultiScaleTemplateMatchingPre
2025-06-12 17:48:04,506 - DEBUG - find_best_result() run time is 0.00 s.
2025-06-12 17:48:04,506 - DEBUG - try match with TemplateMatching
2025-06-12 17:48:04,559 - DEBUG - [Template] threshold=0.7, result={'result': (346, 96), 'rectangle': ((313, 70), (313, 122), (379, 122), (379, 70)), 'confidence': 0.586995542049408}
2025-06-12 17:48:04,560 - DEBUG - find_best_result() run time is 0.05 s.
2025-06-12 17:48:04,560 - DEBUG - try match with SIFTMatching
2025-06-12 17:48:05,016 - DEBUG - find_best_result() run time is 0.46 s.
2025-06-12 17:48:05,017 - DEBUG - try match with BRISKMatching
2025-06-12 17:48:05,211 - DEBUG - 'Not enough feature points in input images !'
2025-06-12 17:48:05,216 - DEBUG - match result: None
2025-06-12 17:48:05,781 - DEBUG - try match with MultiScaleTemplateMatchingPre
2025-06-12 17:48:05,782 - DEBUG - find_best_result() run time is 0.00 s.
2025-06-12 17:48:05,782 - DEBUG - try match with TemplateMatching
2025-06-12 17:48:05,836 - DEBUG - [Template] threshold=0.7, result={'result': (347, 96), 'rectangle': ((314, 70), (314, 122), (380, 122), (380, 70)), 'confidence': 0.5835546255111694}
2025-06-12 17:48:05,837 - DEBUG - find_best_result() run time is 0.05 s.
2025-06-12 17:48:05,837 - DEBUG - try match with SIFTMatching
2025-06-12 17:48:06,278 - DEBUG - find_best_result() run time is 0.44 s.
2025-06-12 17:48:06,278 - DEBUG - try match with BRISKMatching
2025-06-12 17:48:06,471 - DEBUG - 'Not enough feature points in input images !'
2025-06-12 17:48:06,476 - DEBUG - match result: None
2025-06-12 17:48:07,570 - INFO - Try finding: Template(E:\AUTO\pythonProject\modules\function\login\img\main_view.png)
2025-06-12 17:48:07,639 - DEBUG - try match with MultiScaleTemplateMatchingPre
2025-06-12 17:48:07,639 - DEBUG - find_best_result() run time is 0.00 s.
2025-06-12 17:48:07,639 - DEBUG - try match with TemplateMatching
2025-06-12 17:48:07,694 - DEBUG - [Template] threshold=0.7, result={'result': (1155, 977), 'rectangle': ((670, 914), (670, 1040), (1640, 1040), (1640, 914)), 'confidence': 0.32359954714775085}
2025-06-12 17:48:07,695 - DEBUG - find_best_result() run time is 0.06 s.
2025-06-12 17:48:07,695 - DEBUG - try match with SIFTMatching
2025-06-12 17:48:08,509 - DEBUG - [SIFT] threshold=0.7, result={'result': (1090, 988), 'rectangle': [(464, 908), (464, 1069), (1717, 1069), (1717, 908)], 'confidence': 0.9937519133090973}
2025-06-12 17:48:08,510 - DEBUG - find_best_result() run time is 0.81 s.
2025-06-12 17:48:08,510 - DEBUG - match result: {'result': (1090, 988), 'rectangle': [(464, 908), (464, 1069), (1717, 1069), (1717, 908)], 'confidence': 0.9937519133090973, 'time': 0.8148114681243896}
2025-06-12 17:48:08,688 - DEBUG - E:\MuMu Player 12\shell\adb.exe -s emulator-5554 wait-for-device
2025-06-12 17:48:08,804 - DEBUG - E:\MuMu Player 12\shell\adb.exe -s emulator-5554 shell getprop ro.build.version.sdk
2025-06-12 17:48:08,905 - WARNING - Device:emulator-5554 updated <airtest.core.android.android.Android object at 0x000002902D799B20> -> <airtest.core.android.android.Android object at 0x000002902DE24FD0>
2025-06-12 17:48:11,932 - DEBUG - E:\MuMu Player 12\shell\adb.exe -s emulator-5554 shell dumpsys package com.netease.nie.yosemite
2025-06-12 17:48:12,044 - DEBUG - E:\MuMu Player 12\shell\adb.exe -s emulator-5554 forward --no-rebind tcp:18812 localabstract:javacap_18812
2025-06-12 17:48:12,138 - DEBUG - E:\MuMu Player 12\shell\adb.exe -s emulator-5554 shell pm path com.netease.nie.yosemite
2025-06-12 17:48:12,238 - DEBUG - E:\MuMu Player 12\shell\adb.exe -s emulator-5554 shell CLASSPATH=/data/app/com.netease.nie.yosemite-QDakP4cbYaOG9cISZ6t3_g==/base.apk exec app_process /system/bin com.netease.nie.yosemite.Capture --scale 100 --socket javacap_18812 -lazy 2>&1
2025-06-12 17:48:12,433 - DEBUG - [javacap_sever]b'Capture server listening on @javacap_18812'
2025-06-12 17:48:12,530 - DEBUG - (1, 3, 0, 2400, 1080, 0, 0, 0, 1)
2025-06-12 17:48:12,669 - INFO - Try finding: Template(E:\AUTO\pythonProject\modules\function\Remi\img\remi_enter.png)
2025-06-12 17:48:12,745 - DEBUG - try match with MultiScaleTemplateMatchingPre
2025-06-12 17:48:12,745 - DEBUG - find_best_result() run time is 0.00 s.
2025-06-12 17:48:12,745 - DEBUG - try match with TemplateMatching
2025-06-12 17:48:12,807 - DEBUG - [Template] threshold=0.7, result={'result': (547, 458), 'rectangle': ((455, 390), (455, 526), (640, 526), (640, 390)), 'confidence': 0.27782657742500305}
2025-06-12 17:48:12,808 - DEBUG - find_best_result() run time is 0.06 s.
2025-06-12 17:48:12,808 - DEBUG - try match with SIFTMatching
2025-06-12 17:48:13,224 - DEBUG - find_best_result() run time is 0.42 s.
2025-06-12 17:48:13,225 - DEBUG - try match with BRISKMatching
2025-06-12 17:48:13,316 - DEBUG - find_best_result() run time is 0.09 s.
2025-06-12 17:48:13,321 - DEBUG - match result: None
2025-06-12 17:48:13,887 - DEBUG - try match with MultiScaleTemplateMatchingPre
2025-06-12 17:48:13,887 - DEBUG - find_best_result() run time is 0.00 s.
2025-06-12 17:48:13,887 - DEBUG - try match with TemplateMatching
2025-06-12 17:48:13,948 - DEBUG - [Template] threshold=0.7, result={'result': (547, 458), 'rectangle': ((455, 390), (455, 526), (640, 526), (640, 390)), 'confidence': 0.27782657742500305}
2025-06-12 17:48:13,950 - DEBUG - find_best_result() run time is 0.06 s.
2025-06-12 17:48:13,950 - DEBUG - try match with SIFTMatching
2025-06-12 17:48:14,378 - DEBUG - find_best_result() run time is 0.43 s.
2025-06-12 17:48:14,378 - DEBUG - try match with BRISKMatching
2025-06-12 17:48:14,471 - DEBUG - find_best_result() run time is 0.09 s.
2025-06-12 17:48:14,475 - DEBUG - match result: None
2025-06-12 17:48:15,037 - DEBUG - try match with MultiScaleTemplateMatchingPre
2025-06-12 17:48:15,038 - DEBUG - find_best_result() run time is 0.00 s.
2025-06-12 17:48:15,038 - DEBUG - try match with TemplateMatching
2025-06-12 17:48:15,097 - DEBUG - [Template] threshold=0.7, result={'result': (547, 458), 'rectangle': ((455, 390), (455, 526), (640, 526), (640, 390)), 'confidence': 0.27782657742500305}
2025-06-12 17:48:15,099 - DEBUG - find_best_result() run time is 0.06 s.
2025-06-12 17:48:15,099 - DEBUG - try match with SIFTMatching
2025-06-12 17:48:15,521 - DEBUG - find_best_result() run time is 0.42 s.
2025-06-12 17:48:15,521 - DEBUG - try match with BRISKMatching
2025-06-12 17:48:15,613 - DEBUG - find_best_result() run time is 0.09 s.
2025-06-12 17:48:15,619 - DEBUG - match result: None
2025-06-12 17:48:16,197 - DEBUG - try match with MultiScaleTemplateMatchingPre
2025-06-12 17:48:16,197 - DEBUG - find_best_result() run time is 0.00 s.
2025-06-12 17:48:16,197 - DEBUG - try match with TemplateMatching
2025-06-12 17:48:16,259 - DEBUG - [Template] threshold=0.7, result={'result': (547, 458), 'rectangle': ((455, 390), (455, 526), (640, 526), (640, 390)), 'confidence': 0.27782657742500305}
2025-06-12 17:48:16,260 - DEBUG - find_best_result() run time is 0.06 s.
2025-06-12 17:48:16,260 - DEBUG - try match with SIFTMatching
2025-06-12 17:48:16,675 - DEBUG - find_best_result() run time is 0.42 s.
2025-06-12 17:48:16,675 - DEBUG - try match with BRISKMatching
2025-06-12 17:48:16,770 - DEBUG - find_best_result() run time is 0.10 s.
2025-06-12 17:48:16,776 - DEBUG - match result: None
2025-06-12 17:48:18,012 - INFO - Try finding: Template(E:\AUTO\pythonProject\modules\function\QiuQIu\img\back.png)
2025-06-12 17:48:18,093 - DEBUG - try match with MultiScaleTemplateMatchingPre
2025-06-12 17:48:18,093 - DEBUG - find_best_result() run time is 0.00 s.
2025-06-12 17:48:18,093 - DEBUG - try match with TemplateMatching
2025-06-12 17:48:18,168 - DEBUG - [Template] threshold=0.7, result={'result': (2245, 60), 'rectangle': ((2203, 27), (2203, 93), (2287, 93), (2287, 27)), 'confidence': 0.49654272198677063}
2025-06-12 17:48:18,170 - DEBUG - find_best_result() run time is 0.08 s.
2025-06-12 17:48:18,170 - DEBUG - try match with SIFTMatching
2025-06-12 17:48:18,624 - DEBUG - [SIFT] threshold=0.7, result={'result': [170, 75], 'rectangle': [(115, 20), (115, 130), (224, 130), (224, 20)], 'confidence': 0.7737450897693634}
2025-06-12 17:48:18,624 - DEBUG - find_best_result() run time is 0.45 s.
2025-06-12 17:48:18,624 - DEBUG - match result: {'result': [170, 75], 'rectangle': [(115, 20), (115, 130), (224, 130), (224, 20)], 'confidence': 0.7737450897693634, 'time': 0.45455098152160645}
2025-06-12 17:48:18,625 - DEBUG - E:\MuMu Player 12\shell\adb.exe -s emulator-5554 shell ls -l /data/local/tmp/rotationwatcher.jar
2025-06-12 17:48:18,733 - DEBUG - install_rotationwatcher skipped
2025-06-12 17:48:18,733 - DEBUG - E:\MuMu Player 12\shell\adb.exe -s emulator-5554 shell app_process -Djava.class.path=/data/local/tmp/rotationwatcher.jar /data/local/tmp com.example.rotationwatcher.Main
2025-06-12 17:48:18,907 - DEBUG - [rotation_server]b'0'
2025-06-12 17:48:19,780 - INFO - update orientation None->0
2025-06-12 17:48:19,780 - DEBUG - E:\MuMu Player 12\shell\adb.exe -s emulator-5554 shell wm size
2025-06-12 17:48:19,883 - DEBUG - E:\MuMu Player 12\shell\adb.exe -s emulator-5554 shell getprop ro.sf.lcd_density
2025-06-12 17:48:19,977 - DEBUG - E:\MuMu Player 12\shell\adb.exe -s emulator-5554 shell dumpsys SurfaceFlinger
2025-06-12 17:48:20,080 - DEBUG - E:\MuMu Player 12\shell\adb.exe -s emulator-5554 shell getevent -p
2025-06-12 17:48:20,371 - DEBUG - E:\MuMu Player 12\shell\adb.exe -s emulator-5554 shell input tap 170 75
2025-06-12 17:48:21,914 - INFO - Try finding: Template(E:\AUTO\pythonProject\modules\function\QiuQIu\img\qiuqiu_enter.png)
2025-06-12 17:48:21,999 - DEBUG - try match with MultiScaleTemplateMatchingPre
2025-06-12 17:48:21,999 - DEBUG - find_best_result() run time is 0.00 s.
2025-06-12 17:48:21,999 - DEBUG - try match with TemplateMatching
2025-06-12 17:48:22,052 - DEBUG - [Template] threshold=0.7, result={'result': (2048, 959), 'rectangle': ((1976, 919), (1976, 999), (2120, 999), (2120, 919)), 'confidence': 0.3310283124446869}
2025-06-12 17:48:22,052 - DEBUG - find_best_result() run time is 0.05 s.
2025-06-12 17:48:22,052 - DEBUG - try match with SIFTMatching
2025-06-12 17:48:22,532 - DEBUG - [SIFT] threshold=0.7, result={'result': (1548, 367), 'rectangle': [(1456, 319), (1456, 416), (1641, 416), (1641, 319)], 'confidence': 0.9716937243938446}
2025-06-12 17:48:22,533 - DEBUG - find_best_result() run time is 0.48 s.
2025-06-12 17:48:22,533 - DEBUG - match result: {'result': (1548, 367), 'rectangle': [(1456, 319), (1456, 416), (1641, 416), (1641, 319)], 'confidence': 0.9716937243938446, 'time': 0.4796257019042969}
2025-06-12 17:48:22,534 - DEBUG - E:\MuMu Player 12\shell\adb.exe -s emulator-5554 shell input tap 1548 367
2025-06-12 17:48:24,075 - INFO - Try finding: Template(E:\AUTO\pythonProject\modules\function\QiuQIu\img\back.png)
2025-06-12 17:48:24,135 - DEBUG - try match with MultiScaleTemplateMatchingPre
2025-06-12 17:48:24,135 - DEBUG - find_best_result() run time is 0.00 s.
2025-06-12 17:48:24,135 - DEBUG - try match with TemplateMatching
2025-06-12 17:48:24,185 - DEBUG - [Template] threshold=0.7, result={'result': (2245, 60), 'rectangle': ((2203, 27), (2203, 93), (2287, 93), (2287, 27)), 'confidence': 0.5064241290092468}
2025-06-12 17:48:24,186 - DEBUG - find_best_result() run time is 0.05 s.
2025-06-12 17:48:24,186 - DEBUG - try match with SIFTMatching
2025-06-12 17:48:24,576 - DEBUG - [SIFT] threshold=0.7, result={'result': (168, 73), 'rectangle': [(114, 30), (114, 116), (223, 116), (223, 30)], 'confidence': 0.9870051741600037}
2025-06-12 17:48:24,576 - DEBUG - find_best_result() run time is 0.39 s.
2025-06-12 17:48:24,576 - DEBUG - match result: {'result': (168, 73), 'rectangle': [(114, 30), (114, 116), (223, 116), (223, 30)], 'confidence': 0.9870051741600037, 'time': 0.3900330066680908}
2025-06-12 17:48:24,577 - DEBUG - E:\MuMu Player 12\shell\adb.exe -s emulator-5554 shell input tap 168 73
2025-06-12 17:48:27,275 - DEBUG - E:\MuMu Player 12\shell\adb.exe -s emulator-5554 forward --remove tcp:16999
2025-06-12 17:48:27,383 - DEBUG - E:\MuMu Player 12\shell\adb.exe -s emulator-5554 forward --remove tcp:18812
2025-06-12 17:48:27,491 - DEBUG - [javacap_sever]b''
2025-06-12 17:48:27,504 - DEBUG - [rotation_server]b''
2025-06-12 17:48:27,517 - DEBUG - [javacap_sever]b''
