2025-06-17 10:06:53,109 - DEBUG - E:\MuMu Player 12\shell\adb.exe -s emulator-5554 wait-for-device
2025-06-17 10:06:53,210 - DEBUG - E:\MuMu Player 12\shell\adb.exe -s emulator-5554 shell getprop ro.build.version.sdk
2025-06-17 10:06:56,357 - DEBUG - E:\MuMu Player 12\shell\adb.exe -s emulator-5554 shell dumpsys package com.netease.nie.yosemite
2025-06-17 10:06:56,488 - DEBUG - E:\MuMu Player 12\shell\adb.exe -s emulator-5554 forward --no-rebind tcp:14444 localabstract:javacap_14444
2025-06-17 10:06:56,584 - DEBUG - E:\MuMu Player 12\shell\adb.exe -s emulator-5554 shell pm path com.netease.nie.yosemite
2025-06-17 10:06:56,689 - DEBUG - E:\MuMu Player 12\shell\adb.exe -s emulator-5554 shell CLASSPATH=/data/app/com.netease.nie.yosemite-QDakP4cbYaOG9cISZ6t3_g==/base.apk exec app_process /system/bin com.netease.nie.yosemite.Capture --scale 100 --socket javacap_14444 -lazy 2>&1
2025-06-17 10:06:56,919 - DEBUG - [javacap_sever]b'Capture server listening on @javacap_14444'
2025-06-17 10:06:57,033 - DEBUG - (1, 3, 0, 2400, 1080, 0, 0, 0, 1)
2025-06-17 10:06:58,267 - DEBUG - E:\MuMu Player 12\shell\adb.exe -s emulator-5554 shell am force-stop com.neptune.domino
2025-06-17 10:06:58,417 - DEBUG - E:\MuMu Player 12\shell\adb.exe -s emulator-5554 shell monkey -p com.neptune.domino -c android.intent.category.LAUNCHER 1
2025-06-17 10:07:18,674 - DEBUG - E:\MuMu Player 12\shell\adb.exe -s emulator-5554 shell pidof com.neptune.domino
2025-06-17 10:07:19,885 - INFO - Try finding: Template(E:\AUTO\pythonProject\modules\commond\close\closeAllWindows\close1.png)
2025-06-17 10:07:19,951 - DEBUG - try match with MultiScaleTemplateMatchingPre
2025-06-17 10:07:19,951 - DEBUG - find_best_result() run time is 0.00 s.
2025-06-17 10:07:19,951 - DEBUG - try match with TemplateMatching
2025-06-17 10:07:20,006 - DEBUG - [Template] threshold=0.7, result={'result': (2185, 90), 'rectangle': ((2164, 69), (2164, 112), (2207, 112), (2207, 69)), 'confidence': 0.6970329284667969}
2025-06-17 10:07:20,007 - DEBUG - find_best_result() run time is 0.06 s.
2025-06-17 10:07:20,007 - DEBUG - try match with SIFTMatching
2025-06-17 10:07:20,493 - DEBUG - [SIFT] threshold=0.7, result={'result': [2186, 92], 'rectangle': [(2158, 59), (2158, 124), (2213, 124), (2213, 59)], 'confidence': 0.9164214134216309}
2025-06-17 10:07:20,493 - DEBUG - find_best_result() run time is 0.49 s.
2025-06-17 10:07:20,493 - DEBUG - match result: {'result': [2186, 92], 'rectangle': [(2158, 59), (2158, 124), (2213, 124), (2213, 59)], 'confidence': 0.9164214134216309, 'time': 0.48590683937072754}
2025-06-17 10:07:20,494 - INFO - Try finding: Template(E:\AUTO\pythonProject\modules\commond\close\closeAllWindows\close1.png)
2025-06-17 10:07:20,560 - DEBUG - try match with MultiScaleTemplateMatchingPre
2025-06-17 10:07:20,560 - DEBUG - find_best_result() run time is 0.00 s.
2025-06-17 10:07:20,561 - DEBUG - try match with TemplateMatching
2025-06-17 10:07:20,614 - DEBUG - [Template] threshold=0.7, result={'result': (2185, 90), 'rectangle': ((2164, 69), (2164, 112), (2207, 112), (2207, 69)), 'confidence': 0.6970333456993103}
2025-06-17 10:07:20,615 - DEBUG - find_best_result() run time is 0.05 s.
2025-06-17 10:07:20,615 - DEBUG - try match with SIFTMatching
2025-06-17 10:07:21,082 - DEBUG - [SIFT] threshold=0.7, result={'result': [2186, 92], 'rectangle': [(2158, 59), (2158, 124), (2213, 124), (2213, 59)], 'confidence': 0.9164214134216309}
2025-06-17 10:07:21,082 - DEBUG - find_best_result() run time is 0.47 s.
2025-06-17 10:07:21,082 - DEBUG - match result: {'result': [2186, 92], 'rectangle': [(2158, 59), (2158, 124), (2213, 124), (2213, 59)], 'confidence': 0.9164214134216309, 'time': 0.46747589111328125}
2025-06-17 10:07:21,083 - DEBUG - E:\MuMu Player 12\shell\adb.exe -s emulator-5554 shell ls -l /data/local/tmp/rotationwatcher.jar
2025-06-17 10:07:21,193 - DEBUG - install_rotationwatcher skipped
2025-06-17 10:07:21,193 - DEBUG - E:\MuMu Player 12\shell\adb.exe -s emulator-5554 shell app_process -Djava.class.path=/data/local/tmp/rotationwatcher.jar /data/local/tmp com.example.rotationwatcher.Main
2025-06-17 10:07:21,449 - DEBUG - [rotation_server]b'0'
2025-06-17 10:07:22,248 - INFO - update orientation None->0
2025-06-17 10:07:22,248 - DEBUG - E:\MuMu Player 12\shell\adb.exe -s emulator-5554 shell wm size
2025-06-17 10:07:22,354 - DEBUG - E:\MuMu Player 12\shell\adb.exe -s emulator-5554 shell getprop ro.sf.lcd_density
2025-06-17 10:07:22,457 - DEBUG - E:\MuMu Player 12\shell\adb.exe -s emulator-5554 shell dumpsys SurfaceFlinger
2025-06-17 10:07:22,565 - DEBUG - E:\MuMu Player 12\shell\adb.exe -s emulator-5554 shell getevent -p
2025-06-17 10:07:22,896 - DEBUG - E:\MuMu Player 12\shell\adb.exe -s emulator-5554 shell input tap 2186 92
2025-06-17 10:07:23,369 - INFO - Try finding: Template(E:\AUTO\pythonProject\modules\commond\close\closeAllWindows\close2.png)
2025-06-17 10:07:23,427 - DEBUG - try match with MultiScaleTemplateMatchingPre
2025-06-17 10:07:23,427 - DEBUG - find_best_result() run time is 0.00 s.
2025-06-17 10:07:23,427 - DEBUG - try match with TemplateMatching
2025-06-17 10:07:23,477 - DEBUG - [Template] threshold=0.7, result={'result': (2186, 89), 'rectangle': ((2161, 68), (2161, 111), (2211, 111), (2211, 68)), 'confidence': 0.9605836868286133}
2025-06-17 10:07:23,477 - DEBUG - find_best_result() run time is 0.05 s.
2025-06-17 10:07:23,477 - DEBUG - match result: {'result': (2186, 89), 'rectangle': ((2161, 68), (2161, 111), (2211, 111), (2211, 68)), 'confidence': 0.9605836868286133, 'time': 0.0507657527923584}
2025-06-17 10:07:23,478 - INFO - Try finding: Template(E:\AUTO\pythonProject\modules\commond\close\closeAllWindows\close2.png)
2025-06-17 10:07:23,544 - DEBUG - try match with MultiScaleTemplateMatchingPre
2025-06-17 10:07:23,544 - DEBUG - find_best_result() run time is 0.00 s.
2025-06-17 10:07:23,544 - DEBUG - try match with TemplateMatching
2025-06-17 10:07:23,601 - DEBUG - [Template] threshold=0.7, result={'result': (2186, 89), 'rectangle': ((2161, 68), (2161, 111), (2211, 111), (2211, 68)), 'confidence': 0.9599430561065674}
2025-06-17 10:07:23,604 - DEBUG - find_best_result() run time is 0.06 s.
2025-06-17 10:07:23,604 - DEBUG - match result: {'result': (2186, 89), 'rectangle': ((2161, 68), (2161, 111), (2211, 111), (2211, 68)), 'confidence': 0.9599430561065674, 'time': 0.06047677993774414}
2025-06-17 10:07:23,606 - DEBUG - E:\MuMu Player 12\shell\adb.exe -s emulator-5554 shell input tap 2186 89
2025-06-17 10:07:24,064 - INFO - Try finding: Template(E:\AUTO\pythonProject\modules\commond\close\closeAllWindows\close3.png)
2025-06-17 10:07:24,142 - DEBUG - try match with MultiScaleTemplateMatchingPre
2025-06-17 10:07:24,143 - DEBUG - find_best_result() run time is 0.00 s.
2025-06-17 10:07:24,143 - DEBUG - try match with TemplateMatching
2025-06-17 10:07:24,200 - DEBUG - [Template] threshold=0.7, result={'result': (1119, 690), 'rectangle': ((1086, 664), (1086, 716), (1152, 716), (1152, 664)), 'confidence': 0.5880004167556763}
2025-06-17 10:07:24,202 - DEBUG - find_best_result() run time is 0.06 s.
2025-06-17 10:07:24,202 - DEBUG - try match with SIFTMatching
2025-06-17 10:07:24,689 - DEBUG - find_best_result() run time is 0.49 s.
2025-06-17 10:07:24,690 - DEBUG - try match with BRISKMatching
2025-06-17 10:07:24,800 - DEBUG - 'Not enough feature points in input images !'
2025-06-17 10:07:24,803 - DEBUG - match result: None
2025-06-17 10:07:25,366 - DEBUG - try match with MultiScaleTemplateMatchingPre
2025-06-17 10:07:25,366 - DEBUG - find_best_result() run time is 0.00 s.
2025-06-17 10:07:25,366 - DEBUG - try match with TemplateMatching
2025-06-17 10:07:25,418 - DEBUG - [Template] threshold=0.7, result={'result': (1119, 690), 'rectangle': ((1086, 664), (1086, 716), (1152, 716), (1152, 664)), 'confidence': 0.5880019068717957}
2025-06-17 10:07:25,419 - DEBUG - find_best_result() run time is 0.05 s.
2025-06-17 10:07:25,420 - DEBUG - try match with SIFTMatching
2025-06-17 10:07:25,843 - DEBUG - find_best_result() run time is 0.42 s.
2025-06-17 10:07:25,844 - DEBUG - try match with BRISKMatching
2025-06-17 10:07:25,954 - DEBUG - 'Not enough feature points in input images !'
2025-06-17 10:07:25,957 - DEBUG - match result: None
2025-06-17 10:07:26,521 - DEBUG - try match with MultiScaleTemplateMatchingPre
2025-06-17 10:07:26,522 - DEBUG - find_best_result() run time is 0.00 s.
2025-06-17 10:07:26,522 - DEBUG - try match with TemplateMatching
2025-06-17 10:07:26,573 - DEBUG - [Template] threshold=0.7, result={'result': (1119, 690), 'rectangle': ((1086, 664), (1086, 716), (1152, 716), (1152, 664)), 'confidence': 0.5881476402282715}
2025-06-17 10:07:26,574 - DEBUG - find_best_result() run time is 0.05 s.
2025-06-17 10:07:26,574 - DEBUG - try match with SIFTMatching
2025-06-17 10:07:27,005 - DEBUG - find_best_result() run time is 0.43 s.
2025-06-17 10:07:27,005 - DEBUG - try match with BRISKMatching
2025-06-17 10:07:27,117 - DEBUG - 'Not enough feature points in input images !'
2025-06-17 10:07:27,121 - DEBUG - match result: None
2025-06-17 10:07:27,122 - INFO - Try finding: Template(E:\AUTO\pythonProject\modules\commond\close\closeAllWindows\close1.png)
2025-06-17 10:07:27,197 - DEBUG - try match with MultiScaleTemplateMatchingPre
2025-06-17 10:07:27,197 - DEBUG - find_best_result() run time is 0.00 s.
2025-06-17 10:07:27,197 - DEBUG - try match with TemplateMatching
2025-06-17 10:07:27,280 - DEBUG - [Template] threshold=0.7, result={'result': (1119, 692), 'rectangle': ((1098, 671), (1098, 714), (1141, 714), (1141, 671)), 'confidence': 0.6560803055763245}
2025-06-17 10:07:27,282 - DEBUG - find_best_result() run time is 0.08 s.
2025-06-17 10:07:27,282 - DEBUG - try match with SIFTMatching
2025-06-17 10:07:27,709 - DEBUG - [SIFT] threshold=0.7, result={'result': [2069, 118], 'rectangle': [(2034, 79), (2034, 156), (2103, 156), (2103, 79)], 'confidence': 0.8888806402683258}
2025-06-17 10:07:27,709 - DEBUG - find_best_result() run time is 0.43 s.
2025-06-17 10:07:27,710 - DEBUG - match result: {'result': [2069, 118], 'rectangle': [(2034, 79), (2034, 156), (2103, 156), (2103, 79)], 'confidence': 0.8888806402683258, 'time': 0.4276132583618164}
2025-06-17 10:07:27,710 - INFO - Try finding: Template(E:\AUTO\pythonProject\modules\commond\close\closeAllWindows\close1.png)
2025-06-17 10:07:27,779 - DEBUG - try match with MultiScaleTemplateMatchingPre
2025-06-17 10:07:27,779 - DEBUG - find_best_result() run time is 0.00 s.
2025-06-17 10:07:27,779 - DEBUG - try match with TemplateMatching
2025-06-17 10:07:27,834 - DEBUG - [Template] threshold=0.7, result={'result': (1119, 692), 'rectangle': ((1098, 671), (1098, 714), (1141, 714), (1141, 671)), 'confidence': 0.6561071276664734}
2025-06-17 10:07:27,835 - DEBUG - find_best_result() run time is 0.06 s.
2025-06-17 10:07:27,835 - DEBUG - try match with SIFTMatching
2025-06-17 10:07:28,309 - DEBUG - find_best_result() run time is 0.47 s.
2025-06-17 10:07:28,309 - DEBUG - try match with BRISKMatching
2025-06-17 10:07:28,421 - DEBUG - 'Not enough feature points in input images !'
2025-06-17 10:07:28,424 - DEBUG - match result: None
2025-06-17 10:07:28,992 - DEBUG - try match with MultiScaleTemplateMatchingPre
2025-06-17 10:07:28,992 - DEBUG - find_best_result() run time is 0.00 s.
2025-06-17 10:07:28,992 - DEBUG - try match with TemplateMatching
2025-06-17 10:07:29,046 - DEBUG - [Template] threshold=0.7, result={'result': (1119, 692), 'rectangle': ((1098, 671), (1098, 714), (1141, 714), (1141, 671)), 'confidence': 0.6559965014457703}
2025-06-17 10:07:29,047 - DEBUG - find_best_result() run time is 0.05 s.
2025-06-17 10:07:29,047 - DEBUG - try match with SIFTMatching
2025-06-17 10:07:29,507 - DEBUG - find_best_result() run time is 0.46 s.
2025-06-17 10:07:29,508 - DEBUG - try match with BRISKMatching
2025-06-17 10:07:29,619 - DEBUG - 'Not enough feature points in input images !'
2025-06-17 10:07:29,623 - DEBUG - match result: None
2025-06-17 10:07:30,190 - DEBUG - try match with MultiScaleTemplateMatchingPre
2025-06-17 10:07:30,190 - DEBUG - find_best_result() run time is 0.00 s.
2025-06-17 10:07:30,190 - DEBUG - try match with TemplateMatching
2025-06-17 10:07:30,253 - DEBUG - [Template] threshold=0.7, result={'result': (1119, 692), 'rectangle': ((1098, 671), (1098, 714), (1141, 714), (1141, 671)), 'confidence': 0.6561071276664734}
2025-06-17 10:07:30,255 - DEBUG - find_best_result() run time is 0.07 s.
2025-06-17 10:07:30,255 - DEBUG - try match with SIFTMatching
2025-06-17 10:07:30,686 - DEBUG - find_best_result() run time is 0.43 s.
2025-06-17 10:07:30,686 - DEBUG - try match with BRISKMatching
2025-06-17 10:07:30,798 - DEBUG - 'Not enough feature points in input images !'
2025-06-17 10:07:30,801 - DEBUG - match result: None
2025-06-17 10:07:31,377 - DEBUG - try match with MultiScaleTemplateMatchingPre
2025-06-17 10:07:31,377 - DEBUG - find_best_result() run time is 0.00 s.
2025-06-17 10:07:31,377 - DEBUG - try match with TemplateMatching
2025-06-17 10:07:31,428 - DEBUG - [Template] threshold=0.7, result={'result': (1119, 692), 'rectangle': ((1098, 671), (1098, 714), (1141, 714), (1141, 671)), 'confidence': 0.6561071276664734}
2025-06-17 10:07:31,429 - DEBUG - find_best_result() run time is 0.05 s.
2025-06-17 10:07:31,429 - DEBUG - try match with SIFTMatching
2025-06-17 10:07:31,867 - DEBUG - find_best_result() run time is 0.44 s.
2025-06-17 10:07:31,868 - DEBUG - try match with BRISKMatching
2025-06-17 10:07:31,980 - DEBUG - 'Not enough feature points in input images !'
2025-06-17 10:07:31,983 - DEBUG - match result: None
2025-06-17 10:07:32,563 - DEBUG - try match with MultiScaleTemplateMatchingPre
2025-06-17 10:07:32,563 - DEBUG - find_best_result() run time is 0.00 s.
2025-06-17 10:07:32,563 - DEBUG - try match with TemplateMatching
2025-06-17 10:07:32,612 - DEBUG - [Template] threshold=0.7, result={'result': (1119, 692), 'rectangle': ((1098, 671), (1098, 714), (1141, 714), (1141, 671)), 'confidence': 0.6559965014457703}
2025-06-17 10:07:32,613 - DEBUG - find_best_result() run time is 0.05 s.
2025-06-17 10:07:32,613 - DEBUG - try match with SIFTMatching
2025-06-17 10:07:33,033 - DEBUG - [SIFT] threshold=0.7, result={'result': [2069, 118], 'rectangle': [(2034, 79), (2034, 156), (2103, 156), (2103, 79)], 'confidence': 0.8895052671432495}
2025-06-17 10:07:33,033 - DEBUG - find_best_result() run time is 0.42 s.
2025-06-17 10:07:33,033 - DEBUG - match result: {'result': [2069, 118], 'rectangle': [(2034, 79), (2034, 156), (2103, 156), (2103, 79)], 'confidence': 0.8895052671432495, 'time': 0.41945552825927734}
2025-06-17 10:07:33,033 - DEBUG - E:\MuMu Player 12\shell\adb.exe -s emulator-5554 shell input tap 2069 118
2025-06-17 10:07:33,513 - INFO - Try finding: Template(E:\AUTO\pythonProject\modules\commond\close\closeAllWindows\close2.png)
2025-06-17 10:07:33,594 - DEBUG - try match with MultiScaleTemplateMatchingPre
2025-06-17 10:07:33,594 - DEBUG - find_best_result() run time is 0.00 s.
2025-06-17 10:07:33,594 - DEBUG - try match with TemplateMatching
2025-06-17 10:07:33,643 - DEBUG - [Template] threshold=0.7, result={'result': (49, 824), 'rectangle': ((24, 803), (24, 846), (74, 846), (74, 803)), 'confidence': 0.5304440259933472}
2025-06-17 10:07:33,644 - DEBUG - find_best_result() run time is 0.05 s.
2025-06-17 10:07:33,644 - DEBUG - try match with SIFTMatching
2025-06-17 10:07:34,086 - DEBUG - find_best_result() run time is 0.44 s.
2025-06-17 10:07:34,086 - DEBUG - try match with BRISKMatching
2025-06-17 10:07:34,304 - DEBUG - 'Not enough feature points in input images !'
2025-06-17 10:07:34,308 - DEBUG - match result: None
2025-06-17 10:07:34,879 - DEBUG - try match with MultiScaleTemplateMatchingPre
2025-06-17 10:07:34,879 - DEBUG - find_best_result() run time is 0.00 s.
2025-06-17 10:07:34,879 - DEBUG - try match with TemplateMatching
2025-06-17 10:07:34,928 - DEBUG - [Template] threshold=0.7, result={'result': (501, 363), 'rectangle': ((476, 342), (476, 385), (526, 385), (526, 342)), 'confidence': 0.60001540184021}
2025-06-17 10:07:34,929 - DEBUG - find_best_result() run time is 0.05 s.
2025-06-17 10:07:34,929 - DEBUG - try match with SIFTMatching
2025-06-17 10:07:35,372 - DEBUG - find_best_result() run time is 0.44 s.
2025-06-17 10:07:35,372 - DEBUG - try match with BRISKMatching
2025-06-17 10:07:35,568 - DEBUG - 'Not enough feature points in input images !'
2025-06-17 10:07:35,572 - DEBUG - match result: None
2025-06-17 10:07:36,140 - DEBUG - try match with MultiScaleTemplateMatchingPre
2025-06-17 10:07:36,140 - DEBUG - find_best_result() run time is 0.00 s.
2025-06-17 10:07:36,140 - DEBUG - try match with TemplateMatching
2025-06-17 10:07:36,194 - DEBUG - [Template] threshold=0.7, result={'result': (499, 363), 'rectangle': ((474, 342), (474, 385), (524, 385), (524, 342)), 'confidence': 0.5927014350891113}
2025-06-17 10:07:36,196 - DEBUG - find_best_result() run time is 0.05 s.
2025-06-17 10:07:36,196 - DEBUG - try match with SIFTMatching
2025-06-17 10:07:36,698 - DEBUG - find_best_result() run time is 0.50 s.
2025-06-17 10:07:36,699 - DEBUG - try match with BRISKMatching
2025-06-17 10:07:36,904 - DEBUG - 'Not enough feature points in input images !'
2025-06-17 10:07:36,909 - DEBUG - match result: None
2025-06-17 10:07:36,910 - INFO - Try finding: Template(E:\AUTO\pythonProject\modules\commond\close\closeAllWindows\close3.png)
2025-06-17 10:07:37,003 - DEBUG - try match with MultiScaleTemplateMatchingPre
2025-06-17 10:07:37,003 - DEBUG - find_best_result() run time is 0.00 s.
2025-06-17 10:07:37,003 - DEBUG - try match with TemplateMatching
2025-06-17 10:07:37,061 - DEBUG - [Template] threshold=0.7, result={'result': (346, 96), 'rectangle': ((313, 70), (313, 122), (379, 122), (379, 70)), 'confidence': 0.5884252786636353}
2025-06-17 10:07:37,062 - DEBUG - find_best_result() run time is 0.06 s.
2025-06-17 10:07:37,062 - DEBUG - try match with SIFTMatching
2025-06-17 10:07:37,584 - DEBUG - find_best_result() run time is 0.52 s.
2025-06-17 10:07:37,585 - DEBUG - try match with BRISKMatching
2025-06-17 10:07:37,795 - DEBUG - 'Not enough feature points in input images !'
2025-06-17 10:07:37,800 - DEBUG - match result: None
2025-06-17 10:07:38,372 - DEBUG - try match with MultiScaleTemplateMatchingPre
2025-06-17 10:07:38,373 - DEBUG - find_best_result() run time is 0.00 s.
2025-06-17 10:07:38,373 - DEBUG - try match with TemplateMatching
2025-06-17 10:07:38,425 - DEBUG - [Template] threshold=0.7, result={'result': (346, 96), 'rectangle': ((313, 70), (313, 122), (379, 122), (379, 70)), 'confidence': 0.5861582159996033}
2025-06-17 10:07:38,425 - DEBUG - find_best_result() run time is 0.05 s.
2025-06-17 10:07:38,425 - DEBUG - try match with SIFTMatching
2025-06-17 10:07:38,880 - DEBUG - find_best_result() run time is 0.45 s.
2025-06-17 10:07:38,880 - DEBUG - try match with BRISKMatching
2025-06-17 10:07:39,089 - DEBUG - 'Not enough feature points in input images !'
2025-06-17 10:07:39,093 - DEBUG - match result: None
2025-06-17 10:07:39,663 - DEBUG - try match with MultiScaleTemplateMatchingPre
2025-06-17 10:07:39,663 - DEBUG - find_best_result() run time is 0.00 s.
2025-06-17 10:07:39,663 - DEBUG - try match with TemplateMatching
2025-06-17 10:07:39,717 - DEBUG - [Template] threshold=0.7, result={'result': (346, 96), 'rectangle': ((313, 70), (313, 122), (379, 122), (379, 70)), 'confidence': 0.588433563709259}
2025-06-17 10:07:39,718 - DEBUG - find_best_result() run time is 0.06 s.
2025-06-17 10:07:39,718 - DEBUG - try match with SIFTMatching
2025-06-17 10:07:40,161 - DEBUG - find_best_result() run time is 0.44 s.
2025-06-17 10:07:40,161 - DEBUG - try match with BRISKMatching
2025-06-17 10:07:40,379 - DEBUG - 'Not enough feature points in input images !'
2025-06-17 10:07:40,382 - DEBUG - match result: None
2025-06-17 10:07:40,384 - INFO - Try finding: Template(E:\AUTO\pythonProject\modules\commond\close\closeAllWindows\close1.png)
2025-06-17 10:07:40,454 - DEBUG - try match with MultiScaleTemplateMatchingPre
2025-06-17 10:07:40,454 - DEBUG - find_best_result() run time is 0.00 s.
2025-06-17 10:07:40,454 - DEBUG - try match with TemplateMatching
2025-06-17 10:07:40,507 - DEBUG - [Template] threshold=0.7, result={'result': (439, 775), 'rectangle': ((418, 754), (418, 797), (461, 797), (461, 754)), 'confidence': 0.5952804684638977}
2025-06-17 10:07:40,508 - DEBUG - find_best_result() run time is 0.05 s.
2025-06-17 10:07:40,508 - DEBUG - try match with SIFTMatching
2025-06-17 10:07:40,949 - DEBUG - find_best_result() run time is 0.44 s.
2025-06-17 10:07:40,950 - DEBUG - try match with BRISKMatching
2025-06-17 10:07:41,161 - DEBUG - 'Not enough feature points in input images !'
2025-06-17 10:07:41,164 - DEBUG - match result: None
2025-06-17 10:07:41,738 - DEBUG - try match with MultiScaleTemplateMatchingPre
2025-06-17 10:07:41,738 - DEBUG - find_best_result() run time is 0.00 s.
2025-06-17 10:07:41,738 - DEBUG - try match with TemplateMatching
2025-06-17 10:07:41,787 - DEBUG - [Template] threshold=0.7, result={'result': (439, 775), 'rectangle': ((418, 754), (418, 797), (461, 797), (461, 754)), 'confidence': 0.5952795147895813}
2025-06-17 10:07:41,788 - DEBUG - find_best_result() run time is 0.05 s.
2025-06-17 10:07:41,788 - DEBUG - try match with SIFTMatching
2025-06-17 10:07:42,235 - DEBUG - find_best_result() run time is 0.45 s.
2025-06-17 10:07:42,236 - DEBUG - try match with BRISKMatching
2025-06-17 10:07:42,448 - DEBUG - 'Not enough feature points in input images !'
2025-06-17 10:07:42,452 - DEBUG - match result: None
2025-06-17 10:07:43,021 - DEBUG - try match with MultiScaleTemplateMatchingPre
2025-06-17 10:07:43,021 - DEBUG - find_best_result() run time is 0.00 s.
2025-06-17 10:07:43,021 - DEBUG - try match with TemplateMatching
2025-06-17 10:07:43,070 - DEBUG - [Template] threshold=0.7, result={'result': (439, 775), 'rectangle': ((418, 754), (418, 797), (461, 797), (461, 754)), 'confidence': 0.5952804684638977}
2025-06-17 10:07:43,071 - DEBUG - find_best_result() run time is 0.05 s.
2025-06-17 10:07:43,071 - DEBUG - try match with SIFTMatching
2025-06-17 10:07:43,504 - DEBUG - find_best_result() run time is 0.43 s.
2025-06-17 10:07:43,505 - DEBUG - try match with BRISKMatching
2025-06-17 10:07:43,711 - DEBUG - 'Not enough feature points in input images !'
2025-06-17 10:07:43,715 - DEBUG - match result: None
2025-06-17 10:07:43,717 - INFO - Try finding: Template(E:\AUTO\pythonProject\modules\commond\close\closeAllWindows\close2.png)
2025-06-17 10:07:43,785 - DEBUG - try match with MultiScaleTemplateMatchingPre
2025-06-17 10:07:43,785 - DEBUG - find_best_result() run time is 0.00 s.
2025-06-17 10:07:43,785 - DEBUG - try match with TemplateMatching
2025-06-17 10:07:43,840 - DEBUG - [Template] threshold=0.7, result={'result': (49, 824), 'rectangle': ((24, 803), (24, 846), (74, 846), (74, 803)), 'confidence': 0.5304430723190308}
2025-06-17 10:07:43,840 - DEBUG - find_best_result() run time is 0.05 s.
2025-06-17 10:07:43,840 - DEBUG - try match with SIFTMatching
2025-06-17 10:07:44,324 - DEBUG - find_best_result() run time is 0.48 s.
2025-06-17 10:07:44,324 - DEBUG - try match with BRISKMatching
2025-06-17 10:07:44,526 - DEBUG - 'Not enough feature points in input images !'
2025-06-17 10:07:44,530 - DEBUG - match result: None
2025-06-17 10:07:45,104 - DEBUG - try match with MultiScaleTemplateMatchingPre
2025-06-17 10:07:45,104 - DEBUG - find_best_result() run time is 0.00 s.
2025-06-17 10:07:45,104 - DEBUG - try match with TemplateMatching
2025-06-17 10:07:45,163 - DEBUG - [Template] threshold=0.7, result={'result': (499, 363), 'rectangle': ((474, 342), (474, 385), (524, 385), (524, 342)), 'confidence': 0.5963285565376282}
2025-06-17 10:07:45,164 - DEBUG - find_best_result() run time is 0.06 s.
2025-06-17 10:07:45,164 - DEBUG - try match with SIFTMatching
2025-06-17 10:07:45,627 - DEBUG - find_best_result() run time is 0.46 s.
2025-06-17 10:07:45,628 - DEBUG - try match with BRISKMatching
2025-06-17 10:07:45,827 - DEBUG - 'Not enough feature points in input images !'
2025-06-17 10:07:45,831 - DEBUG - match result: None
2025-06-17 10:07:46,406 - DEBUG - try match with MultiScaleTemplateMatchingPre
2025-06-17 10:07:46,406 - DEBUG - find_best_result() run time is 0.00 s.
2025-06-17 10:07:46,406 - DEBUG - try match with TemplateMatching
2025-06-17 10:07:46,455 - DEBUG - [Template] threshold=0.7, result={'result': (499, 364), 'rectangle': ((474, 343), (474, 386), (524, 386), (524, 343)), 'confidence': 0.5714825987815857}
2025-06-17 10:07:46,456 - DEBUG - find_best_result() run time is 0.05 s.
2025-06-17 10:07:46,456 - DEBUG - try match with SIFTMatching
2025-06-17 10:07:46,887 - DEBUG - find_best_result() run time is 0.43 s.
2025-06-17 10:07:46,887 - DEBUG - try match with BRISKMatching
2025-06-17 10:07:47,091 - DEBUG - 'Not enough feature points in input images !'
2025-06-17 10:07:47,094 - DEBUG - match result: None
2025-06-17 10:07:47,096 - INFO - Try finding: Template(E:\AUTO\pythonProject\modules\commond\close\closeAllWindows\close3.png)
2025-06-17 10:07:47,174 - DEBUG - try match with MultiScaleTemplateMatchingPre
2025-06-17 10:07:47,174 - DEBUG - find_best_result() run time is 0.00 s.
2025-06-17 10:07:47,174 - DEBUG - try match with TemplateMatching
2025-06-17 10:07:47,242 - DEBUG - [Template] threshold=0.7, result={'result': (346, 96), 'rectangle': ((313, 70), (313, 122), (379, 122), (379, 70)), 'confidence': 0.5884836912155151}
2025-06-17 10:07:47,243 - DEBUG - find_best_result() run time is 0.07 s.
2025-06-17 10:07:47,243 - DEBUG - try match with SIFTMatching
2025-06-17 10:07:47,710 - DEBUG - find_best_result() run time is 0.47 s.
2025-06-17 10:07:47,710 - DEBUG - try match with BRISKMatching
2025-06-17 10:07:47,913 - DEBUG - 'Not enough feature points in input images !'
2025-06-17 10:07:47,917 - DEBUG - match result: None
2025-06-17 10:07:48,499 - DEBUG - try match with MultiScaleTemplateMatchingPre
2025-06-17 10:07:48,499 - DEBUG - find_best_result() run time is 0.00 s.
2025-06-17 10:07:48,499 - DEBUG - try match with TemplateMatching
2025-06-17 10:07:48,552 - DEBUG - [Template] threshold=0.7, result={'result': (347, 96), 'rectangle': ((314, 70), (314, 122), (380, 122), (380, 70)), 'confidence': 0.5826613903045654}
2025-06-17 10:07:48,553 - DEBUG - find_best_result() run time is 0.05 s.
2025-06-17 10:07:48,553 - DEBUG - try match with SIFTMatching
2025-06-17 10:07:48,996 - DEBUG - find_best_result() run time is 0.44 s.
2025-06-17 10:07:48,996 - DEBUG - try match with BRISKMatching
2025-06-17 10:07:49,206 - DEBUG - 'Not enough feature points in input images !'
2025-06-17 10:07:49,213 - DEBUG - match result: None
2025-06-17 10:07:49,779 - DEBUG - try match with MultiScaleTemplateMatchingPre
2025-06-17 10:07:49,779 - DEBUG - find_best_result() run time is 0.00 s.
2025-06-17 10:07:49,779 - DEBUG - try match with TemplateMatching
2025-06-17 10:07:49,831 - DEBUG - [Template] threshold=0.7, result={'result': (346, 96), 'rectangle': ((313, 70), (313, 122), (379, 122), (379, 70)), 'confidence': 0.5892201662063599}
2025-06-17 10:07:49,832 - DEBUG - find_best_result() run time is 0.05 s.
2025-06-17 10:07:49,832 - DEBUG - try match with SIFTMatching
2025-06-17 10:07:50,299 - DEBUG - find_best_result() run time is 0.47 s.
2025-06-17 10:07:50,299 - DEBUG - try match with BRISKMatching
2025-06-17 10:07:50,508 - DEBUG - 'Not enough feature points in input images !'
2025-06-17 10:07:50,512 - DEBUG - match result: None
2025-06-17 10:07:51,607 - INFO - Try finding: Template(E:\AUTO\pythonProject\modules\function\login\img\main_view.png)
2025-06-17 10:07:51,678 - DEBUG - try match with MultiScaleTemplateMatchingPre
2025-06-17 10:07:51,679 - DEBUG - find_best_result() run time is 0.00 s.
2025-06-17 10:07:51,679 - DEBUG - try match with TemplateMatching
2025-06-17 10:07:51,732 - DEBUG - [Template] threshold=0.7, result={'result': (1155, 977), 'rectangle': ((670, 914), (670, 1040), (1640, 1040), (1640, 914)), 'confidence': 0.3236001133918762}
2025-06-17 10:07:51,732 - DEBUG - find_best_result() run time is 0.05 s.
2025-06-17 10:07:51,732 - DEBUG - try match with SIFTMatching
2025-06-17 10:07:52,564 - DEBUG - [SIFT] threshold=0.7, result={'result': (1091, 988), 'rectangle': [(465, 908), (465, 1069), (1717, 1069), (1717, 908)], 'confidence': 0.9922983646392822}
2025-06-17 10:07:52,565 - DEBUG - find_best_result() run time is 0.83 s.
2025-06-17 10:07:52,565 - DEBUG - match result: {'result': (1091, 988), 'rectangle': [(465, 908), (465, 1069), (1717, 1069), (1717, 908)], 'confidence': 0.9922983646392822, 'time': 0.8324174880981445}
2025-06-17 10:07:52,746 - DEBUG - E:\MuMu Player 12\shell\adb.exe -s emulator-5554 wait-for-device
2025-06-17 10:07:52,856 - DEBUG - E:\MuMu Player 12\shell\adb.exe -s emulator-5554 shell getprop ro.build.version.sdk
2025-06-17 10:07:52,963 - WARNING - Device:emulator-5554 updated <airtest.core.android.android.Android object at 0x0000025EE419C880> -> <airtest.core.android.android.Android object at 0x0000025E8001CD60>
2025-06-17 10:07:55,990 - DEBUG - E:\MuMu Player 12\shell\adb.exe -s emulator-5554 shell dumpsys package com.netease.nie.yosemite
2025-06-17 10:07:56,118 - DEBUG - E:\MuMu Player 12\shell\adb.exe -s emulator-5554 forward --no-rebind tcp:18818 localabstract:javacap_18818
2025-06-17 10:07:56,226 - DEBUG - E:\MuMu Player 12\shell\adb.exe -s emulator-5554 shell pm path com.netease.nie.yosemite
2025-06-17 10:07:56,334 - DEBUG - E:\MuMu Player 12\shell\adb.exe -s emulator-5554 shell CLASSPATH=/data/app/com.netease.nie.yosemite-QDakP4cbYaOG9cISZ6t3_g==/base.apk exec app_process /system/bin com.netease.nie.yosemite.Capture --scale 100 --socket javacap_18818 -lazy 2>&1
2025-06-17 10:07:56,544 - DEBUG - [javacap_sever]b'Capture server listening on @javacap_18818'
2025-06-17 10:07:56,555 - ERROR - OSError('socket connection broken')
2025-06-17 10:07:56,555 - ERROR - Javacap setup up failed!
2025-06-17 10:07:56,555 - DEBUG - E:\MuMu Player 12\shell\adb.exe -s emulator-5554 shell ls "/data/local/tmp/minicap"
2025-06-17 10:07:56,658 - DEBUG - install minicap
2025-06-17 10:07:56,658 - DEBUG - E:\MuMu Player 12\shell\adb.exe -s emulator-5554 shell getprop ro.product.cpu.abi
2025-06-17 10:07:56,765 - DEBUG - E:\MuMu Player 12\shell\adb.exe -s emulator-5554 shell getprop ro.build.version.preview_sdk
2025-06-17 10:07:56,873 - DEBUG - E:\MuMu Player 12\shell\adb.exe -s emulator-5554 shell getprop ro.build.version.release
2025-06-17 10:07:56,977 - DEBUG - E:\MuMu Player 12\shell\adb.exe -s emulator-5554 shell rm -r /data/local/tmp/minicap
2025-06-17 10:07:57,081 - DEBUG - E:\MuMu Player 12\shell\adb.exe -s emulator-5554 shell mkdir -p /data/local/tmp/minicap
2025-06-17 10:07:57,189 - DEBUG - E:\MuMu Player 12\shell\adb.exe -s emulator-5554 push E:\AUTO\pythonProject\.venv\Lib\site-packages\airtest\core\android\static\stf_libs\x86_64\minicap /data/local/tmp/minicap
2025-06-17 10:07:57,346 - DEBUG - E:\MuMu Player 12\shell\adb.exe -s emulator-5554 shell cp -frp "/data/local/tmp/minicap/*" "/data/local/tmp/minicap"
2025-06-17 10:07:57,455 - DEBUG - E:\MuMu Player 12\shell\adb.exe -s emulator-5554 shell mv "/data/local/tmp/minicap" "/data/local/tmp/minicap"
2025-06-17 10:07:57,558 - DEBUG - E:\MuMu Player 12\shell\adb.exe -s emulator-5554 shell rm -r "/data/local/tmp/minicap"
2025-06-17 10:07:57,659 - ERROR - b''
2025-06-17 10:07:57,659 - ERROR - b"mv: bad '/data/local/tmp/minicap': Invalid argument\r\n"
2025-06-17 10:07:57,660 - ERROR - Minicap setup up failed!
2025-06-17 10:07:57,660 - DEBUG - E:\MuMu Player 12\shell\adb.exe -s emulator-5554 shell screencap -p
2025-06-17 10:07:58,337 - DEBUG - E:\MuMu Player 12\shell\adb.exe -s emulator-5554 shell screencap -p
2025-06-17 10:07:59,077 - INFO - Try finding: Template(E:\AUTO\pythonProject\modules\function\Remi\img\remi_enter.png)
2025-06-17 10:07:59,077 - DEBUG - E:\MuMu Player 12\shell\adb.exe -s emulator-5554 shell screencap -p
2025-06-17 10:07:59,774 - DEBUG - try match with MultiScaleTemplateMatchingPre
2025-06-17 10:07:59,774 - DEBUG - find_best_result() run time is 0.00 s.
2025-06-17 10:07:59,774 - DEBUG - try match with TemplateMatching
2025-06-17 10:07:59,833 - DEBUG - [Template] threshold=0.7, result={'result': (1858, 323), 'rectangle': ((1766, 255), (1766, 391), (1951, 391), (1951, 255)), 'confidence': 0.3507612943649292}
2025-06-17 10:07:59,834 - DEBUG - find_best_result() run time is 0.06 s.
2025-06-17 10:07:59,834 - DEBUG - try match with SIFTMatching
2025-06-17 10:08:00,339 - DEBUG - [SIFT] threshold=0.7, result={'result': (1870, 333), 'rectangle': [(1753, 250), (1753, 416), (1987, 416), (1987, 250)], 'confidence': 0.9297565519809723}
2025-06-17 10:08:00,339 - DEBUG - find_best_result() run time is 0.50 s.
2025-06-17 10:08:00,340 - DEBUG - match result: {'result': (1870, 333), 'rectangle': [(1753, 250), (1753, 416), (1987, 416), (1987, 250)], 'confidence': 0.9297565519809723, 'time': 0.5045669078826904}
2025-06-17 10:08:00,340 - INFO - Try finding: Template(E:\AUTO\pythonProject\modules\function\Remi\img\remi_enter.png)
2025-06-17 10:08:00,340 - DEBUG - E:\MuMu Player 12\shell\adb.exe -s emulator-5554 shell screencap -p
2025-06-17 10:08:01,045 - DEBUG - try match with MultiScaleTemplateMatchingPre
2025-06-17 10:08:01,045 - DEBUG - find_best_result() run time is 0.00 s.
2025-06-17 10:08:01,045 - DEBUG - try match with TemplateMatching
2025-06-17 10:08:01,110 - DEBUG - [Template] threshold=0.7, result={'result': (1856, 324), 'rectangle': ((1764, 256), (1764, 392), (1949, 392), (1949, 256)), 'confidence': 0.3326904773712158}
2025-06-17 10:08:01,110 - DEBUG - find_best_result() run time is 0.06 s.
2025-06-17 10:08:01,110 - DEBUG - try match with SIFTMatching
2025-06-17 10:08:01,613 - DEBUG - [SIFT] threshold=0.7, result={'result': (1874, 335), 'rectangle': [(1756, 252), (1756, 419), (1993, 419), (1993, 252)], 'confidence': 0.9187579154968262}
2025-06-17 10:08:01,614 - DEBUG - find_best_result() run time is 0.50 s.
2025-06-17 10:08:01,614 - DEBUG - match result: {'result': (1874, 335), 'rectangle': [(1756, 252), (1756, 419), (1993, 419), (1993, 252)], 'confidence': 0.9187579154968262, 'time': 0.5045742988586426}
2025-06-17 10:08:01,615 - DEBUG - E:\MuMu Player 12\shell\adb.exe -s emulator-5554 shell ls -l /data/local/tmp/rotationwatcher.jar
2025-06-17 10:08:01,719 - DEBUG - install_rotationwatcher skipped
2025-06-17 10:08:01,719 - DEBUG - E:\MuMu Player 12\shell\adb.exe -s emulator-5554 shell app_process -Djava.class.path=/data/local/tmp/rotationwatcher.jar /data/local/tmp com.example.rotationwatcher.Main
2025-06-17 10:08:01,903 - DEBUG - [rotation_server]b'0'
2025-06-17 10:08:02,767 - INFO - update orientation None->0
2025-06-17 10:08:02,767 - DEBUG - E:\MuMu Player 12\shell\adb.exe -s emulator-5554 shell wm size
2025-06-17 10:08:02,767 - DEBUG - update_rotation: 0
2025-06-17 10:08:02,879 - DEBUG - E:\MuMu Player 12\shell\adb.exe -s emulator-5554 shell getprop ro.sf.lcd_density
2025-06-17 10:08:02,982 - DEBUG - E:\MuMu Player 12\shell\adb.exe -s emulator-5554 shell dumpsys SurfaceFlinger
2025-06-17 10:08:03,090 - DEBUG - E:\MuMu Player 12\shell\adb.exe -s emulator-5554 shell getevent -p
2025-06-17 10:08:03,387 - DEBUG - E:\MuMu Player 12\shell\adb.exe -s emulator-5554 shell input tap 1874 335
2025-06-17 10:08:04,867 - DEBUG - E:\MuMu Player 12\shell\adb.exe -s emulator-5554 shell screencap -p
2025-06-17 10:08:05,573 - INFO - Try finding: Template(E:\AUTO\pythonProject\modules\function\QiuQIu\img\back.png)
2025-06-17 10:08:05,573 - DEBUG - E:\MuMu Player 12\shell\adb.exe -s emulator-5554 shell screencap -p
2025-06-17 10:08:06,243 - DEBUG - try match with MultiScaleTemplateMatchingPre
2025-06-17 10:08:06,243 - DEBUG - find_best_result() run time is 0.00 s.
2025-06-17 10:08:06,243 - DEBUG - try match with TemplateMatching
2025-06-17 10:08:06,301 - DEBUG - [Template] threshold=0.7, result={'result': (2245, 60), 'rectangle': ((2203, 27), (2203, 93), (2287, 93), (2287, 27)), 'confidence': 0.4971626400947571}
2025-06-17 10:08:06,301 - DEBUG - find_best_result() run time is 0.06 s.
2025-06-17 10:08:06,302 - DEBUG - try match with SIFTMatching
2025-06-17 10:08:06,701 - DEBUG - [SIFT] threshold=0.7, result={'result': (179, 82), 'rectangle': [(125, 36), (125, 129), (233, 129), (233, 36)], 'confidence': 0.912267655134201}
2025-06-17 10:08:06,702 - DEBUG - find_best_result() run time is 0.40 s.
2025-06-17 10:08:06,702 - DEBUG - match result: {'result': (179, 82), 'rectangle': [(125, 36), (125, 129), (233, 129), (233, 36)], 'confidence': 0.912267655134201, 'time': 0.400083065032959}
2025-06-17 10:08:06,702 - INFO - Try finding: Template(E:\AUTO\pythonProject\modules\function\QiuQIu\img\back.png)
2025-06-17 10:08:06,703 - DEBUG - E:\MuMu Player 12\shell\adb.exe -s emulator-5554 shell screencap -p
2025-06-17 10:08:07,391 - DEBUG - try match with MultiScaleTemplateMatchingPre
2025-06-17 10:08:07,391 - DEBUG - find_best_result() run time is 0.00 s.
2025-06-17 10:08:07,391 - DEBUG - try match with TemplateMatching
2025-06-17 10:08:07,443 - DEBUG - [Template] threshold=0.7, result={'result': (2245, 60), 'rectangle': ((2203, 27), (2203, 93), (2287, 93), (2287, 27)), 'confidence': 0.4971626400947571}
2025-06-17 10:08:07,444 - DEBUG - find_best_result() run time is 0.05 s.
2025-06-17 10:08:07,444 - DEBUG - try match with SIFTMatching
2025-06-17 10:08:07,837 - DEBUG - [SIFT] threshold=0.7, result={'result': (179, 82), 'rectangle': [(125, 36), (125, 129), (233, 129), (233, 36)], 'confidence': 0.912267655134201}
2025-06-17 10:08:07,838 - DEBUG - find_best_result() run time is 0.39 s.
2025-06-17 10:08:07,838 - DEBUG - match result: {'result': (179, 82), 'rectangle': [(125, 36), (125, 129), (233, 129), (233, 36)], 'confidence': 0.912267655134201, 'time': 0.393909215927124}
2025-06-17 10:08:07,838 - DEBUG - E:\MuMu Player 12\shell\adb.exe -s emulator-5554 shell input tap 179 82
2025-06-17 10:08:09,292 - DEBUG - E:\MuMu Player 12\shell\adb.exe -s emulator-5554 shell screencap -p
2025-06-17 10:08:10,040 - INFO - Try finding: Template(E:\AUTO\pythonProject\modules\function\QiuQIu\img\qiuqiu_enter.png)
2025-06-17 10:08:10,040 - DEBUG - E:\MuMu Player 12\shell\adb.exe -s emulator-5554 shell screencap -p
2025-06-17 10:08:10,722 - DEBUG - try match with MultiScaleTemplateMatchingPre
2025-06-17 10:08:10,722 - DEBUG - find_best_result() run time is 0.00 s.
2025-06-17 10:08:10,722 - DEBUG - try match with TemplateMatching
2025-06-17 10:08:10,775 - DEBUG - [Template] threshold=0.7, result={'result': (1001, 675), 'rectangle': ((929, 635), (929, 715), (1073, 715), (1073, 635)), 'confidence': 0.3017030358314514}
2025-06-17 10:08:10,775 - DEBUG - find_best_result() run time is 0.05 s.
2025-06-17 10:08:10,775 - DEBUG - try match with SIFTMatching
2025-06-17 10:08:11,234 - DEBUG - find_best_result() run time is 0.46 s.
2025-06-17 10:08:11,235 - DEBUG - try match with BRISKMatching
2025-06-17 10:08:11,363 - DEBUG - find_best_result() run time is 0.13 s.
2025-06-17 10:08:11,367 - DEBUG - match result: None
2025-06-17 10:08:11,867 - DEBUG - E:\MuMu Player 12\shell\adb.exe -s emulator-5554 shell screencap -p
2025-06-17 10:08:12,545 - DEBUG - try match with MultiScaleTemplateMatchingPre
2025-06-17 10:08:12,545 - DEBUG - find_best_result() run time is 0.00 s.
2025-06-17 10:08:12,545 - DEBUG - try match with TemplateMatching
2025-06-17 10:08:12,601 - DEBUG - [Template] threshold=0.7, result={'result': (1003, 675), 'rectangle': ((931, 635), (931, 715), (1075, 715), (1075, 635)), 'confidence': 0.29375773668289185}
2025-06-17 10:08:12,602 - DEBUG - find_best_result() run time is 0.06 s.
2025-06-17 10:08:12,602 - DEBUG - try match with SIFTMatching
2025-06-17 10:08:13,046 - DEBUG - find_best_result() run time is 0.44 s.
2025-06-17 10:08:13,046 - DEBUG - try match with BRISKMatching
2025-06-17 10:08:13,172 - DEBUG - find_best_result() run time is 0.13 s.
2025-06-17 10:08:13,175 - DEBUG - match result: None
2025-06-17 10:08:14,293 - DEBUG - E:\MuMu Player 12\shell\adb.exe -s emulator-5554 shell screencap -p
2025-06-17 10:08:14,971 - INFO - Try finding: Template(E:\AUTO\pythonProject\modules\function\QiuQIu\img\back.png)
2025-06-17 10:08:14,971 - DEBUG - E:\MuMu Player 12\shell\adb.exe -s emulator-5554 shell screencap -p
2025-06-17 10:08:15,681 - DEBUG - try match with MultiScaleTemplateMatchingPre
2025-06-17 10:08:15,681 - DEBUG - find_best_result() run time is 0.00 s.
2025-06-17 10:08:15,681 - DEBUG - try match with TemplateMatching
2025-06-17 10:08:15,733 - DEBUG - [Template] threshold=0.7, result={'result': (1797, 504), 'rectangle': ((1755, 471), (1755, 537), (1839, 537), (1839, 471)), 'confidence': 0.5164637565612793}
2025-06-17 10:08:15,733 - DEBUG - find_best_result() run time is 0.05 s.
2025-06-17 10:08:15,733 - DEBUG - try match with SIFTMatching
2025-06-17 10:08:16,172 - DEBUG - find_best_result() run time is 0.44 s.
2025-06-17 10:08:16,172 - DEBUG - try match with BRISKMatching
2025-06-17 10:08:16,301 - DEBUG - find_best_result() run time is 0.13 s.
2025-06-17 10:08:16,304 - DEBUG - match result: None
2025-06-17 10:08:16,805 - DEBUG - E:\MuMu Player 12\shell\adb.exe -s emulator-5554 shell screencap -p
2025-06-17 10:08:17,462 - DEBUG - try match with MultiScaleTemplateMatchingPre
2025-06-17 10:08:17,462 - DEBUG - find_best_result() run time is 0.00 s.
2025-06-17 10:08:17,463 - DEBUG - try match with TemplateMatching
2025-06-17 10:08:17,513 - DEBUG - [Template] threshold=0.7, result={'result': (1797, 504), 'rectangle': ((1755, 471), (1755, 537), (1839, 537), (1839, 471)), 'confidence': 0.5164655447006226}
2025-06-17 10:08:17,514 - DEBUG - find_best_result() run time is 0.05 s.
2025-06-17 10:08:17,514 - DEBUG - try match with SIFTMatching
2025-06-17 10:08:17,928 - DEBUG - find_best_result() run time is 0.41 s.
2025-06-17 10:08:17,928 - DEBUG - try match with BRISKMatching
2025-06-17 10:08:18,045 - DEBUG - find_best_result() run time is 0.12 s.
2025-06-17 10:08:18,048 - DEBUG - match result: None
2025-06-17 10:08:20,626 - DEBUG - E:\MuMu Player 12\shell\adb.exe -s emulator-5554 forward --remove tcp:14444
2025-06-17 10:08:20,724 - DEBUG - E:\MuMu Player 12\shell\adb.exe -s emulator-5554 forward --remove tcp:18818
2025-06-17 10:08:20,838 - DEBUG - [rotation_server]b''
2025-06-17 10:08:20,853 - DEBUG - [javacap_sever]b''
2025-06-17 10:08:20,867 - DEBUG - [rotation_server]b''
2025-06-17 10:08:20,882 - DEBUG - [javacap_sever]b''
