2025-07-04 14:40:26,253 - DEBUG - C:\Program Files\Unity\Hub\Editor\2022.3.23f1\Editor\Data\PlaybackEngines\AndroidPlayer\SDK\platform-tools\adb.exe -s emulator-5554 wait-for-device
2025-07-04 14:40:26,384 - DEBUG - C:\Program Files\Unity\Hub\Editor\2022.3.23f1\Editor\Data\PlaybackEngines\AndroidPlayer\SDK\platform-tools\adb.exe -s emulator-5554 shell getprop ro.build.version.sdk
2025-07-04 14:40:29,643 - DEBUG - C:\Program Files\Unity\Hub\Editor\2022.3.23f1\Editor\Data\PlaybackEngines\AndroidPlayer\SDK\platform-tools\adb.exe -s emulator-5554 shell dumpsys package com.netease.nie.yosemite
2025-07-04 14:40:29,789 - DEBUG - C:\Program Files\Unity\Hub\Editor\2022.3.23f1\Editor\Data\PlaybackEngines\AndroidPlayer\SDK\platform-tools\adb.exe -s emulator-5554 forward --no-rebind tcp:11668 localabstract:javacap_11668
2025-07-04 14:40:29,919 - DEBUG - C:\Program Files\Unity\Hub\Editor\2022.3.23f1\Editor\Data\PlaybackEngines\AndroidPlayer\SDK\platform-tools\adb.exe -s emulator-5554 shell pm path com.netease.nie.yosemite
2025-07-04 14:40:30,047 - DEBUG - C:\Program Files\Unity\Hub\Editor\2022.3.23f1\Editor\Data\PlaybackEngines\AndroidPlayer\SDK\platform-tools\adb.exe -s emulator-5554 shell CLASSPATH=/data/app/com.netease.nie.yosemite-QDakP4cbYaOG9cISZ6t3_g==/base.apk exec app_process /system/bin com.netease.nie.yosemite.Capture --scale 100 --socket javacap_11668 -lazy 2>&1
2025-07-04 14:40:30,428 - DEBUG - [javacap_sever]b'Capture server listening on @javacap_11668'
2025-07-04 14:40:30,581 - DEBUG - (1, 3, 0, 2400, 1080, 0, 0, 0, 1)
2025-07-04 14:40:32,556 - DEBUG - C:\Program Files\Unity\Hub\Editor\2022.3.23f1\Editor\Data\PlaybackEngines\AndroidPlayer\SDK\platform-tools\adb.exe -s emulator-5554 shell am force-stop com.neptune.domino
2025-07-04 14:40:32,710 - DEBUG - C:\Program Files\Unity\Hub\Editor\2022.3.23f1\Editor\Data\PlaybackEngines\AndroidPlayer\SDK\platform-tools\adb.exe -s emulator-5554 shell monkey -p com.neptune.domino -c android.intent.category.LAUNCHER 1
2025-07-04 14:40:53,064 - DEBUG - C:\Program Files\Unity\Hub\Editor\2022.3.23f1\Editor\Data\PlaybackEngines\AndroidPlayer\SDK\platform-tools\adb.exe -s emulator-5554 shell pidof com.neptune.domino
2025-07-04 14:40:54,316 - INFO - Try finding: Template(E:\AUTO\pythonProject\modules\commond\close\closeAllWindows\close1.png)
2025-07-04 14:40:54,388 - DEBUG - try match with MultiScaleTemplateMatchingPre
2025-07-04 14:40:54,388 - DEBUG - find_best_result() run time is 0.00 s.
2025-07-04 14:40:54,388 - DEBUG - try match with TemplateMatching
2025-07-04 14:40:54,452 - DEBUG - [Template] threshold=0.7, result={'result': (2185, 90), 'rectangle': ((2164, 69), (2164, 112), (2207, 112), (2207, 69)), 'confidence': 0.6970329284667969}
2025-07-04 14:40:54,453 - DEBUG - find_best_result() run time is 0.06 s.
2025-07-04 14:40:54,454 - DEBUG - try match with SIFTMatching
2025-07-04 14:40:54,990 - DEBUG - [SIFT] threshold=0.7, result={'result': [2186, 92], 'rectangle': [(2158, 59), (2158, 124), (2213, 124), (2213, 59)], 'confidence': 0.9164214134216309}
2025-07-04 14:40:54,991 - DEBUG - find_best_result() run time is 0.54 s.
2025-07-04 14:40:54,991 - DEBUG - match result: {'result': [2186, 92], 'rectangle': [(2158, 59), (2158, 124), (2213, 124), (2213, 59)], 'confidence': 0.9164214134216309, 'time': 0.5374023914337158}
2025-07-04 14:40:54,994 - INFO - Try finding: Template(E:\AUTO\pythonProject\modules\commond\close\closeAllWindows\close1.png)
2025-07-04 14:40:55,091 - DEBUG - try match with MultiScaleTemplateMatchingPre
2025-07-04 14:40:55,091 - DEBUG - find_best_result() run time is 0.00 s.
2025-07-04 14:40:55,091 - DEBUG - try match with TemplateMatching
2025-07-04 14:40:55,152 - DEBUG - [Template] threshold=0.7, result={'result': (2185, 90), 'rectangle': ((2164, 69), (2164, 112), (2207, 112), (2207, 69)), 'confidence': 0.6970329284667969}
2025-07-04 14:40:55,156 - DEBUG - find_best_result() run time is 0.06 s.
2025-07-04 14:40:55,157 - DEBUG - try match with SIFTMatching
2025-07-04 14:40:55,705 - DEBUG - [SIFT] threshold=0.7, result={'result': [2185, 92], 'rectangle': [(2158, 63), (2158, 120), (2211, 120), (2211, 63)], 'confidence': 0.9847332835197449}
2025-07-04 14:40:55,706 - DEBUG - find_best_result() run time is 0.55 s.
2025-07-04 14:40:55,707 - DEBUG - match result: {'result': [2185, 92], 'rectangle': [(2158, 63), (2158, 120), (2211, 120), (2211, 63)], 'confidence': 0.9847332835197449, 'time': 0.5486130714416504}
2025-07-04 14:40:55,708 - DEBUG - C:\Program Files\Unity\Hub\Editor\2022.3.23f1\Editor\Data\PlaybackEngines\AndroidPlayer\SDK\platform-tools\adb.exe -s emulator-5554 shell ls -l /data/local/tmp/rotationwatcher.jar
2025-07-04 14:40:55,845 - DEBUG - install_rotationwatcher skipped
2025-07-04 14:40:55,845 - DEBUG - C:\Program Files\Unity\Hub\Editor\2022.3.23f1\Editor\Data\PlaybackEngines\AndroidPlayer\SDK\platform-tools\adb.exe -s emulator-5554 shell app_process -Djava.class.path=/data/local/tmp/rotationwatcher.jar /data/local/tmp com.example.rotationwatcher.Main
2025-07-04 14:40:56,190 - DEBUG - [rotation_server]b'0'
2025-07-04 14:40:56,900 - INFO - update orientation None->0
2025-07-04 14:40:56,900 - DEBUG - C:\Program Files\Unity\Hub\Editor\2022.3.23f1\Editor\Data\PlaybackEngines\AndroidPlayer\SDK\platform-tools\adb.exe -s emulator-5554 shell wm size
2025-07-04 14:40:57,093 - DEBUG - C:\Program Files\Unity\Hub\Editor\2022.3.23f1\Editor\Data\PlaybackEngines\AndroidPlayer\SDK\platform-tools\adb.exe -s emulator-5554 shell getprop ro.sf.lcd_density
2025-07-04 14:40:57,235 - DEBUG - C:\Program Files\Unity\Hub\Editor\2022.3.23f1\Editor\Data\PlaybackEngines\AndroidPlayer\SDK\platform-tools\adb.exe -s emulator-5554 shell dumpsys SurfaceFlinger
2025-07-04 14:40:57,362 - DEBUG - C:\Program Files\Unity\Hub\Editor\2022.3.23f1\Editor\Data\PlaybackEngines\AndroidPlayer\SDK\platform-tools\adb.exe -s emulator-5554 shell getevent -p
2025-07-04 14:40:57,726 - DEBUG - C:\Program Files\Unity\Hub\Editor\2022.3.23f1\Editor\Data\PlaybackEngines\AndroidPlayer\SDK\platform-tools\adb.exe -s emulator-5554 shell input tap 2185 92
2025-07-04 14:40:58,275 - INFO - Try finding: Template(E:\AUTO\pythonProject\modules\commond\close\closeAllWindows\close2.png)
2025-07-04 14:40:58,344 - DEBUG - try match with MultiScaleTemplateMatchingPre
2025-07-04 14:40:58,345 - DEBUG - find_best_result() run time is 0.00 s.
2025-07-04 14:40:58,345 - DEBUG - try match with TemplateMatching
2025-07-04 14:40:58,400 - DEBUG - [Template] threshold=0.7, result={'result': (2186, 89), 'rectangle': ((2161, 68), (2161, 111), (2211, 111), (2211, 68)), 'confidence': 0.9605836868286133}
2025-07-04 14:40:58,401 - DEBUG - find_best_result() run time is 0.06 s.
2025-07-04 14:40:58,401 - DEBUG - match result: {'result': (2186, 89), 'rectangle': ((2161, 68), (2161, 111), (2211, 111), (2211, 68)), 'confidence': 0.9605836868286133, 'time': 0.05658888816833496}
2025-07-04 14:40:58,402 - INFO - Try finding: Template(E:\AUTO\pythonProject\modules\commond\close\closeAllWindows\close2.png)
2025-07-04 14:40:58,473 - DEBUG - try match with MultiScaleTemplateMatchingPre
2025-07-04 14:40:58,474 - DEBUG - find_best_result() run time is 0.00 s.
2025-07-04 14:40:58,474 - DEBUG - try match with TemplateMatching
2025-07-04 14:40:58,543 - DEBUG - [Template] threshold=0.7, result={'result': (2186, 89), 'rectangle': ((2161, 68), (2161, 111), (2211, 111), (2211, 68)), 'confidence': 0.955303966999054}
2025-07-04 14:40:58,547 - DEBUG - find_best_result() run time is 0.07 s.
2025-07-04 14:40:58,547 - DEBUG - match result: {'result': (2186, 89), 'rectangle': ((2161, 68), (2161, 111), (2211, 111), (2211, 68)), 'confidence': 0.955303966999054, 'time': 0.07283163070678711}
2025-07-04 14:40:58,549 - DEBUG - C:\Program Files\Unity\Hub\Editor\2022.3.23f1\Editor\Data\PlaybackEngines\AndroidPlayer\SDK\platform-tools\adb.exe -s emulator-5554 shell input tap 2186 89
2025-07-04 14:40:59,075 - INFO - Try finding: Template(E:\AUTO\pythonProject\modules\commond\close\closeAllWindows\close3.png)
2025-07-04 14:40:59,161 - DEBUG - try match with MultiScaleTemplateMatchingPre
2025-07-04 14:40:59,161 - DEBUG - find_best_result() run time is 0.00 s.
2025-07-04 14:40:59,161 - DEBUG - try match with TemplateMatching
2025-07-04 14:40:59,228 - DEBUG - [Template] threshold=0.7, result={'result': (346, 96), 'rectangle': ((313, 70), (313, 122), (379, 122), (379, 70)), 'confidence': 0.587550699710846}
2025-07-04 14:40:59,229 - DEBUG - find_best_result() run time is 0.07 s.
2025-07-04 14:40:59,230 - DEBUG - try match with SIFTMatching
2025-07-04 14:40:59,777 - DEBUG - find_best_result() run time is 0.55 s.
2025-07-04 14:40:59,779 - DEBUG - try match with BRISKMatching
2025-07-04 14:41:00,042 - DEBUG - 'Not enough feature points in input images !'
2025-07-04 14:41:00,046 - DEBUG - match result: None
2025-07-04 14:41:00,624 - DEBUG - try match with MultiScaleTemplateMatchingPre
2025-07-04 14:41:00,624 - DEBUG - find_best_result() run time is 0.00 s.
2025-07-04 14:41:00,624 - DEBUG - try match with TemplateMatching
2025-07-04 14:41:00,685 - DEBUG - [Template] threshold=0.7, result={'result': (2283, 131), 'rectangle': ((2250, 105), (2250, 157), (2316, 157), (2316, 105)), 'confidence': 0.6544071435928345}
2025-07-04 14:41:00,688 - DEBUG - find_best_result() run time is 0.06 s.
2025-07-04 14:41:00,689 - DEBUG - try match with SIFTMatching
2025-07-04 14:41:01,317 - DEBUG - find_best_result() run time is 0.63 s.
2025-07-04 14:41:01,317 - DEBUG - try match with BRISKMatching
2025-07-04 14:41:01,478 - DEBUG - 'Not enough feature points in input images !'
2025-07-04 14:41:01,482 - DEBUG - match result: None
2025-07-04 14:41:02,064 - DEBUG - try match with MultiScaleTemplateMatchingPre
2025-07-04 14:41:02,064 - DEBUG - find_best_result() run time is 0.00 s.
2025-07-04 14:41:02,065 - DEBUG - try match with TemplateMatching
2025-07-04 14:41:02,153 - DEBUG - [Template] threshold=0.7, result={'result': (2283, 132), 'rectangle': ((2250, 106), (2250, 158), (2316, 158), (2316, 106)), 'confidence': 0.6597575545310974}
2025-07-04 14:41:02,155 - DEBUG - find_best_result() run time is 0.09 s.
2025-07-04 14:41:02,155 - DEBUG - try match with SIFTMatching
2025-07-04 14:41:02,681 - DEBUG - find_best_result() run time is 0.53 s.
2025-07-04 14:41:02,681 - DEBUG - try match with BRISKMatching
2025-07-04 14:41:02,861 - DEBUG - 'Not enough feature points in input images !'
2025-07-04 14:41:02,865 - DEBUG - match result: None
2025-07-04 14:41:02,883 - INFO - Try finding: Template(E:\AUTO\pythonProject\modules\commond\close\closeAllWindows\close1.png)
2025-07-04 14:41:02,965 - DEBUG - try match with MultiScaleTemplateMatchingPre
2025-07-04 14:41:02,965 - DEBUG - find_best_result() run time is 0.00 s.
2025-07-04 14:41:02,966 - DEBUG - try match with TemplateMatching
2025-07-04 14:41:03,023 - DEBUG - [Template] threshold=0.7, result={'result': (1490, 1049), 'rectangle': ((1469, 1028), (1469, 1071), (1512, 1071), (1512, 1028)), 'confidence': 0.6351412534713745}
2025-07-04 14:41:03,025 - DEBUG - find_best_result() run time is 0.06 s.
2025-07-04 14:41:03,025 - DEBUG - try match with SIFTMatching
2025-07-04 14:41:03,548 - DEBUG - find_best_result() run time is 0.52 s.
2025-07-04 14:41:03,549 - DEBUG - try match with BRISKMatching
2025-07-04 14:41:03,740 - DEBUG - 'Not enough feature points in input images !'
2025-07-04 14:41:03,744 - DEBUG - match result: None
2025-07-04 14:41:04,327 - DEBUG - try match with MultiScaleTemplateMatchingPre
2025-07-04 14:41:04,327 - DEBUG - find_best_result() run time is 0.00 s.
2025-07-04 14:41:04,327 - DEBUG - try match with TemplateMatching
2025-07-04 14:41:04,393 - DEBUG - [Template] threshold=0.7, result={'result': (1490, 1049), 'rectangle': ((1469, 1028), (1469, 1071), (1512, 1071), (1512, 1028)), 'confidence': 0.6359480619430542}
2025-07-04 14:41:04,395 - DEBUG - find_best_result() run time is 0.07 s.
2025-07-04 14:41:04,395 - DEBUG - try match with SIFTMatching
2025-07-04 14:41:04,913 - DEBUG - find_best_result() run time is 0.52 s.
2025-07-04 14:41:04,914 - DEBUG - try match with BRISKMatching
2025-07-04 14:41:05,094 - DEBUG - 'Not enough feature points in input images !'
2025-07-04 14:41:05,098 - DEBUG - match result: None
2025-07-04 14:41:05,672 - DEBUG - try match with MultiScaleTemplateMatchingPre
2025-07-04 14:41:05,672 - DEBUG - find_best_result() run time is 0.00 s.
2025-07-04 14:41:05,672 - DEBUG - try match with TemplateMatching
2025-07-04 14:41:05,742 - DEBUG - [Template] threshold=0.7, result={'result': (1490, 1049), 'rectangle': ((1469, 1028), (1469, 1071), (1512, 1071), (1512, 1028)), 'confidence': 0.6342785954475403}
2025-07-04 14:41:05,743 - DEBUG - find_best_result() run time is 0.07 s.
2025-07-04 14:41:05,744 - DEBUG - try match with SIFTMatching
2025-07-04 14:41:06,263 - DEBUG - find_best_result() run time is 0.52 s.
2025-07-04 14:41:06,264 - DEBUG - try match with BRISKMatching
2025-07-04 14:41:06,434 - DEBUG - 'Not enough feature points in input images !'
2025-07-04 14:41:06,437 - DEBUG - match result: None
2025-07-04 14:41:06,441 - INFO - Try finding: Template(E:\AUTO\pythonProject\modules\commond\close\closeAllWindows\close2.png)
2025-07-04 14:41:06,524 - DEBUG - try match with MultiScaleTemplateMatchingPre
2025-07-04 14:41:06,525 - DEBUG - find_best_result() run time is 0.00 s.
2025-07-04 14:41:06,525 - DEBUG - try match with TemplateMatching
2025-07-04 14:41:06,592 - DEBUG - [Template] threshold=0.7, result={'result': (2271, 58), 'rectangle': ((2246, 37), (2246, 80), (2296, 80), (2296, 37)), 'confidence': 0.6252477765083313}
2025-07-04 14:41:06,594 - DEBUG - find_best_result() run time is 0.07 s.
2025-07-04 14:41:06,594 - DEBUG - try match with SIFTMatching
2025-07-04 14:41:07,091 - DEBUG - [SIFT] threshold=0.7, result={'result': [2270, 58], 'rectangle': [(2238, 30), (2238, 85), (2301, 85), (2301, 30)], 'confidence': 0.9857815504074097}
2025-07-04 14:41:07,092 - DEBUG - find_best_result() run time is 0.50 s.
2025-07-04 14:41:07,092 - DEBUG - match result: {'result': [2270, 58], 'rectangle': [(2238, 30), (2238, 85), (2301, 85), (2301, 30)], 'confidence': 0.9857815504074097, 'time': 0.49789929389953613}
2025-07-04 14:41:07,093 - INFO - Try finding: Template(E:\AUTO\pythonProject\modules\commond\close\closeAllWindows\close2.png)
2025-07-04 14:41:07,189 - DEBUG - try match with MultiScaleTemplateMatchingPre
2025-07-04 14:41:07,189 - DEBUG - find_best_result() run time is 0.00 s.
2025-07-04 14:41:07,189 - DEBUG - try match with TemplateMatching
2025-07-04 14:41:07,246 - DEBUG - [Template] threshold=0.7, result={'result': (2271, 58), 'rectangle': ((2246, 37), (2246, 80), (2296, 80), (2296, 37)), 'confidence': 0.6269736886024475}
2025-07-04 14:41:07,248 - DEBUG - find_best_result() run time is 0.06 s.
2025-07-04 14:41:07,248 - DEBUG - try match with SIFTMatching
2025-07-04 14:41:07,779 - DEBUG - find_best_result() run time is 0.53 s.
2025-07-04 14:41:07,780 - DEBUG - try match with BRISKMatching
2025-07-04 14:41:07,953 - DEBUG - 'Not enough feature points in input images !'
2025-07-04 14:41:07,956 - DEBUG - match result: None
2025-07-04 14:41:08,534 - DEBUG - try match with MultiScaleTemplateMatchingPre
2025-07-04 14:41:08,534 - DEBUG - find_best_result() run time is 0.00 s.
2025-07-04 14:41:08,535 - DEBUG - try match with TemplateMatching
2025-07-04 14:41:08,601 - DEBUG - [Template] threshold=0.7, result={'result': (2271, 58), 'rectangle': ((2246, 37), (2246, 80), (2296, 80), (2296, 37)), 'confidence': 0.6278635859489441}
2025-07-04 14:41:08,604 - DEBUG - find_best_result() run time is 0.07 s.
2025-07-04 14:41:08,604 - DEBUG - try match with SIFTMatching
2025-07-04 14:41:09,150 - DEBUG - [SIFT] threshold=0.7, result={'result': [2270, 58], 'rectangle': [(2238, 30), (2238, 85), (2301, 85), (2301, 30)], 'confidence': 0.987920343875885}
2025-07-04 14:41:09,151 - DEBUG - find_best_result() run time is 0.55 s.
2025-07-04 14:41:09,151 - DEBUG - match result: {'result': [2270, 58], 'rectangle': [(2238, 30), (2238, 85), (2301, 85), (2301, 30)], 'confidence': 0.987920343875885, 'time': 0.5460076332092285}
2025-07-04 14:41:09,152 - DEBUG - C:\Program Files\Unity\Hub\Editor\2022.3.23f1\Editor\Data\PlaybackEngines\AndroidPlayer\SDK\platform-tools\adb.exe -s emulator-5554 shell input tap 2270 58
2025-07-04 14:41:09,683 - INFO - Try finding: Template(E:\AUTO\pythonProject\modules\commond\close\closeAllWindows\close3.png)
2025-07-04 14:41:09,758 - DEBUG - try match with MultiScaleTemplateMatchingPre
2025-07-04 14:41:09,758 - DEBUG - find_best_result() run time is 0.00 s.
2025-07-04 14:41:09,759 - DEBUG - try match with TemplateMatching
2025-07-04 14:41:09,823 - DEBUG - [Template] threshold=0.7, result={'result': (346, 96), 'rectangle': ((313, 70), (313, 122), (379, 122), (379, 70)), 'confidence': 0.5890832543373108}
2025-07-04 14:41:09,824 - DEBUG - find_best_result() run time is 0.07 s.
2025-07-04 14:41:09,825 - DEBUG - try match with SIFTMatching
2025-07-04 14:41:10,368 - DEBUG - find_best_result() run time is 0.54 s.
2025-07-04 14:41:10,368 - DEBUG - try match with BRISKMatching
2025-07-04 14:41:10,589 - DEBUG - 'Not enough feature points in input images !'
2025-07-04 14:41:10,593 - DEBUG - match result: None
2025-07-04 14:41:11,173 - DEBUG - try match with MultiScaleTemplateMatchingPre
2025-07-04 14:41:11,173 - DEBUG - find_best_result() run time is 0.00 s.
2025-07-04 14:41:11,174 - DEBUG - try match with TemplateMatching
2025-07-04 14:41:11,237 - DEBUG - [Template] threshold=0.7, result={'result': (346, 96), 'rectangle': ((313, 70), (313, 122), (379, 122), (379, 70)), 'confidence': 0.5875511765480042}
2025-07-04 14:41:11,239 - DEBUG - find_best_result() run time is 0.07 s.
2025-07-04 14:41:11,239 - DEBUG - try match with SIFTMatching
2025-07-04 14:41:11,804 - DEBUG - find_best_result() run time is 0.56 s.
2025-07-04 14:41:11,805 - DEBUG - try match with BRISKMatching
2025-07-04 14:41:12,076 - DEBUG - 'Not enough feature points in input images !'
2025-07-04 14:41:12,079 - DEBUG - match result: None
2025-07-04 14:41:12,657 - DEBUG - try match with MultiScaleTemplateMatchingPre
2025-07-04 14:41:12,658 - DEBUG - find_best_result() run time is 0.00 s.
2025-07-04 14:41:12,658 - DEBUG - try match with TemplateMatching
2025-07-04 14:41:12,721 - DEBUG - [Template] threshold=0.7, result={'result': (346, 96), 'rectangle': ((313, 70), (313, 122), (379, 122), (379, 70)), 'confidence': 0.5875511765480042}
2025-07-04 14:41:12,723 - DEBUG - find_best_result() run time is 0.07 s.
2025-07-04 14:41:12,723 - DEBUG - try match with SIFTMatching
2025-07-04 14:41:13,277 - DEBUG - find_best_result() run time is 0.55 s.
2025-07-04 14:41:13,278 - DEBUG - try match with BRISKMatching
2025-07-04 14:41:13,566 - DEBUG - 'Not enough feature points in input images !'
2025-07-04 14:41:13,568 - DEBUG - match result: None
2025-07-04 14:41:13,573 - INFO - Try finding: Template(E:\AUTO\pythonProject\modules\commond\close\closeAllWindows\close1.png)
2025-07-04 14:41:13,645 - DEBUG - try match with MultiScaleTemplateMatchingPre
2025-07-04 14:41:13,646 - DEBUG - find_best_result() run time is 0.00 s.
2025-07-04 14:41:13,646 - DEBUG - try match with TemplateMatching
2025-07-04 14:41:13,704 - DEBUG - [Template] threshold=0.7, result={'result': (439, 775), 'rectangle': ((418, 754), (418, 797), (461, 797), (461, 754)), 'confidence': 0.5952804684638977}
2025-07-04 14:41:13,706 - DEBUG - find_best_result() run time is 0.06 s.
2025-07-04 14:41:13,706 - DEBUG - try match with SIFTMatching
2025-07-04 14:41:14,298 - DEBUG - find_best_result() run time is 0.59 s.
2025-07-04 14:41:14,298 - DEBUG - try match with BRISKMatching
2025-07-04 14:41:14,579 - DEBUG - 'Not enough feature points in input images !'
2025-07-04 14:41:14,582 - DEBUG - match result: None
2025-07-04 14:41:15,158 - DEBUG - try match with MultiScaleTemplateMatchingPre
2025-07-04 14:41:15,158 - DEBUG - find_best_result() run time is 0.00 s.
2025-07-04 14:41:15,158 - DEBUG - try match with TemplateMatching
2025-07-04 14:41:15,214 - DEBUG - [Template] threshold=0.7, result={'result': (439, 775), 'rectangle': ((418, 754), (418, 797), (461, 797), (461, 754)), 'confidence': 0.5952804684638977}
2025-07-04 14:41:15,215 - DEBUG - find_best_result() run time is 0.06 s.
2025-07-04 14:41:15,216 - DEBUG - try match with SIFTMatching
2025-07-04 14:41:15,713 - DEBUG - find_best_result() run time is 0.50 s.
2025-07-04 14:41:15,714 - DEBUG - try match with BRISKMatching
2025-07-04 14:41:15,973 - DEBUG - 'Not enough feature points in input images !'
2025-07-04 14:41:15,976 - DEBUG - match result: None
2025-07-04 14:41:16,548 - DEBUG - try match with MultiScaleTemplateMatchingPre
2025-07-04 14:41:16,549 - DEBUG - find_best_result() run time is 0.00 s.
2025-07-04 14:41:16,549 - DEBUG - try match with TemplateMatching
2025-07-04 14:41:16,607 - DEBUG - [Template] threshold=0.7, result={'result': (439, 775), 'rectangle': ((418, 754), (418, 797), (461, 797), (461, 754)), 'confidence': 0.5952799916267395}
2025-07-04 14:41:16,608 - DEBUG - find_best_result() run time is 0.06 s.
2025-07-04 14:41:16,609 - DEBUG - try match with SIFTMatching
2025-07-04 14:41:17,137 - DEBUG - find_best_result() run time is 0.53 s.
2025-07-04 14:41:17,138 - DEBUG - try match with BRISKMatching
2025-07-04 14:41:17,401 - DEBUG - 'Not enough feature points in input images !'
2025-07-04 14:41:17,404 - DEBUG - match result: None
2025-07-04 14:41:17,408 - INFO - Try finding: Template(E:\AUTO\pythonProject\modules\commond\close\closeAllWindows\close2.png)
2025-07-04 14:41:17,480 - DEBUG - try match with MultiScaleTemplateMatchingPre
2025-07-04 14:41:17,480 - DEBUG - find_best_result() run time is 0.00 s.
2025-07-04 14:41:17,480 - DEBUG - try match with TemplateMatching
2025-07-04 14:41:17,541 - DEBUG - [Template] threshold=0.7, result={'result': (428, 471), 'rectangle': ((403, 450), (403, 493), (453, 493), (453, 450)), 'confidence': 0.6143720746040344}
2025-07-04 14:41:17,543 - DEBUG - find_best_result() run time is 0.06 s.
2025-07-04 14:41:17,543 - DEBUG - try match with SIFTMatching
2025-07-04 14:41:18,069 - DEBUG - find_best_result() run time is 0.53 s.
2025-07-04 14:41:18,071 - DEBUG - try match with BRISKMatching
2025-07-04 14:41:18,330 - DEBUG - 'Not enough feature points in input images !'
2025-07-04 14:41:18,332 - DEBUG - match result: None
2025-07-04 14:41:18,905 - DEBUG - try match with MultiScaleTemplateMatchingPre
2025-07-04 14:41:18,906 - DEBUG - find_best_result() run time is 0.00 s.
2025-07-04 14:41:18,906 - DEBUG - try match with TemplateMatching
2025-07-04 14:41:18,963 - DEBUG - [Template] threshold=0.7, result={'result': (427, 472), 'rectangle': ((402, 451), (402, 494), (452, 494), (452, 451)), 'confidence': 0.6347042918205261}
2025-07-04 14:41:18,964 - DEBUG - find_best_result() run time is 0.06 s.
2025-07-04 14:41:18,965 - DEBUG - try match with SIFTMatching
2025-07-04 14:41:19,482 - DEBUG - find_best_result() run time is 0.52 s.
2025-07-04 14:41:19,482 - DEBUG - try match with BRISKMatching
2025-07-04 14:41:19,740 - DEBUG - 'Not enough feature points in input images !'
2025-07-04 14:41:19,743 - DEBUG - match result: None
2025-07-04 14:41:20,319 - DEBUG - try match with MultiScaleTemplateMatchingPre
2025-07-04 14:41:20,319 - DEBUG - find_best_result() run time is 0.00 s.
2025-07-04 14:41:20,320 - DEBUG - try match with TemplateMatching
2025-07-04 14:41:20,379 - DEBUG - [Template] threshold=0.7, result={'result': (49, 824), 'rectangle': ((24, 803), (24, 846), (74, 846), (74, 803)), 'confidence': 0.530443549156189}
2025-07-04 14:41:20,380 - DEBUG - find_best_result() run time is 0.06 s.
2025-07-04 14:41:20,381 - DEBUG - try match with SIFTMatching
2025-07-04 14:41:20,886 - DEBUG - find_best_result() run time is 0.50 s.
2025-07-04 14:41:20,887 - DEBUG - try match with BRISKMatching
2025-07-04 14:41:21,141 - DEBUG - 'Not enough feature points in input images !'
2025-07-04 14:41:21,144 - DEBUG - match result: None
2025-07-04 14:41:21,148 - INFO - Try finding: Template(E:\AUTO\pythonProject\modules\commond\close\closeAllWindows\close3.png)
2025-07-04 14:41:21,222 - DEBUG - try match with MultiScaleTemplateMatchingPre
2025-07-04 14:41:21,223 - DEBUG - find_best_result() run time is 0.00 s.
2025-07-04 14:41:21,223 - DEBUG - try match with TemplateMatching
2025-07-04 14:41:21,285 - DEBUG - [Template] threshold=0.7, result={'result': (346, 96), 'rectangle': ((313, 70), (313, 122), (379, 122), (379, 70)), 'confidence': 0.5875498056411743}
2025-07-04 14:41:21,286 - DEBUG - find_best_result() run time is 0.06 s.
2025-07-04 14:41:21,286 - DEBUG - try match with SIFTMatching
2025-07-04 14:41:21,821 - DEBUG - find_best_result() run time is 0.53 s.
2025-07-04 14:41:21,822 - DEBUG - try match with BRISKMatching
2025-07-04 14:41:22,069 - DEBUG - 'Not enough feature points in input images !'
2025-07-04 14:41:22,071 - DEBUG - match result: None
2025-07-04 14:41:22,649 - DEBUG - try match with MultiScaleTemplateMatchingPre
2025-07-04 14:41:22,650 - DEBUG - find_best_result() run time is 0.00 s.
2025-07-04 14:41:22,650 - DEBUG - try match with TemplateMatching
2025-07-04 14:41:22,713 - DEBUG - [Template] threshold=0.7, result={'result': (346, 96), 'rectangle': ((313, 70), (313, 122), (379, 122), (379, 70)), 'confidence': 0.5875498056411743}
2025-07-04 14:41:22,714 - DEBUG - find_best_result() run time is 0.06 s.
2025-07-04 14:41:22,714 - DEBUG - try match with SIFTMatching
2025-07-04 14:41:23,250 - DEBUG - find_best_result() run time is 0.53 s.
2025-07-04 14:41:23,250 - DEBUG - try match with BRISKMatching
2025-07-04 14:41:23,503 - DEBUG - 'Not enough feature points in input images !'
2025-07-04 14:41:23,506 - DEBUG - match result: None
2025-07-04 14:41:24,092 - DEBUG - try match with MultiScaleTemplateMatchingPre
2025-07-04 14:41:24,093 - DEBUG - find_best_result() run time is 0.00 s.
2025-07-04 14:41:24,093 - DEBUG - try match with TemplateMatching
2025-07-04 14:41:24,154 - DEBUG - [Template] threshold=0.7, result={'result': (346, 96), 'rectangle': ((313, 70), (313, 122), (379, 122), (379, 70)), 'confidence': 0.5875502228736877}
2025-07-04 14:41:24,156 - DEBUG - find_best_result() run time is 0.06 s.
2025-07-04 14:41:24,156 - DEBUG - try match with SIFTMatching
2025-07-04 14:41:24,696 - DEBUG - find_best_result() run time is 0.54 s.
2025-07-04 14:41:24,697 - DEBUG - try match with BRISKMatching
2025-07-04 14:41:24,944 - DEBUG - 'Not enough feature points in input images !'
2025-07-04 14:41:24,947 - DEBUG - match result: None
2025-07-04 14:41:26,068 - INFO - Try finding: Template(E:\AUTO\pythonProject\modules\function\login\img\main_view.png)
2025-07-04 14:41:26,144 - DEBUG - try match with MultiScaleTemplateMatchingPre
2025-07-04 14:41:26,145 - DEBUG - find_best_result() run time is 0.00 s.
2025-07-04 14:41:26,145 - DEBUG - try match with TemplateMatching
2025-07-04 14:41:26,221 - DEBUG - [Template] threshold=0.7, result={'result': (1155, 977), 'rectangle': ((670, 914), (670, 1040), (1640, 1040), (1640, 914)), 'confidence': 0.3114446699619293}
2025-07-04 14:41:26,222 - DEBUG - find_best_result() run time is 0.08 s.
2025-07-04 14:41:26,222 - DEBUG - try match with SIFTMatching
2025-07-04 14:41:27,242 - DEBUG - [SIFT] threshold=0.7, result={'result': (1091, 988), 'rectangle': [(465, 908), (465, 1069), (1717, 1069), (1717, 908)], 'confidence': 0.9895059764385223}
2025-07-04 14:41:27,243 - DEBUG - find_best_result() run time is 1.02 s.
2025-07-04 14:41:27,243 - DEBUG - match result: {'result': (1091, 988), 'rectangle': [(465, 908), (465, 1069), (1717, 1069), (1717, 908)], 'confidence': 0.9895059764385223, 'time': 1.0212678909301758}
2025-07-04 14:41:27,714 - DEBUG - C:\Program Files\Unity\Hub\Editor\2022.3.23f1\Editor\Data\PlaybackEngines\AndroidPlayer\SDK\platform-tools\adb.exe -s emulator-5554 wait-for-device
2025-07-04 14:41:27,844 - DEBUG - C:\Program Files\Unity\Hub\Editor\2022.3.23f1\Editor\Data\PlaybackEngines\AndroidPlayer\SDK\platform-tools\adb.exe -s emulator-5554 shell getprop ro.build.version.sdk
2025-07-04 14:41:27,969 - WARNING - Device:emulator-5554 updated <airtest.core.android.android.Android object at 0x0000020D473FA760> -> <airtest.core.android.android.Android object at 0x0000020D47B7B8B0>
2025-07-04 14:41:31,070 - DEBUG - C:\Program Files\Unity\Hub\Editor\2022.3.23f1\Editor\Data\PlaybackEngines\AndroidPlayer\SDK\platform-tools\adb.exe -s emulator-5554 shell dumpsys package com.netease.nie.yosemite
2025-07-04 14:41:31,209 - DEBUG - C:\Program Files\Unity\Hub\Editor\2022.3.23f1\Editor\Data\PlaybackEngines\AndroidPlayer\SDK\platform-tools\adb.exe -s emulator-5554 forward --no-rebind tcp:13118 localabstract:javacap_13118
2025-07-04 14:41:31,322 - DEBUG - C:\Program Files\Unity\Hub\Editor\2022.3.23f1\Editor\Data\PlaybackEngines\AndroidPlayer\SDK\platform-tools\adb.exe -s emulator-5554 shell pm path com.netease.nie.yosemite
2025-07-04 14:41:31,477 - DEBUG - C:\Program Files\Unity\Hub\Editor\2022.3.23f1\Editor\Data\PlaybackEngines\AndroidPlayer\SDK\platform-tools\adb.exe -s emulator-5554 shell CLASSPATH=/data/app/com.netease.nie.yosemite-QDakP4cbYaOG9cISZ6t3_g==/base.apk exec app_process /system/bin com.netease.nie.yosemite.Capture --scale 100 --socket javacap_13118 -lazy 2>&1
2025-07-04 14:41:31,764 - DEBUG - [javacap_sever]b'Capture server listening on @javacap_13118'
2025-07-04 14:41:31,914 - DEBUG - (1, 3, 0, 2400, 1080, 0, 0, 0, 1)
2025-07-04 14:41:32,089 - INFO - Try finding: Template(E:\AUTO\pythonProject\modules\function\KamarBiasa\img\kamar_enter.png)
2025-07-04 14:41:32,164 - DEBUG - try match with MultiScaleTemplateMatchingPre
2025-07-04 14:41:32,164 - DEBUG - find_best_result() run time is 0.00 s.
2025-07-04 14:41:32,165 - DEBUG - try match with TemplateMatching
2025-07-04 14:41:32,282 - DEBUG - [Template] threshold=0.7, result={'result': (1213, 704), 'rectangle': ((1090, 633), (1090, 776), (1337, 776), (1337, 633)), 'confidence': 0.4609896242618561}
2025-07-04 14:41:32,284 - DEBUG - find_best_result() run time is 0.12 s.
2025-07-04 14:41:32,284 - DEBUG - try match with SIFTMatching
2025-07-04 14:41:33,012 - DEBUG - [SIFT] threshold=0.7, result={'result': (1207, 712), 'rectangle': [(1049, 623), (1049, 801), (1365, 801), (1365, 623)], 'confidence': 0.9675367474555969}
2025-07-04 14:41:33,013 - DEBUG - find_best_result() run time is 0.73 s.
2025-07-04 14:41:33,013 - DEBUG - match result: {'result': (1207, 712), 'rectangle': [(1049, 623), (1049, 801), (1365, 801), (1365, 623)], 'confidence': 0.9675367474555969, 'time': 0.727576494216919}
2025-07-04 14:41:33,014 - INFO - Try finding: Template(E:\AUTO\pythonProject\modules\function\KamarBiasa\img\kamar_enter.png)
2025-07-04 14:41:33,100 - DEBUG - try match with MultiScaleTemplateMatchingPre
2025-07-04 14:41:33,100 - DEBUG - find_best_result() run time is 0.00 s.
2025-07-04 14:41:33,101 - DEBUG - try match with TemplateMatching
2025-07-04 14:41:33,180 - DEBUG - [Template] threshold=0.7, result={'result': (1213, 704), 'rectangle': ((1090, 633), (1090, 776), (1337, 776), (1337, 633)), 'confidence': 0.4551437795162201}
2025-07-04 14:41:33,181 - DEBUG - find_best_result() run time is 0.08 s.
2025-07-04 14:41:33,182 - DEBUG - try match with SIFTMatching
2025-07-04 14:41:33,868 - DEBUG - [SIFT] threshold=0.7, result={'result': (1207, 710), 'rectangle': [(1051, 619), (1051, 801), (1363, 801), (1363, 619)], 'confidence': 0.9474629461765289}
2025-07-04 14:41:33,868 - DEBUG - find_best_result() run time is 0.69 s.
2025-07-04 14:41:33,869 - DEBUG - match result: {'result': (1207, 710), 'rectangle': [(1051, 619), (1051, 801), (1363, 801), (1363, 619)], 'confidence': 0.9474629461765289, 'time': 0.6861345767974854}
2025-07-04 14:41:33,870 - DEBUG - C:\Program Files\Unity\Hub\Editor\2022.3.23f1\Editor\Data\PlaybackEngines\AndroidPlayer\SDK\platform-tools\adb.exe -s emulator-5554 shell ls -l /data/local/tmp/rotationwatcher.jar
2025-07-04 14:41:34,038 - DEBUG - install_rotationwatcher skipped
2025-07-04 14:41:34,039 - DEBUG - C:\Program Files\Unity\Hub\Editor\2022.3.23f1\Editor\Data\PlaybackEngines\AndroidPlayer\SDK\platform-tools\adb.exe -s emulator-5554 shell app_process -Djava.class.path=/data/local/tmp/rotationwatcher.jar /data/local/tmp com.example.rotationwatcher.Main
2025-07-04 14:41:34,258 - DEBUG - [rotation_server]b'0'
2025-07-04 14:41:35,093 - INFO - update orientation None->0
2025-07-04 14:41:35,094 - DEBUG - C:\Program Files\Unity\Hub\Editor\2022.3.23f1\Editor\Data\PlaybackEngines\AndroidPlayer\SDK\platform-tools\adb.exe -s emulator-5554 shell wm size
2025-07-04 14:41:35,240 - DEBUG - C:\Program Files\Unity\Hub\Editor\2022.3.23f1\Editor\Data\PlaybackEngines\AndroidPlayer\SDK\platform-tools\adb.exe -s emulator-5554 shell getprop ro.sf.lcd_density
2025-07-04 14:41:35,378 - DEBUG - C:\Program Files\Unity\Hub\Editor\2022.3.23f1\Editor\Data\PlaybackEngines\AndroidPlayer\SDK\platform-tools\adb.exe -s emulator-5554 shell dumpsys SurfaceFlinger
2025-07-04 14:41:35,551 - DEBUG - C:\Program Files\Unity\Hub\Editor\2022.3.23f1\Editor\Data\PlaybackEngines\AndroidPlayer\SDK\platform-tools\adb.exe -s emulator-5554 shell getevent -p
2025-07-04 14:41:35,861 - DEBUG - C:\Program Files\Unity\Hub\Editor\2022.3.23f1\Editor\Data\PlaybackEngines\AndroidPlayer\SDK\platform-tools\adb.exe -s emulator-5554 shell input tap 1207 710
2025-07-04 14:41:37,544 - INFO - Try finding: Template(E:\AUTO\pythonProject\modules\function\QiuQIu\img\back.png)
2025-07-04 14:41:37,612 - DEBUG - try match with MultiScaleTemplateMatchingPre
2025-07-04 14:41:37,612 - DEBUG - find_best_result() run time is 0.00 s.
2025-07-04 14:41:37,613 - DEBUG - try match with TemplateMatching
2025-07-04 14:41:37,676 - DEBUG - [Template] threshold=0.7, result={'result': (2245, 60), 'rectangle': ((2203, 27), (2203, 93), (2287, 93), (2287, 27)), 'confidence': 0.49654272198677063}
2025-07-04 14:41:37,677 - DEBUG - find_best_result() run time is 0.06 s.
2025-07-04 14:41:37,677 - DEBUG - try match with SIFTMatching
2025-07-04 14:41:38,179 - DEBUG - [SIFT] threshold=0.7, result={'result': [170, 75], 'rectangle': [(115, 20), (115, 130), (224, 130), (224, 20)], 'confidence': 0.7737450897693634}
2025-07-04 14:41:38,180 - DEBUG - find_best_result() run time is 0.50 s.
2025-07-04 14:41:38,180 - DEBUG - match result: {'result': [170, 75], 'rectangle': [(115, 20), (115, 130), (224, 130), (224, 20)], 'confidence': 0.7737450897693634, 'time': 0.5013735294342041}
2025-07-04 14:41:38,181 - INFO - Try finding: Template(E:\AUTO\pythonProject\modules\function\QiuQIu\img\back.png)
2025-07-04 14:41:38,262 - DEBUG - try match with MultiScaleTemplateMatchingPre
2025-07-04 14:41:38,263 - DEBUG - find_best_result() run time is 0.00 s.
2025-07-04 14:41:38,263 - DEBUG - try match with TemplateMatching
2025-07-04 14:41:38,328 - DEBUG - [Template] threshold=0.7, result={'result': (2245, 60), 'rectangle': ((2203, 27), (2203, 93), (2287, 93), (2287, 27)), 'confidence': 0.49654272198677063}
2025-07-04 14:41:38,330 - DEBUG - find_best_result() run time is 0.07 s.
2025-07-04 14:41:38,330 - DEBUG - try match with SIFTMatching
2025-07-04 14:41:38,839 - DEBUG - [SIFT] threshold=0.7, result={'result': [170, 75], 'rectangle': [(115, 20), (115, 130), (224, 130), (224, 20)], 'confidence': 0.7737450897693634}
2025-07-04 14:41:38,840 - DEBUG - find_best_result() run time is 0.51 s.
2025-07-04 14:41:38,840 - DEBUG - match result: {'result': [170, 75], 'rectangle': [(115, 20), (115, 130), (224, 130), (224, 20)], 'confidence': 0.7737450897693634, 'time': 0.5099377632141113}
2025-07-04 14:41:38,841 - DEBUG - C:\Program Files\Unity\Hub\Editor\2022.3.23f1\Editor\Data\PlaybackEngines\AndroidPlayer\SDK\platform-tools\adb.exe -s emulator-5554 shell input tap 170 75
2025-07-04 14:41:40,461 - INFO - Try finding: Template(E:\AUTO\pythonProject\modules\function\Remi\img\remi_enter.png)
2025-07-04 14:41:40,543 - DEBUG - try match with MultiScaleTemplateMatchingPre
2025-07-04 14:41:40,543 - DEBUG - find_best_result() run time is 0.00 s.
2025-07-04 14:41:40,543 - DEBUG - try match with TemplateMatching
2025-07-04 14:41:40,625 - DEBUG - [Template] threshold=0.7, result={'result': (2285, 506), 'rectangle': ((2193, 438), (2193, 574), (2378, 574), (2378, 438)), 'confidence': 0.30108073353767395}
2025-07-04 14:41:40,627 - DEBUG - find_best_result() run time is 0.08 s.
2025-07-04 14:41:40,627 - DEBUG - try match with SIFTMatching
2025-07-04 14:41:41,253 - DEBUG - [SIFT] threshold=0.7, result={'result': (1864, 326), 'rectangle': [(1746, 239), (1746, 414), (1982, 414), (1982, 239)], 'confidence': 0.9791461825370789}
2025-07-04 14:41:41,254 - DEBUG - find_best_result() run time is 0.63 s.
2025-07-04 14:41:41,254 - DEBUG - match result: {'result': (1864, 326), 'rectangle': [(1746, 239), (1746, 414), (1982, 414), (1982, 239)], 'confidence': 0.9791461825370789, 'time': 0.6270689964294434}
2025-07-04 14:41:41,256 - INFO - Try finding: Template(E:\AUTO\pythonProject\modules\function\Remi\img\remi_enter.png)
2025-07-04 14:41:41,330 - DEBUG - try match with MultiScaleTemplateMatchingPre
2025-07-04 14:41:41,331 - DEBUG - find_best_result() run time is 0.00 s.
2025-07-04 14:41:41,331 - DEBUG - try match with TemplateMatching
2025-07-04 14:41:41,417 - DEBUG - [Template] threshold=0.7, result={'result': (789, 751), 'rectangle': ((697, 683), (697, 819), (882, 819), (882, 683)), 'confidence': 0.29707956314086914}
2025-07-04 14:41:41,418 - DEBUG - find_best_result() run time is 0.09 s.
2025-07-04 14:41:41,419 - DEBUG - try match with SIFTMatching
2025-07-04 14:41:42,074 - DEBUG - [SIFT] threshold=0.7, result={'result': (1864, 327), 'rectangle': [(1746, 240), (1746, 414), (1983, 414), (1983, 240)], 'confidence': 0.9922026991844177}
2025-07-04 14:41:42,075 - DEBUG - find_best_result() run time is 0.66 s.
2025-07-04 14:41:42,076 - DEBUG - match result: {'result': (1864, 327), 'rectangle': [(1746, 240), (1746, 414), (1983, 414), (1983, 240)], 'confidence': 0.9922026991844177, 'time': 0.6561999320983887}
2025-07-04 14:41:42,078 - DEBUG - C:\Program Files\Unity\Hub\Editor\2022.3.23f1\Editor\Data\PlaybackEngines\AndroidPlayer\SDK\platform-tools\adb.exe -s emulator-5554 shell input tap 1864 327
2025-07-04 14:41:43,702 - INFO - Try finding: Template(E:\AUTO\pythonProject\modules\function\QiuQIu\img\back.png)
2025-07-04 14:41:43,782 - DEBUG - try match with MultiScaleTemplateMatchingPre
2025-07-04 14:41:43,782 - DEBUG - find_best_result() run time is 0.00 s.
2025-07-04 14:41:43,782 - DEBUG - try match with TemplateMatching
2025-07-04 14:41:43,859 - DEBUG - [Template] threshold=0.7, result={'result': (2245, 60), 'rectangle': ((2203, 27), (2203, 93), (2287, 93), (2287, 27)), 'confidence': 0.49654504656791687}
2025-07-04 14:41:43,860 - DEBUG - find_best_result() run time is 0.08 s.
2025-07-04 14:41:43,861 - DEBUG - try match with SIFTMatching
2025-07-04 14:41:44,357 - DEBUG - [SIFT] threshold=0.7, result={'result': [170, 75], 'rectangle': [(115, 20), (115, 130), (224, 130), (224, 20)], 'confidence': 0.7737450897693634}
2025-07-04 14:41:44,357 - DEBUG - find_best_result() run time is 0.50 s.
2025-07-04 14:41:44,358 - DEBUG - match result: {'result': [170, 75], 'rectangle': [(115, 20), (115, 130), (224, 130), (224, 20)], 'confidence': 0.7737450897693634, 'time': 0.49656057357788086}
2025-07-04 14:41:44,360 - INFO - Try finding: Template(E:\AUTO\pythonProject\modules\function\QiuQIu\img\back.png)
2025-07-04 14:41:44,462 - DEBUG - try match with MultiScaleTemplateMatchingPre
2025-07-04 14:41:44,462 - DEBUG - find_best_result() run time is 0.00 s.
2025-07-04 14:41:44,462 - DEBUG - try match with TemplateMatching
2025-07-04 14:41:44,524 - DEBUG - [Template] threshold=0.7, result={'result': (2245, 60), 'rectangle': ((2203, 27), (2203, 93), (2287, 93), (2287, 27)), 'confidence': 0.49654504656791687}
2025-07-04 14:41:44,526 - DEBUG - find_best_result() run time is 0.06 s.
2025-07-04 14:41:44,526 - DEBUG - try match with SIFTMatching
2025-07-04 14:41:44,984 - DEBUG - [SIFT] threshold=0.7, result={'result': [170, 75], 'rectangle': [(115, 20), (115, 130), (224, 130), (224, 20)], 'confidence': 0.7737450897693634}
2025-07-04 14:41:44,985 - DEBUG - find_best_result() run time is 0.46 s.
2025-07-04 14:41:44,985 - DEBUG - match result: {'result': [170, 75], 'rectangle': [(115, 20), (115, 130), (224, 130), (224, 20)], 'confidence': 0.7737450897693634, 'time': 0.45945143699645996}
2025-07-04 14:41:44,987 - DEBUG - C:\Program Files\Unity\Hub\Editor\2022.3.23f1\Editor\Data\PlaybackEngines\AndroidPlayer\SDK\platform-tools\adb.exe -s emulator-5554 shell input tap 170 75
2025-07-04 14:41:46,709 - INFO - Try finding: Template(E:\AUTO\pythonProject\modules\function\QiuQIu\img\qiuqiu_enter.png)
2025-07-04 14:41:46,786 - DEBUG - try match with MultiScaleTemplateMatchingPre
2025-07-04 14:41:46,786 - DEBUG - find_best_result() run time is 0.00 s.
2025-07-04 14:41:46,786 - DEBUG - try match with TemplateMatching
2025-07-04 14:41:46,852 - DEBUG - [Template] threshold=0.7, result={'result': (502, 498), 'rectangle': ((430, 458), (430, 538), (574, 538), (574, 458)), 'confidence': 0.342846155166626}
2025-07-04 14:41:46,854 - DEBUG - find_best_result() run time is 0.07 s.
2025-07-04 14:41:46,854 - DEBUG - try match with SIFTMatching
2025-07-04 14:41:47,527 - DEBUG - [SIFT] threshold=0.7, result={'result': (1548, 367), 'rectangle': [(1456, 319), (1456, 416), (1640, 416), (1640, 319)], 'confidence': 0.9635964334011078}
2025-07-04 14:41:47,527 - DEBUG - find_best_result() run time is 0.67 s.
2025-07-04 14:41:47,528 - DEBUG - match result: {'result': (1548, 367), 'rectangle': [(1456, 319), (1456, 416), (1640, 416), (1640, 319)], 'confidence': 0.9635964334011078, 'time': 0.6729841232299805}
2025-07-04 14:41:47,529 - INFO - Try finding: Template(E:\AUTO\pythonProject\modules\function\QiuQIu\img\qiuqiu_enter.png)
2025-07-04 14:41:47,601 - DEBUG - try match with MultiScaleTemplateMatchingPre
2025-07-04 14:41:47,601 - DEBUG - find_best_result() run time is 0.00 s.
2025-07-04 14:41:47,601 - DEBUG - try match with TemplateMatching
2025-07-04 14:41:47,665 - DEBUG - [Template] threshold=0.7, result={'result': (627, 501), 'rectangle': ((555, 461), (555, 541), (699, 541), (699, 461)), 'confidence': 0.3340323567390442}
2025-07-04 14:41:47,668 - DEBUG - find_best_result() run time is 0.07 s.
2025-07-04 14:41:47,669 - DEBUG - try match with SIFTMatching
2025-07-04 14:41:48,489 - DEBUG - [SIFT] threshold=0.7, result={'result': (1548, 366), 'rectangle': [(1456, 317), (1456, 416), (1640, 416), (1640, 317)], 'confidence': 0.9768173098564148}
2025-07-04 14:41:48,489 - DEBUG - find_best_result() run time is 0.82 s.
2025-07-04 14:41:48,490 - DEBUG - match result: {'result': (1548, 366), 'rectangle': [(1456, 317), (1456, 416), (1640, 416), (1640, 317)], 'confidence': 0.9768173098564148, 'time': 0.8203859329223633}
2025-07-04 14:41:48,490 - DEBUG - C:\Program Files\Unity\Hub\Editor\2022.3.23f1\Editor\Data\PlaybackEngines\AndroidPlayer\SDK\platform-tools\adb.exe -s emulator-5554 shell input tap 1548 366
2025-07-04 14:41:50,115 - INFO - Try finding: Template(E:\AUTO\pythonProject\modules\function\QiuQIu\img\back.png)
2025-07-04 14:41:50,184 - DEBUG - try match with MultiScaleTemplateMatchingPre
2025-07-04 14:41:50,185 - DEBUG - find_best_result() run time is 0.00 s.
2025-07-04 14:41:50,185 - DEBUG - try match with TemplateMatching
2025-07-04 14:41:50,249 - DEBUG - [Template] threshold=0.7, result={'result': (2245, 60), 'rectangle': ((2203, 27), (2203, 93), (2287, 93), (2287, 27)), 'confidence': 0.5064241290092468}
2025-07-04 14:41:50,250 - DEBUG - find_best_result() run time is 0.07 s.
2025-07-04 14:41:50,250 - DEBUG - try match with SIFTMatching
2025-07-04 14:41:50,715 - DEBUG - [SIFT] threshold=0.7, result={'result': (168, 73), 'rectangle': [(114, 30), (114, 116), (223, 116), (223, 30)], 'confidence': 0.9870051741600037}
2025-07-04 14:41:50,716 - DEBUG - find_best_result() run time is 0.47 s.
2025-07-04 14:41:50,716 - DEBUG - match result: {'result': (168, 73), 'rectangle': [(114, 30), (114, 116), (223, 116), (223, 30)], 'confidence': 0.9870051741600037, 'time': 0.4654109477996826}
2025-07-04 14:41:50,717 - INFO - Try finding: Template(E:\AUTO\pythonProject\modules\function\QiuQIu\img\back.png)
2025-07-04 14:41:50,800 - DEBUG - try match with MultiScaleTemplateMatchingPre
2025-07-04 14:41:50,800 - DEBUG - find_best_result() run time is 0.00 s.
2025-07-04 14:41:50,800 - DEBUG - try match with TemplateMatching
2025-07-04 14:41:50,863 - DEBUG - [Template] threshold=0.7, result={'result': (2245, 60), 'rectangle': ((2203, 27), (2203, 93), (2287, 93), (2287, 27)), 'confidence': 0.5064241290092468}
2025-07-04 14:41:50,864 - DEBUG - find_best_result() run time is 0.06 s.
2025-07-04 14:41:50,864 - DEBUG - try match with SIFTMatching
2025-07-04 14:41:51,330 - DEBUG - [SIFT] threshold=0.7, result={'result': (168, 73), 'rectangle': [(114, 30), (114, 116), (223, 116), (223, 30)], 'confidence': 0.9870051741600037}
2025-07-04 14:41:51,331 - DEBUG - find_best_result() run time is 0.47 s.
2025-07-04 14:41:51,331 - DEBUG - match result: {'result': (168, 73), 'rectangle': [(114, 30), (114, 116), (223, 116), (223, 30)], 'confidence': 0.9870051741600037, 'time': 0.46521496772766113}
2025-07-04 14:41:51,332 - DEBUG - C:\Program Files\Unity\Hub\Editor\2022.3.23f1\Editor\Data\PlaybackEngines\AndroidPlayer\SDK\platform-tools\adb.exe -s emulator-5554 shell input tap 168 73
2025-07-04 14:41:58,330 - DEBUG - C:\Program Files\Unity\Hub\Editor\2022.3.23f1\Editor\Data\PlaybackEngines\AndroidPlayer\SDK\platform-tools\adb.exe -s emulator-5554 forward --remove tcp:11668
2025-07-04 14:41:58,443 - DEBUG - C:\Program Files\Unity\Hub\Editor\2022.3.23f1\Editor\Data\PlaybackEngines\AndroidPlayer\SDK\platform-tools\adb.exe -s emulator-5554 forward --remove tcp:13118
2025-07-04 14:41:58,569 - DEBUG - [rotation_server]b''
2025-07-04 14:41:58,583 - DEBUG - [javacap_sever]b''
2025-07-04 14:41:58,597 - DEBUG - [rotation_server]b''
2025-07-04 14:41:58,613 - DEBUG - [javacap_sever]b''
