2025-06-16 18:26:19,316 - DEBUG - E:\MuMu Player 12\shell\adb.exe -s emulator-5554 wait-for-device
2025-06-16 18:26:19,414 - DEBUG - E:\MuMu Player 12\shell\adb.exe -s emulator-5554 shell getprop ro.build.version.sdk
2025-06-16 18:26:22,552 - DEBUG - E:\MuMu Player 12\shell\adb.exe -s emulator-5554 shell dumpsys package com.netease.nie.yosemite
2025-06-16 18:26:22,676 - DEBUG - E:\MuMu Player 12\shell\adb.exe -s emulator-5554 forward --no-rebind tcp:19878 localabstract:javacap_19878
2025-06-16 18:26:22,778 - DEBUG - E:\MuMu Player 12\shell\adb.exe -s emulator-5554 shell pm path com.netease.nie.yosemite
2025-06-16 18:26:22,889 - DEBUG - E:\MuMu Player 12\shell\adb.exe -s emulator-5554 shell CLASSPATH=/data/app/com.netease.nie.yosemite-QDakP4cbYaOG9cISZ6t3_g==/base.apk exec app_process /system/bin com.netease.nie.yosemite.Capture --scale 100 --socket javacap_19878 -lazy 2>&1
2025-06-16 18:26:23,099 - DEBUG - [javacap_sever]b'Capture server listening on @javacap_19878'
2025-06-16 18:26:23,210 - DEBUG - (1, 3, 0, 2400, 1080, 0, 0, 0, 1)
2025-06-16 18:26:24,469 - DEBUG - E:\MuMu Player 12\shell\adb.exe -s emulator-5554 shell am force-stop com.neptune.domino
2025-06-16 18:26:24,610 - DEBUG - E:\MuMu Player 12\shell\adb.exe -s emulator-5554 shell monkey -p com.neptune.domino -c android.intent.category.LAUNCHER 1
2025-06-16 18:26:44,867 - DEBUG - E:\MuMu Player 12\shell\adb.exe -s emulator-5554 shell pidof com.neptune.domino
2025-06-16 18:26:46,096 - INFO - Try finding: Template(E:\AUTO\pythonProject\modules\commond\close\closeAllWindows\close1.png)
2025-06-16 18:26:46,171 - DEBUG - try match with MultiScaleTemplateMatchingPre
2025-06-16 18:26:46,171 - DEBUG - find_best_result() run time is 0.00 s.
2025-06-16 18:26:46,171 - DEBUG - try match with TemplateMatching
2025-06-16 18:26:46,221 - DEBUG - [Template] threshold=0.7, result={'result': (2185, 90), 'rectangle': ((2164, 69), (2164, 112), (2207, 112), (2207, 69)), 'confidence': 0.6970329284667969}
2025-06-16 18:26:46,221 - DEBUG - find_best_result() run time is 0.05 s.
2025-06-16 18:26:46,222 - DEBUG - try match with SIFTMatching
2025-06-16 18:26:46,658 - DEBUG - [SIFT] threshold=0.7, result={'result': [2186, 92], 'rectangle': [(2158, 59), (2158, 124), (2213, 124), (2213, 59)], 'confidence': 0.9164214134216309}
2025-06-16 18:26:46,658 - DEBUG - find_best_result() run time is 0.44 s.
2025-06-16 18:26:46,659 - DEBUG - match result: {'result': [2186, 92], 'rectangle': [(2158, 59), (2158, 124), (2213, 124), (2213, 59)], 'confidence': 0.9164214134216309, 'time': 0.43613457679748535}
2025-06-16 18:26:46,659 - INFO - Try finding: Template(E:\AUTO\pythonProject\modules\commond\close\closeAllWindows\close1.png)
2025-06-16 18:26:46,725 - DEBUG - try match with MultiScaleTemplateMatchingPre
2025-06-16 18:26:46,726 - DEBUG - find_best_result() run time is 0.00 s.
2025-06-16 18:26:46,726 - DEBUG - try match with TemplateMatching
2025-06-16 18:26:46,781 - DEBUG - [Template] threshold=0.7, result={'result': (2185, 90), 'rectangle': ((2164, 69), (2164, 112), (2207, 112), (2207, 69)), 'confidence': 0.6970329284667969}
2025-06-16 18:26:46,783 - DEBUG - find_best_result() run time is 0.06 s.
2025-06-16 18:26:46,783 - DEBUG - try match with SIFTMatching
2025-06-16 18:26:47,235 - DEBUG - [SIFT] threshold=0.7, result={'result': [2186, 92], 'rectangle': [(2158, 59), (2158, 124), (2213, 124), (2213, 59)], 'confidence': 0.9164214134216309}
2025-06-16 18:26:47,235 - DEBUG - find_best_result() run time is 0.45 s.
2025-06-16 18:26:47,235 - DEBUG - match result: {'result': [2186, 92], 'rectangle': [(2158, 59), (2158, 124), (2213, 124), (2213, 59)], 'confidence': 0.9164214134216309, 'time': 0.45195770263671875}
2025-06-16 18:26:47,236 - DEBUG - E:\MuMu Player 12\shell\adb.exe -s emulator-5554 shell ls -l /data/local/tmp/rotationwatcher.jar
2025-06-16 18:26:47,339 - DEBUG - install_rotationwatcher skipped
2025-06-16 18:26:47,339 - DEBUG - E:\MuMu Player 12\shell\adb.exe -s emulator-5554 shell app_process -Djava.class.path=/data/local/tmp/rotationwatcher.jar /data/local/tmp com.example.rotationwatcher.Main
2025-06-16 18:26:47,606 - DEBUG - [rotation_server]b'0'
2025-06-16 18:26:48,388 - INFO - update orientation None->0
2025-06-16 18:26:48,388 - DEBUG - E:\MuMu Player 12\shell\adb.exe -s emulator-5554 shell wm size
2025-06-16 18:26:48,504 - DEBUG - E:\MuMu Player 12\shell\adb.exe -s emulator-5554 shell getprop ro.sf.lcd_density
2025-06-16 18:26:48,608 - DEBUG - E:\MuMu Player 12\shell\adb.exe -s emulator-5554 shell dumpsys SurfaceFlinger
2025-06-16 18:26:48,711 - DEBUG - E:\MuMu Player 12\shell\adb.exe -s emulator-5554 shell getevent -p
2025-06-16 18:26:49,036 - DEBUG - E:\MuMu Player 12\shell\adb.exe -s emulator-5554 shell input tap 2186 92
2025-06-16 18:26:49,516 - INFO - Try finding: Template(E:\AUTO\pythonProject\modules\commond\close\closeAllWindows\close2.png)
2025-06-16 18:26:49,591 - DEBUG - try match with MultiScaleTemplateMatchingPre
2025-06-16 18:26:49,592 - DEBUG - find_best_result() run time is 0.00 s.
2025-06-16 18:26:49,592 - DEBUG - try match with TemplateMatching
2025-06-16 18:26:49,641 - DEBUG - [Template] threshold=0.7, result={'result': (2186, 89), 'rectangle': ((2161, 68), (2161, 111), (2211, 111), (2211, 68)), 'confidence': 0.9594668745994568}
2025-06-16 18:26:49,642 - DEBUG - find_best_result() run time is 0.05 s.
2025-06-16 18:26:49,642 - DEBUG - match result: {'result': (2186, 89), 'rectangle': ((2161, 68), (2161, 111), (2211, 111), (2211, 68)), 'confidence': 0.9594668745994568, 'time': 0.049782752990722656}
2025-06-16 18:26:49,642 - INFO - Try finding: Template(E:\AUTO\pythonProject\modules\commond\close\closeAllWindows\close2.png)
2025-06-16 18:26:49,717 - DEBUG - try match with MultiScaleTemplateMatchingPre
2025-06-16 18:26:49,717 - DEBUG - find_best_result() run time is 0.00 s.
2025-06-16 18:26:49,717 - DEBUG - try match with TemplateMatching
2025-06-16 18:26:49,773 - DEBUG - [Template] threshold=0.7, result={'result': (2186, 89), 'rectangle': ((2161, 68), (2161, 111), (2211, 111), (2211, 68)), 'confidence': 0.9594859480857849}
2025-06-16 18:26:49,774 - DEBUG - find_best_result() run time is 0.06 s.
2025-06-16 18:26:49,774 - DEBUG - match result: {'result': (2186, 89), 'rectangle': ((2161, 68), (2161, 111), (2211, 111), (2211, 68)), 'confidence': 0.9594859480857849, 'time': 0.056638479232788086}
2025-06-16 18:26:49,776 - DEBUG - E:\MuMu Player 12\shell\adb.exe -s emulator-5554 shell input tap 2186 89
2025-06-16 18:26:50,260 - INFO - Try finding: Template(E:\AUTO\pythonProject\modules\commond\close\closeAllWindows\close3.png)
2025-06-16 18:26:50,344 - DEBUG - try match with MultiScaleTemplateMatchingPre
2025-06-16 18:26:50,344 - DEBUG - find_best_result() run time is 0.00 s.
2025-06-16 18:26:50,344 - DEBUG - try match with TemplateMatching
2025-06-16 18:26:50,397 - DEBUG - [Template] threshold=0.7, result={'result': (347, 96), 'rectangle': ((314, 70), (314, 122), (380, 122), (380, 70)), 'confidence': 0.581318199634552}
2025-06-16 18:26:50,397 - DEBUG - find_best_result() run time is 0.05 s.
2025-06-16 18:26:50,397 - DEBUG - try match with SIFTMatching
2025-06-16 18:26:50,859 - DEBUG - find_best_result() run time is 0.46 s.
2025-06-16 18:26:50,859 - DEBUG - try match with BRISKMatching
2025-06-16 18:26:51,048 - DEBUG - 'Not enough feature points in input images !'
2025-06-16 18:26:51,052 - DEBUG - match result: None
2025-06-16 18:26:51,619 - DEBUG - try match with MultiScaleTemplateMatchingPre
2025-06-16 18:26:51,619 - DEBUG - find_best_result() run time is 0.00 s.
2025-06-16 18:26:51,619 - DEBUG - try match with TemplateMatching
2025-06-16 18:26:51,671 - DEBUG - [Template] threshold=0.7, result={'result': (346, 96), 'rectangle': ((313, 70), (313, 122), (379, 122), (379, 70)), 'confidence': 0.5862369537353516}
2025-06-16 18:26:51,672 - DEBUG - find_best_result() run time is 0.05 s.
2025-06-16 18:26:51,672 - DEBUG - try match with SIFTMatching
2025-06-16 18:26:52,105 - DEBUG - find_best_result() run time is 0.43 s.
2025-06-16 18:26:52,105 - DEBUG - try match with BRISKMatching
2025-06-16 18:26:52,308 - DEBUG - 'Not enough feature points in input images !'
2025-06-16 18:26:52,312 - DEBUG - match result: None
2025-06-16 18:26:52,884 - DEBUG - try match with MultiScaleTemplateMatchingPre
2025-06-16 18:26:52,885 - DEBUG - find_best_result() run time is 0.00 s.
2025-06-16 18:26:52,885 - DEBUG - try match with TemplateMatching
2025-06-16 18:26:52,936 - DEBUG - [Template] threshold=0.7, result={'result': (347, 96), 'rectangle': ((314, 70), (314, 122), (380, 122), (380, 70)), 'confidence': 0.5835317969322205}
2025-06-16 18:26:52,937 - DEBUG - find_best_result() run time is 0.05 s.
2025-06-16 18:26:52,937 - DEBUG - try match with SIFTMatching
2025-06-16 18:26:53,385 - DEBUG - find_best_result() run time is 0.45 s.
2025-06-16 18:26:53,385 - DEBUG - try match with BRISKMatching
2025-06-16 18:26:53,584 - DEBUG - 'Not enough feature points in input images !'
2025-06-16 18:26:53,587 - DEBUG - match result: None
2025-06-16 18:26:53,589 - INFO - Try finding: Template(E:\AUTO\pythonProject\modules\commond\close\closeAllWindows\close1.png)
2025-06-16 18:26:53,673 - DEBUG - try match with MultiScaleTemplateMatchingPre
2025-06-16 18:26:53,674 - DEBUG - find_best_result() run time is 0.00 s.
2025-06-16 18:26:53,674 - DEBUG - try match with TemplateMatching
2025-06-16 18:26:53,726 - DEBUG - [Template] threshold=0.7, result={'result': (439, 775), 'rectangle': ((418, 754), (418, 797), (461, 797), (461, 754)), 'confidence': 0.5952799916267395}
2025-06-16 18:26:53,727 - DEBUG - find_best_result() run time is 0.05 s.
2025-06-16 18:26:53,727 - DEBUG - try match with SIFTMatching
2025-06-16 18:26:54,194 - DEBUG - find_best_result() run time is 0.47 s.
2025-06-16 18:26:54,195 - DEBUG - try match with BRISKMatching
2025-06-16 18:26:54,391 - DEBUG - 'Not enough feature points in input images !'
2025-06-16 18:26:54,394 - DEBUG - match result: None
2025-06-16 18:26:54,968 - DEBUG - try match with MultiScaleTemplateMatchingPre
2025-06-16 18:26:54,968 - DEBUG - find_best_result() run time is 0.00 s.
2025-06-16 18:26:54,968 - DEBUG - try match with TemplateMatching
2025-06-16 18:26:55,016 - DEBUG - [Template] threshold=0.7, result={'result': (439, 775), 'rectangle': ((418, 754), (418, 797), (461, 797), (461, 754)), 'confidence': 0.5952804684638977}
2025-06-16 18:26:55,017 - DEBUG - find_best_result() run time is 0.05 s.
2025-06-16 18:26:55,018 - DEBUG - try match with SIFTMatching
2025-06-16 18:26:55,449 - DEBUG - find_best_result() run time is 0.43 s.
2025-06-16 18:26:55,450 - DEBUG - try match with BRISKMatching
2025-06-16 18:26:55,645 - DEBUG - 'Not enough feature points in input images !'
2025-06-16 18:26:55,649 - DEBUG - match result: None
2025-06-16 18:26:56,221 - DEBUG - try match with MultiScaleTemplateMatchingPre
2025-06-16 18:26:56,221 - DEBUG - find_best_result() run time is 0.00 s.
2025-06-16 18:26:56,221 - DEBUG - try match with TemplateMatching
2025-06-16 18:26:56,274 - DEBUG - [Template] threshold=0.7, result={'result': (439, 775), 'rectangle': ((418, 754), (418, 797), (461, 797), (461, 754)), 'confidence': 0.5952804684638977}
2025-06-16 18:26:56,275 - DEBUG - find_best_result() run time is 0.05 s.
2025-06-16 18:26:56,275 - DEBUG - try match with SIFTMatching
2025-06-16 18:26:56,702 - DEBUG - find_best_result() run time is 0.43 s.
2025-06-16 18:26:56,702 - DEBUG - try match with BRISKMatching
2025-06-16 18:26:56,902 - DEBUG - 'Not enough feature points in input images !'
2025-06-16 18:26:56,905 - DEBUG - match result: None
2025-06-16 18:26:56,907 - INFO - Try finding: Template(E:\AUTO\pythonProject\modules\commond\close\closeAllWindows\close2.png)
2025-06-16 18:26:56,987 - DEBUG - try match with MultiScaleTemplateMatchingPre
2025-06-16 18:26:56,987 - DEBUG - find_best_result() run time is 0.00 s.
2025-06-16 18:26:56,987 - DEBUG - try match with TemplateMatching
2025-06-16 18:26:57,035 - DEBUG - [Template] threshold=0.7, result={'result': (800, 696), 'rectangle': ((775, 675), (775, 718), (825, 718), (825, 675)), 'confidence': 0.5362933874130249}
2025-06-16 18:26:57,036 - DEBUG - find_best_result() run time is 0.05 s.
2025-06-16 18:26:57,036 - DEBUG - try match with SIFTMatching
2025-06-16 18:26:57,465 - DEBUG - find_best_result() run time is 0.43 s.
2025-06-16 18:26:57,466 - DEBUG - try match with BRISKMatching
2025-06-16 18:26:57,657 - DEBUG - 'Not enough feature points in input images !'
2025-06-16 18:26:57,659 - DEBUG - match result: None
2025-06-16 18:26:58,236 - DEBUG - try match with MultiScaleTemplateMatchingPre
2025-06-16 18:26:58,236 - DEBUG - find_best_result() run time is 0.00 s.
2025-06-16 18:26:58,236 - DEBUG - try match with TemplateMatching
2025-06-16 18:26:58,286 - DEBUG - [Template] threshold=0.7, result={'result': (426, 472), 'rectangle': ((401, 451), (401, 494), (451, 494), (451, 451)), 'confidence': 0.6371651887893677}
2025-06-16 18:26:58,287 - DEBUG - find_best_result() run time is 0.05 s.
2025-06-16 18:26:58,287 - DEBUG - try match with SIFTMatching
2025-06-16 18:26:58,715 - DEBUG - find_best_result() run time is 0.43 s.
2025-06-16 18:26:58,715 - DEBUG - try match with BRISKMatching
2025-06-16 18:26:58,914 - DEBUG - 'Not enough feature points in input images !'
2025-06-16 18:26:58,917 - DEBUG - match result: None
2025-06-16 18:26:59,485 - DEBUG - try match with MultiScaleTemplateMatchingPre
2025-06-16 18:26:59,486 - DEBUG - find_best_result() run time is 0.00 s.
2025-06-16 18:26:59,486 - DEBUG - try match with TemplateMatching
2025-06-16 18:26:59,534 - DEBUG - [Template] threshold=0.7, result={'result': (427, 471), 'rectangle': ((402, 450), (402, 493), (452, 493), (452, 450)), 'confidence': 0.63264000415802}
2025-06-16 18:26:59,535 - DEBUG - find_best_result() run time is 0.05 s.
2025-06-16 18:26:59,535 - DEBUG - try match with SIFTMatching
2025-06-16 18:26:59,975 - DEBUG - find_best_result() run time is 0.44 s.
2025-06-16 18:26:59,976 - DEBUG - try match with BRISKMatching
2025-06-16 18:27:00,167 - DEBUG - 'Not enough feature points in input images !'
2025-06-16 18:27:00,171 - DEBUG - match result: None
2025-06-16 18:27:00,172 - INFO - Try finding: Template(E:\AUTO\pythonProject\modules\commond\close\closeAllWindows\close3.png)
2025-06-16 18:27:00,250 - DEBUG - try match with MultiScaleTemplateMatchingPre
2025-06-16 18:27:00,250 - DEBUG - find_best_result() run time is 0.00 s.
2025-06-16 18:27:00,250 - DEBUG - try match with TemplateMatching
2025-06-16 18:27:00,307 - DEBUG - [Template] threshold=0.7, result={'result': (346, 96), 'rectangle': ((313, 70), (313, 122), (379, 122), (379, 70)), 'confidence': 0.5879873633384705}
2025-06-16 18:27:00,308 - DEBUG - find_best_result() run time is 0.06 s.
2025-06-16 18:27:00,308 - DEBUG - try match with SIFTMatching
2025-06-16 18:27:00,808 - DEBUG - find_best_result() run time is 0.50 s.
2025-06-16 18:27:00,808 - DEBUG - try match with BRISKMatching
2025-06-16 18:27:01,006 - DEBUG - 'Not enough feature points in input images !'
2025-06-16 18:27:01,010 - DEBUG - match result: None
2025-06-16 18:27:01,580 - DEBUG - try match with MultiScaleTemplateMatchingPre
2025-06-16 18:27:01,580 - DEBUG - find_best_result() run time is 0.00 s.
2025-06-16 18:27:01,580 - DEBUG - try match with TemplateMatching
2025-06-16 18:27:01,631 - DEBUG - [Template] threshold=0.7, result={'result': (346, 96), 'rectangle': ((313, 70), (313, 122), (379, 122), (379, 70)), 'confidence': 0.5838955044746399}
2025-06-16 18:27:01,631 - DEBUG - find_best_result() run time is 0.05 s.
2025-06-16 18:27:01,632 - DEBUG - try match with SIFTMatching
2025-06-16 18:27:02,070 - DEBUG - find_best_result() run time is 0.44 s.
2025-06-16 18:27:02,070 - DEBUG - try match with BRISKMatching
2025-06-16 18:27:02,270 - DEBUG - 'Not enough feature points in input images !'
2025-06-16 18:27:02,273 - DEBUG - match result: None
2025-06-16 18:27:02,867 - DEBUG - try match with MultiScaleTemplateMatchingPre
2025-06-16 18:27:02,867 - DEBUG - find_best_result() run time is 0.00 s.
2025-06-16 18:27:02,867 - DEBUG - try match with TemplateMatching
2025-06-16 18:27:02,920 - DEBUG - [Template] threshold=0.7, result={'result': (346, 96), 'rectangle': ((313, 70), (313, 122), (379, 122), (379, 70)), 'confidence': 0.5880616903305054}
2025-06-16 18:27:02,921 - DEBUG - find_best_result() run time is 0.05 s.
2025-06-16 18:27:02,921 - DEBUG - try match with SIFTMatching
2025-06-16 18:27:03,362 - DEBUG - find_best_result() run time is 0.44 s.
2025-06-16 18:27:03,362 - DEBUG - try match with BRISKMatching
2025-06-16 18:27:03,559 - DEBUG - 'Not enough feature points in input images !'
2025-06-16 18:27:03,562 - DEBUG - match result: None
2025-06-16 18:27:07,056 - DEBUG - E:\MuMu Player 12\shell\adb.exe -s emulator-5554 forward --remove tcp:19878
2025-06-16 18:27:07,167 - DEBUG - [rotation_server]b''
2025-06-16 18:27:07,181 - DEBUG - [javacap_sever]b''
