2025-07-04 14:47:01,700 - DEBUG - C:\Program Files\Unity\Hub\Editor\2022.3.23f1\Editor\Data\PlaybackEngines\AndroidPlayer\SDK\platform-tools\adb.exe -s emulator-5554 wait-for-device
2025-07-04 14:47:01,815 - DEBUG - C:\Program Files\Unity\Hub\Editor\2022.3.23f1\Editor\Data\PlaybackEngines\AndroidPlayer\SDK\platform-tools\adb.exe -s emulator-5554 shell getprop ro.build.version.sdk
2025-07-04 14:47:05,027 - DEBUG - C:\Program Files\Unity\Hub\Editor\2022.3.23f1\Editor\Data\PlaybackEngines\AndroidPlayer\SDK\platform-tools\adb.exe -s emulator-5554 shell dumpsys package com.netease.nie.yosemite
2025-07-04 14:47:05,175 - DEBUG - C:\Program Files\Unity\Hub\Editor\2022.3.23f1\Editor\Data\PlaybackEngines\AndroidPlayer\SDK\platform-tools\adb.exe -s emulator-5554 forward --no-rebind tcp:16539 localabstract:javacap_16539
2025-07-04 14:47:05,321 - DEBUG - C:\Program Files\Unity\Hub\Editor\2022.3.23f1\Editor\Data\PlaybackEngines\AndroidPlayer\SDK\platform-tools\adb.exe -s emulator-5554 shell pm path com.netease.nie.yosemite
2025-07-04 14:47:05,463 - DEBUG - C:\Program Files\Unity\Hub\Editor\2022.3.23f1\Editor\Data\PlaybackEngines\AndroidPlayer\SDK\platform-tools\adb.exe -s emulator-5554 shell CLASSPATH=/data/app/com.netease.nie.yosemite-QDakP4cbYaOG9cISZ6t3_g==/base.apk exec app_process /system/bin com.netease.nie.yosemite.Capture --scale 100 --socket javacap_16539 -lazy 2>&1
2025-07-04 14:47:05,700 - DEBUG - [javacap_sever]b'Capture server listening on @javacap_16539'
2025-07-04 14:47:05,834 - DEBUG - (1, 3, 0, 2400, 1080, 0, 0, 0, 1)
2025-07-04 14:47:07,140 - DEBUG - C:\Program Files\Unity\Hub\Editor\2022.3.23f1\Editor\Data\PlaybackEngines\AndroidPlayer\SDK\platform-tools\adb.exe -s emulator-5554 shell am force-stop com.neptune.domino
2025-07-04 14:47:07,318 - DEBUG - C:\Program Files\Unity\Hub\Editor\2022.3.23f1\Editor\Data\PlaybackEngines\AndroidPlayer\SDK\platform-tools\adb.exe -s emulator-5554 shell monkey -p com.neptune.domino -c android.intent.category.LAUNCHER 1
2025-07-04 14:47:27,649 - DEBUG - C:\Program Files\Unity\Hub\Editor\2022.3.23f1\Editor\Data\PlaybackEngines\AndroidPlayer\SDK\platform-tools\adb.exe -s emulator-5554 shell pidof com.neptune.domino
2025-07-04 14:47:28,901 - INFO - Try finding: Template(E:\AUTO\pythonProject\modules\commond\close\closeAllWindows\close1.png)
2025-07-04 14:47:28,967 - DEBUG - try match with MultiScaleTemplateMatchingPre
2025-07-04 14:47:28,968 - DEBUG - find_best_result() run time is 0.00 s.
2025-07-04 14:47:28,968 - DEBUG - try match with TemplateMatching
2025-07-04 14:47:29,029 - DEBUG - [Template] threshold=0.7, result={'result': (2185, 90), 'rectangle': ((2164, 69), (2164, 112), (2207, 112), (2207, 69)), 'confidence': 0.6970333456993103}
2025-07-04 14:47:29,032 - DEBUG - find_best_result() run time is 0.06 s.
2025-07-04 14:47:29,032 - DEBUG - try match with SIFTMatching
2025-07-04 14:47:29,576 - DEBUG - [SIFT] threshold=0.7, result={'result': [2186, 92], 'rectangle': [(2158, 59), (2158, 124), (2213, 124), (2213, 59)], 'confidence': 0.9164214134216309}
2025-07-04 14:47:29,577 - DEBUG - find_best_result() run time is 0.55 s.
2025-07-04 14:47:29,577 - DEBUG - match result: {'result': [2186, 92], 'rectangle': [(2158, 59), (2158, 124), (2213, 124), (2213, 59)], 'confidence': 0.9164214134216309, 'time': 0.5454118251800537}
2025-07-04 14:47:29,579 - INFO - Try finding: Template(E:\AUTO\pythonProject\modules\commond\close\closeAllWindows\close1.png)
2025-07-04 14:47:29,656 - DEBUG - try match with MultiScaleTemplateMatchingPre
2025-07-04 14:47:29,657 - DEBUG - find_best_result() run time is 0.00 s.
2025-07-04 14:47:29,657 - DEBUG - try match with TemplateMatching
2025-07-04 14:47:29,715 - DEBUG - [Template] threshold=0.7, result={'result': (2185, 90), 'rectangle': ((2164, 69), (2164, 112), (2207, 112), (2207, 69)), 'confidence': 0.6970329284667969}
2025-07-04 14:47:29,717 - DEBUG - find_best_result() run time is 0.06 s.
2025-07-04 14:47:29,718 - DEBUG - try match with SIFTMatching
2025-07-04 14:47:30,196 - DEBUG - [SIFT] threshold=0.7, result={'result': [2185, 92], 'rectangle': [(2158, 63), (2158, 120), (2211, 120), (2211, 63)], 'confidence': 0.9847332835197449}
2025-07-04 14:47:30,197 - DEBUG - find_best_result() run time is 0.48 s.
2025-07-04 14:47:30,197 - DEBUG - match result: {'result': [2185, 92], 'rectangle': [(2158, 63), (2158, 120), (2211, 120), (2211, 63)], 'confidence': 0.9847332835197449, 'time': 0.4787907600402832}
2025-07-04 14:47:30,199 - DEBUG - C:\Program Files\Unity\Hub\Editor\2022.3.23f1\Editor\Data\PlaybackEngines\AndroidPlayer\SDK\platform-tools\adb.exe -s emulator-5554 shell ls -l /data/local/tmp/rotationwatcher.jar
2025-07-04 14:47:30,341 - DEBUG - install_rotationwatcher skipped
2025-07-04 14:47:30,342 - DEBUG - C:\Program Files\Unity\Hub\Editor\2022.3.23f1\Editor\Data\PlaybackEngines\AndroidPlayer\SDK\platform-tools\adb.exe -s emulator-5554 shell app_process -Djava.class.path=/data/local/tmp/rotationwatcher.jar /data/local/tmp com.example.rotationwatcher.Main
2025-07-04 14:47:30,632 - DEBUG - [rotation_server]b'0'
2025-07-04 14:47:31,394 - INFO - update orientation None->0
2025-07-04 14:47:31,394 - DEBUG - C:\Program Files\Unity\Hub\Editor\2022.3.23f1\Editor\Data\PlaybackEngines\AndroidPlayer\SDK\platform-tools\adb.exe -s emulator-5554 shell wm size
2025-07-04 14:47:31,521 - DEBUG - C:\Program Files\Unity\Hub\Editor\2022.3.23f1\Editor\Data\PlaybackEngines\AndroidPlayer\SDK\platform-tools\adb.exe -s emulator-5554 shell getprop ro.sf.lcd_density
2025-07-04 14:47:31,645 - DEBUG - C:\Program Files\Unity\Hub\Editor\2022.3.23f1\Editor\Data\PlaybackEngines\AndroidPlayer\SDK\platform-tools\adb.exe -s emulator-5554 shell dumpsys SurfaceFlinger
2025-07-04 14:47:31,782 - DEBUG - C:\Program Files\Unity\Hub\Editor\2022.3.23f1\Editor\Data\PlaybackEngines\AndroidPlayer\SDK\platform-tools\adb.exe -s emulator-5554 shell getevent -p
2025-07-04 14:47:32,114 - DEBUG - C:\Program Files\Unity\Hub\Editor\2022.3.23f1\Editor\Data\PlaybackEngines\AndroidPlayer\SDK\platform-tools\adb.exe -s emulator-5554 shell input tap 2185 92
2025-07-04 14:47:32,665 - INFO - Try finding: Template(E:\AUTO\pythonProject\modules\commond\close\closeAllWindows\close2.png)
2025-07-04 14:47:32,732 - DEBUG - try match with MultiScaleTemplateMatchingPre
2025-07-04 14:47:32,732 - DEBUG - find_best_result() run time is 0.00 s.
2025-07-04 14:47:32,733 - DEBUG - try match with TemplateMatching
2025-07-04 14:47:32,789 - DEBUG - [Template] threshold=0.7, result={'result': (2186, 89), 'rectangle': ((2161, 68), (2161, 111), (2211, 111), (2211, 68)), 'confidence': 0.9605836868286133}
2025-07-04 14:47:32,791 - DEBUG - find_best_result() run time is 0.06 s.
2025-07-04 14:47:32,791 - DEBUG - match result: {'result': (2186, 89), 'rectangle': ((2161, 68), (2161, 111), (2211, 111), (2211, 68)), 'confidence': 0.9605836868286133, 'time': 0.05827069282531738}
2025-07-04 14:47:32,792 - INFO - Try finding: Template(E:\AUTO\pythonProject\modules\commond\close\closeAllWindows\close2.png)
2025-07-04 14:47:32,864 - DEBUG - try match with MultiScaleTemplateMatchingPre
2025-07-04 14:47:32,864 - DEBUG - find_best_result() run time is 0.00 s.
2025-07-04 14:47:32,864 - DEBUG - try match with TemplateMatching
2025-07-04 14:47:32,930 - DEBUG - [Template] threshold=0.7, result={'result': (2186, 89), 'rectangle': ((2161, 68), (2161, 111), (2211, 111), (2211, 68)), 'confidence': 0.9559246897697449}
2025-07-04 14:47:32,932 - DEBUG - find_best_result() run time is 0.07 s.
2025-07-04 14:47:32,933 - DEBUG - match result: {'result': (2186, 89), 'rectangle': ((2161, 68), (2161, 111), (2211, 111), (2211, 68)), 'confidence': 0.9559246897697449, 'time': 0.0676114559173584}
2025-07-04 14:47:32,934 - DEBUG - C:\Program Files\Unity\Hub\Editor\2022.3.23f1\Editor\Data\PlaybackEngines\AndroidPlayer\SDK\platform-tools\adb.exe -s emulator-5554 shell input tap 2186 89
2025-07-04 14:47:33,436 - INFO - Try finding: Template(E:\AUTO\pythonProject\modules\commond\close\closeAllWindows\close3.png)
2025-07-04 14:47:33,512 - DEBUG - try match with MultiScaleTemplateMatchingPre
2025-07-04 14:47:33,512 - DEBUG - find_best_result() run time is 0.00 s.
2025-07-04 14:47:33,512 - DEBUG - try match with TemplateMatching
2025-07-04 14:47:33,575 - DEBUG - [Template] threshold=0.7, result={'result': (346, 96), 'rectangle': ((313, 70), (313, 122), (379, 122), (379, 70)), 'confidence': 0.5875502228736877}
2025-07-04 14:47:33,576 - DEBUG - find_best_result() run time is 0.06 s.
2025-07-04 14:47:33,577 - DEBUG - try match with SIFTMatching
2025-07-04 14:47:34,123 - DEBUG - find_best_result() run time is 0.55 s.
2025-07-04 14:47:34,124 - DEBUG - try match with BRISKMatching
2025-07-04 14:47:34,403 - DEBUG - 'Not enough feature points in input images !'
2025-07-04 14:47:34,406 - DEBUG - match result: None
2025-07-04 14:47:35,013 - DEBUG - try match with MultiScaleTemplateMatchingPre
2025-07-04 14:47:35,013 - DEBUG - find_best_result() run time is 0.00 s.
2025-07-04 14:47:35,014 - DEBUG - try match with TemplateMatching
2025-07-04 14:47:35,124 - DEBUG - [Template] threshold=0.7, result={'result': (2290, 335), 'rectangle': ((2257, 309), (2257, 361), (2323, 361), (2323, 309)), 'confidence': 0.586409866809845}
2025-07-04 14:47:35,127 - DEBUG - find_best_result() run time is 0.11 s.
2025-07-04 14:47:35,127 - DEBUG - try match with SIFTMatching
2025-07-04 14:47:35,810 - DEBUG - find_best_result() run time is 0.68 s.
2025-07-04 14:47:35,810 - DEBUG - try match with BRISKMatching
2025-07-04 14:47:36,021 - DEBUG - 'Not enough feature points in input images !'
2025-07-04 14:47:36,026 - DEBUG - match result: None
2025-07-04 14:47:36,598 - DEBUG - try match with MultiScaleTemplateMatchingPre
2025-07-04 14:47:36,598 - DEBUG - find_best_result() run time is 0.00 s.
2025-07-04 14:47:36,598 - DEBUG - try match with TemplateMatching
2025-07-04 14:47:36,660 - DEBUG - [Template] threshold=0.7, result={'result': (923, 90), 'rectangle': ((890, 64), (890, 116), (956, 116), (956, 64)), 'confidence': 0.6403058171272278}
2025-07-04 14:47:36,661 - DEBUG - find_best_result() run time is 0.06 s.
2025-07-04 14:47:36,661 - DEBUG - try match with SIFTMatching
2025-07-04 14:47:37,176 - DEBUG - find_best_result() run time is 0.52 s.
2025-07-04 14:47:37,177 - DEBUG - try match with BRISKMatching
2025-07-04 14:47:37,377 - DEBUG - 'Not enough feature points in input images !'
2025-07-04 14:47:37,378 - DEBUG - match result: None
2025-07-04 14:47:37,383 - INFO - Try finding: Template(E:\AUTO\pythonProject\modules\commond\close\closeAllWindows\close1.png)
2025-07-04 14:47:37,464 - DEBUG - try match with MultiScaleTemplateMatchingPre
2025-07-04 14:47:37,465 - DEBUG - find_best_result() run time is 0.00 s.
2025-07-04 14:47:37,465 - DEBUG - try match with TemplateMatching
2025-07-04 14:47:37,522 - DEBUG - [Template] threshold=0.7, result={'result': (2372, 397), 'rectangle': ((2351, 376), (2351, 419), (2394, 419), (2394, 376)), 'confidence': 0.5942462086677551}
2025-07-04 14:47:37,524 - DEBUG - find_best_result() run time is 0.06 s.
2025-07-04 14:47:37,524 - DEBUG - try match with SIFTMatching
2025-07-04 14:47:38,059 - DEBUG - [SIFT] threshold=0.7, result={'result': [2253, 52], 'rectangle': [(2246, 27), (2246, 76), (2259, 76), (2259, 27)], 'confidence': 0.5942082405090332}
2025-07-04 14:47:38,060 - DEBUG - find_best_result() run time is 0.54 s.
2025-07-04 14:47:38,060 - DEBUG - try match with BRISKMatching
2025-07-04 14:47:38,281 - DEBUG - 'Not enough feature points in input images !'
2025-07-04 14:47:38,283 - DEBUG - match result: None
2025-07-04 14:47:38,857 - DEBUG - try match with MultiScaleTemplateMatchingPre
2025-07-04 14:47:38,857 - DEBUG - find_best_result() run time is 0.00 s.
2025-07-04 14:47:38,857 - DEBUG - try match with TemplateMatching
2025-07-04 14:47:38,913 - DEBUG - [Template] threshold=0.7, result={'result': (298, 987), 'rectangle': ((277, 966), (277, 1009), (320, 1009), (320, 966)), 'confidence': 0.5790319442749023}
2025-07-04 14:47:38,915 - DEBUG - find_best_result() run time is 0.06 s.
2025-07-04 14:47:38,915 - DEBUG - try match with SIFTMatching
2025-07-04 14:47:39,516 - DEBUG - [SIFT] threshold=0.7, result={'result': [2253, 52], 'rectangle': [(2246, 27), (2246, 76), (2259, 76), (2259, 27)], 'confidence': 0.5942082405090332}
2025-07-04 14:47:39,517 - DEBUG - find_best_result() run time is 0.60 s.
2025-07-04 14:47:39,518 - DEBUG - try match with BRISKMatching
2025-07-04 14:47:39,725 - DEBUG - 'Not enough feature points in input images !'
2025-07-04 14:47:39,728 - DEBUG - match result: None
2025-07-04 14:47:40,304 - DEBUG - try match with MultiScaleTemplateMatchingPre
2025-07-04 14:47:40,305 - DEBUG - find_best_result() run time is 0.00 s.
2025-07-04 14:47:40,305 - DEBUG - try match with TemplateMatching
2025-07-04 14:47:40,369 - DEBUG - [Template] threshold=0.7, result={'result': (2288, 338), 'rectangle': ((2267, 317), (2267, 360), (2310, 360), (2310, 317)), 'confidence': 0.5892998576164246}
2025-07-04 14:47:40,371 - DEBUG - find_best_result() run time is 0.07 s.
2025-07-04 14:47:40,371 - DEBUG - try match with SIFTMatching
2025-07-04 14:47:40,949 - DEBUG - [SIFT] threshold=0.7, result={'result': [2254, 45], 'rectangle': [(2245, 30), (2245, 59), (2262, 59), (2262, 30)], 'confidence': 0.6765526682138443}
2025-07-04 14:47:40,949 - DEBUG - find_best_result() run time is 0.58 s.
2025-07-04 14:47:40,950 - DEBUG - try match with BRISKMatching
2025-07-04 14:47:41,161 - DEBUG - 'Not enough feature points in input images !'
2025-07-04 14:47:41,165 - DEBUG - match result: None
2025-07-04 14:47:41,168 - INFO - Try finding: Template(E:\AUTO\pythonProject\modules\commond\close\closeAllWindows\close2.png)
2025-07-04 14:47:41,243 - DEBUG - try match with MultiScaleTemplateMatchingPre
2025-07-04 14:47:41,243 - DEBUG - find_best_result() run time is 0.00 s.
2025-07-04 14:47:41,243 - DEBUG - try match with TemplateMatching
2025-07-04 14:47:41,300 - DEBUG - [Template] threshold=0.7, result={'result': (2271, 58), 'rectangle': ((2246, 37), (2246, 80), (2296, 80), (2296, 37)), 'confidence': 0.6365227699279785}
2025-07-04 14:47:41,302 - DEBUG - find_best_result() run time is 0.06 s.
2025-07-04 14:47:41,302 - DEBUG - try match with SIFTMatching
2025-07-04 14:47:41,838 - DEBUG - [SIFT] threshold=0.7, result={'result': (2277, 65), 'rectangle': [(2241, 33), (2241, 98), (2313, 98), (2313, 33)], 'confidence': 0.9182756543159485}
2025-07-04 14:47:41,838 - DEBUG - find_best_result() run time is 0.54 s.
2025-07-04 14:47:41,839 - DEBUG - match result: {'result': (2277, 65), 'rectangle': [(2241, 33), (2241, 98), (2313, 98), (2313, 33)], 'confidence': 0.9182756543159485, 'time': 0.535940408706665}
2025-07-04 14:47:41,840 - INFO - Try finding: Template(E:\AUTO\pythonProject\modules\commond\close\closeAllWindows\close2.png)
2025-07-04 14:47:41,923 - DEBUG - try match with MultiScaleTemplateMatchingPre
2025-07-04 14:47:41,924 - DEBUG - find_best_result() run time is 0.00 s.
2025-07-04 14:47:41,925 - DEBUG - try match with TemplateMatching
2025-07-04 14:47:41,984 - DEBUG - [Template] threshold=0.7, result={'result': (2271, 58), 'rectangle': ((2246, 37), (2246, 80), (2296, 80), (2296, 37)), 'confidence': 0.6365227699279785}
2025-07-04 14:47:41,985 - DEBUG - find_best_result() run time is 0.06 s.
2025-07-04 14:47:41,986 - DEBUG - try match with SIFTMatching
2025-07-04 14:47:42,552 - DEBUG - [SIFT] threshold=0.7, result={'result': (2268, 58), 'rectangle': [(2237, 31), (2237, 85), (2300, 85), (2300, 31)], 'confidence': 0.9863101541996002}
2025-07-04 14:47:42,552 - DEBUG - find_best_result() run time is 0.57 s.
2025-07-04 14:47:42,552 - DEBUG - match result: {'result': (2268, 58), 'rectangle': [(2237, 31), (2237, 85), (2300, 85), (2300, 31)], 'confidence': 0.9863101541996002, 'time': 0.565162181854248}
2025-07-04 14:47:42,553 - DEBUG - C:\Program Files\Unity\Hub\Editor\2022.3.23f1\Editor\Data\PlaybackEngines\AndroidPlayer\SDK\platform-tools\adb.exe -s emulator-5554 shell input tap 2268 58
2025-07-04 14:47:43,101 - INFO - Try finding: Template(E:\AUTO\pythonProject\modules\commond\close\closeAllWindows\close3.png)
2025-07-04 14:47:43,174 - DEBUG - try match with MultiScaleTemplateMatchingPre
2025-07-04 14:47:43,175 - DEBUG - find_best_result() run time is 0.00 s.
2025-07-04 14:47:43,175 - DEBUG - try match with TemplateMatching
2025-07-04 14:47:43,239 - DEBUG - [Template] threshold=0.7, result={'result': (346, 96), 'rectangle': ((313, 70), (313, 122), (379, 122), (379, 70)), 'confidence': 0.587550699710846}
2025-07-04 14:47:43,241 - DEBUG - find_best_result() run time is 0.07 s.
2025-07-04 14:47:43,242 - DEBUG - try match with SIFTMatching
2025-07-04 14:47:43,820 - DEBUG - find_best_result() run time is 0.58 s.
2025-07-04 14:47:43,820 - DEBUG - try match with BRISKMatching
2025-07-04 14:47:44,022 - DEBUG - 'Not enough feature points in input images !'
2025-07-04 14:47:44,026 - DEBUG - match result: None
2025-07-04 14:47:44,601 - DEBUG - try match with MultiScaleTemplateMatchingPre
2025-07-04 14:47:44,602 - DEBUG - find_best_result() run time is 0.00 s.
2025-07-04 14:47:44,602 - DEBUG - try match with TemplateMatching
2025-07-04 14:47:44,665 - DEBUG - [Template] threshold=0.7, result={'result': (346, 96), 'rectangle': ((313, 70), (313, 122), (379, 122), (379, 70)), 'confidence': 0.5875479578971863}
2025-07-04 14:47:44,666 - DEBUG - find_best_result() run time is 0.06 s.
2025-07-04 14:47:44,667 - DEBUG - try match with SIFTMatching
2025-07-04 14:47:45,221 - DEBUG - find_best_result() run time is 0.55 s.
2025-07-04 14:47:45,222 - DEBUG - try match with BRISKMatching
2025-07-04 14:47:45,493 - DEBUG - 'Not enough feature points in input images !'
2025-07-04 14:47:45,496 - DEBUG - match result: None
2025-07-04 14:47:46,071 - DEBUG - try match with MultiScaleTemplateMatchingPre
2025-07-04 14:47:46,071 - DEBUG - find_best_result() run time is 0.00 s.
2025-07-04 14:47:46,071 - DEBUG - try match with TemplateMatching
2025-07-04 14:47:46,131 - DEBUG - [Template] threshold=0.7, result={'result': (346, 96), 'rectangle': ((313, 70), (313, 122), (379, 122), (379, 70)), 'confidence': 0.5877881050109863}
2025-07-04 14:47:46,132 - DEBUG - find_best_result() run time is 0.06 s.
2025-07-04 14:47:46,133 - DEBUG - try match with SIFTMatching
2025-07-04 14:47:46,672 - DEBUG - find_best_result() run time is 0.54 s.
2025-07-04 14:47:46,673 - DEBUG - try match with BRISKMatching
2025-07-04 14:47:46,931 - DEBUG - 'Not enough feature points in input images !'
2025-07-04 14:47:46,934 - DEBUG - match result: None
2025-07-04 14:47:46,939 - INFO - Try finding: Template(E:\AUTO\pythonProject\modules\commond\close\closeAllWindows\close1.png)
2025-07-04 14:47:47,013 - DEBUG - try match with MultiScaleTemplateMatchingPre
2025-07-04 14:47:47,013 - DEBUG - find_best_result() run time is 0.00 s.
2025-07-04 14:47:47,013 - DEBUG - try match with TemplateMatching
2025-07-04 14:47:47,069 - DEBUG - [Template] threshold=0.7, result={'result': (439, 775), 'rectangle': ((418, 754), (418, 797), (461, 797), (461, 754)), 'confidence': 0.5952795147895813}
2025-07-04 14:47:47,071 - DEBUG - find_best_result() run time is 0.06 s.
2025-07-04 14:47:47,071 - DEBUG - try match with SIFTMatching
2025-07-04 14:47:47,605 - DEBUG - find_best_result() run time is 0.53 s.
2025-07-04 14:47:47,606 - DEBUG - try match with BRISKMatching
2025-07-04 14:47:47,877 - DEBUG - 'Not enough feature points in input images !'
2025-07-04 14:47:47,880 - DEBUG - match result: None
2025-07-04 14:47:48,469 - DEBUG - try match with MultiScaleTemplateMatchingPre
2025-07-04 14:47:48,469 - DEBUG - find_best_result() run time is 0.00 s.
2025-07-04 14:47:48,469 - DEBUG - try match with TemplateMatching
2025-07-04 14:47:48,527 - DEBUG - [Template] threshold=0.7, result={'result': (439, 775), 'rectangle': ((418, 754), (418, 797), (461, 797), (461, 754)), 'confidence': 0.5952799916267395}
2025-07-04 14:47:48,529 - DEBUG - find_best_result() run time is 0.06 s.
2025-07-04 14:47:48,530 - DEBUG - try match with SIFTMatching
2025-07-04 14:47:49,047 - DEBUG - find_best_result() run time is 0.52 s.
2025-07-04 14:47:49,048 - DEBUG - try match with BRISKMatching
2025-07-04 14:47:49,310 - DEBUG - 'Not enough feature points in input images !'
2025-07-04 14:47:49,313 - DEBUG - match result: None
2025-07-04 14:47:49,886 - DEBUG - try match with MultiScaleTemplateMatchingPre
2025-07-04 14:47:49,886 - DEBUG - find_best_result() run time is 0.00 s.
2025-07-04 14:47:49,887 - DEBUG - try match with TemplateMatching
2025-07-04 14:47:49,945 - DEBUG - [Template] threshold=0.7, result={'result': (439, 775), 'rectangle': ((418, 754), (418, 797), (461, 797), (461, 754)), 'confidence': 0.5952795147895813}
2025-07-04 14:47:49,946 - DEBUG - find_best_result() run time is 0.06 s.
2025-07-04 14:47:49,947 - DEBUG - try match with SIFTMatching
2025-07-04 14:47:50,462 - DEBUG - find_best_result() run time is 0.52 s.
2025-07-04 14:47:50,463 - DEBUG - try match with BRISKMatching
2025-07-04 14:47:50,711 - DEBUG - 'Not enough feature points in input images !'
2025-07-04 14:47:50,714 - DEBUG - match result: None
2025-07-04 14:47:50,716 - INFO - Try finding: Template(E:\AUTO\pythonProject\modules\commond\close\closeAllWindows\close2.png)
2025-07-04 14:47:50,789 - DEBUG - try match with MultiScaleTemplateMatchingPre
2025-07-04 14:47:50,789 - DEBUG - find_best_result() run time is 0.00 s.
2025-07-04 14:47:50,789 - DEBUG - try match with TemplateMatching
2025-07-04 14:47:50,848 - DEBUG - [Template] threshold=0.7, result={'result': (427, 472), 'rectangle': ((402, 451), (402, 494), (452, 494), (452, 451)), 'confidence': 0.6276746392250061}
2025-07-04 14:47:50,849 - DEBUG - find_best_result() run time is 0.06 s.
2025-07-04 14:47:50,849 - DEBUG - try match with SIFTMatching
2025-07-04 14:47:51,373 - DEBUG - find_best_result() run time is 0.52 s.
2025-07-04 14:47:51,375 - DEBUG - try match with BRISKMatching
2025-07-04 14:47:51,630 - DEBUG - 'Not enough feature points in input images !'
2025-07-04 14:47:51,633 - DEBUG - match result: None
2025-07-04 14:47:52,208 - DEBUG - try match with MultiScaleTemplateMatchingPre
2025-07-04 14:47:52,208 - DEBUG - find_best_result() run time is 0.00 s.
2025-07-04 14:47:52,209 - DEBUG - try match with TemplateMatching
2025-07-04 14:47:52,269 - DEBUG - [Template] threshold=0.7, result={'result': (426, 472), 'rectangle': ((401, 451), (401, 494), (451, 494), (451, 451)), 'confidence': 0.6400376558303833}
2025-07-04 14:47:52,271 - DEBUG - find_best_result() run time is 0.06 s.
2025-07-04 14:47:52,271 - DEBUG - try match with SIFTMatching
2025-07-04 14:47:52,816 - DEBUG - find_best_result() run time is 0.54 s.
2025-07-04 14:47:52,817 - DEBUG - try match with BRISKMatching
2025-07-04 14:47:53,074 - DEBUG - 'Not enough feature points in input images !'
2025-07-04 14:47:53,076 - DEBUG - match result: None
2025-07-04 14:47:53,653 - DEBUG - try match with MultiScaleTemplateMatchingPre
2025-07-04 14:47:53,653 - DEBUG - find_best_result() run time is 0.00 s.
2025-07-04 14:47:53,653 - DEBUG - try match with TemplateMatching
2025-07-04 14:47:53,723 - DEBUG - [Template] threshold=0.7, result={'result': (800, 696), 'rectangle': ((775, 675), (775, 718), (825, 718), (825, 675)), 'confidence': 0.5329040884971619}
2025-07-04 14:47:53,725 - DEBUG - find_best_result() run time is 0.07 s.
2025-07-04 14:47:53,725 - DEBUG - try match with SIFTMatching
2025-07-04 14:47:54,299 - DEBUG - find_best_result() run time is 0.57 s.
2025-07-04 14:47:54,300 - DEBUG - try match with BRISKMatching
2025-07-04 14:47:54,547 - DEBUG - 'Not enough feature points in input images !'
2025-07-04 14:47:54,550 - DEBUG - match result: None
2025-07-04 14:47:54,553 - INFO - Try finding: Template(E:\AUTO\pythonProject\modules\commond\close\closeAllWindows\close3.png)
2025-07-04 14:47:54,632 - DEBUG - try match with MultiScaleTemplateMatchingPre
2025-07-04 14:47:54,632 - DEBUG - find_best_result() run time is 0.00 s.
2025-07-04 14:47:54,632 - DEBUG - try match with TemplateMatching
2025-07-04 14:47:54,695 - DEBUG - [Template] threshold=0.7, result={'result': (346, 96), 'rectangle': ((313, 70), (313, 122), (379, 122), (379, 70)), 'confidence': 0.5875498056411743}
2025-07-04 14:47:54,696 - DEBUG - find_best_result() run time is 0.06 s.
2025-07-04 14:47:54,696 - DEBUG - try match with SIFTMatching
2025-07-04 14:47:55,241 - DEBUG - find_best_result() run time is 0.55 s.
2025-07-04 14:47:55,242 - DEBUG - try match with BRISKMatching
2025-07-04 14:47:55,492 - DEBUG - 'Not enough feature points in input images !'
2025-07-04 14:47:55,495 - DEBUG - match result: None
2025-07-04 14:47:56,069 - DEBUG - try match with MultiScaleTemplateMatchingPre
2025-07-04 14:47:56,069 - DEBUG - find_best_result() run time is 0.00 s.
2025-07-04 14:47:56,069 - DEBUG - try match with TemplateMatching
2025-07-04 14:47:56,132 - DEBUG - [Template] threshold=0.7, result={'result': (2209, 603), 'rectangle': ((2176, 577), (2176, 629), (2242, 629), (2242, 577)), 'confidence': 0.6038814187049866}
2025-07-04 14:47:56,133 - DEBUG - find_best_result() run time is 0.06 s.
2025-07-04 14:47:56,133 - DEBUG - try match with SIFTMatching
2025-07-04 14:47:56,700 - DEBUG - find_best_result() run time is 0.57 s.
2025-07-04 14:47:56,701 - DEBUG - try match with BRISKMatching
2025-07-04 14:47:56,973 - DEBUG - 'Not enough feature points in input images !'
2025-07-04 14:47:56,977 - DEBUG - match result: None
2025-07-04 14:47:57,572 - DEBUG - try match with MultiScaleTemplateMatchingPre
2025-07-04 14:47:57,573 - DEBUG - find_best_result() run time is 0.00 s.
2025-07-04 14:47:57,573 - DEBUG - try match with TemplateMatching
2025-07-04 14:47:57,649 - DEBUG - [Template] threshold=0.7, result={'result': (346, 96), 'rectangle': ((313, 70), (313, 122), (379, 122), (379, 70)), 'confidence': 0.5875498056411743}
2025-07-04 14:47:57,652 - DEBUG - find_best_result() run time is 0.08 s.
2025-07-04 14:47:57,653 - DEBUG - try match with SIFTMatching
2025-07-04 14:47:58,327 - DEBUG - find_best_result() run time is 0.67 s.
2025-07-04 14:47:58,327 - DEBUG - try match with BRISKMatching
2025-07-04 14:47:58,582 - DEBUG - 'Not enough feature points in input images !'
2025-07-04 14:47:58,584 - DEBUG - match result: None
2025-07-04 14:47:59,705 - INFO - Try finding: Template(E:\AUTO\pythonProject\modules\function\login\img\main_view.png)
2025-07-04 14:47:59,782 - DEBUG - try match with MultiScaleTemplateMatchingPre
2025-07-04 14:47:59,782 - DEBUG - find_best_result() run time is 0.00 s.
2025-07-04 14:47:59,783 - DEBUG - try match with TemplateMatching
2025-07-04 14:47:59,853 - DEBUG - [Template] threshold=0.7, result={'result': (1155, 977), 'rectangle': ((670, 914), (670, 1040), (1640, 1040), (1640, 914)), 'confidence': 0.31144407391548157}
2025-07-04 14:47:59,854 - DEBUG - find_best_result() run time is 0.07 s.
2025-07-04 14:47:59,855 - DEBUG - try match with SIFTMatching
2025-07-04 14:48:00,900 - DEBUG - [SIFT] threshold=0.7, result={'result': (1091, 988), 'rectangle': [(465, 908), (465, 1069), (1717, 1069), (1717, 908)], 'confidence': 0.9895059764385223}
2025-07-04 14:48:00,901 - DEBUG - find_best_result() run time is 1.05 s.
2025-07-04 14:48:00,901 - DEBUG - match result: {'result': (1091, 988), 'rectangle': [(465, 908), (465, 1069), (1717, 1069), (1717, 908)], 'confidence': 0.9895059764385223, 'time': 1.045499563217163}
2025-07-04 14:48:01,313 - DEBUG - C:\Program Files\Unity\Hub\Editor\2022.3.23f1\Editor\Data\PlaybackEngines\AndroidPlayer\SDK\platform-tools\adb.exe -s emulator-5554 wait-for-device
2025-07-04 14:48:01,442 - DEBUG - C:\Program Files\Unity\Hub\Editor\2022.3.23f1\Editor\Data\PlaybackEngines\AndroidPlayer\SDK\platform-tools\adb.exe -s emulator-5554 shell getprop ro.build.version.sdk
2025-07-04 14:48:01,561 - WARNING - Device:emulator-5554 updated <airtest.core.android.android.Android object at 0x000001DB7EE91C10> -> <airtest.core.android.android.Android object at 0x000001DB7F4846A0>
2025-07-04 14:48:04,654 - DEBUG - C:\Program Files\Unity\Hub\Editor\2022.3.23f1\Editor\Data\PlaybackEngines\AndroidPlayer\SDK\platform-tools\adb.exe -s emulator-5554 shell dumpsys package com.netease.nie.yosemite
2025-07-04 14:48:04,791 - DEBUG - C:\Program Files\Unity\Hub\Editor\2022.3.23f1\Editor\Data\PlaybackEngines\AndroidPlayer\SDK\platform-tools\adb.exe -s emulator-5554 forward --no-rebind tcp:11899 localabstract:javacap_11899
2025-07-04 14:48:04,905 - DEBUG - C:\Program Files\Unity\Hub\Editor\2022.3.23f1\Editor\Data\PlaybackEngines\AndroidPlayer\SDK\platform-tools\adb.exe -s emulator-5554 shell pm path com.netease.nie.yosemite
2025-07-04 14:48:05,040 - DEBUG - C:\Program Files\Unity\Hub\Editor\2022.3.23f1\Editor\Data\PlaybackEngines\AndroidPlayer\SDK\platform-tools\adb.exe -s emulator-5554 shell CLASSPATH=/data/app/com.netease.nie.yosemite-QDakP4cbYaOG9cISZ6t3_g==/base.apk exec app_process /system/bin com.netease.nie.yosemite.Capture --scale 100 --socket javacap_11899 -lazy 2>&1
2025-07-04 14:48:05,295 - DEBUG - [javacap_sever]b'Capture server listening on @javacap_11899'
2025-07-04 14:48:05,416 - DEBUG - (1, 3, 0, 2400, 1080, 0, 0, 0, 1)
2025-07-04 14:48:05,612 - INFO - Try finding: Template(E:\AUTO\pythonProject\modules\function\KamarBiasa\img\kamar_enter.png)
2025-07-04 14:48:05,704 - DEBUG - try match with MultiScaleTemplateMatchingPre
2025-07-04 14:48:05,704 - DEBUG - find_best_result() run time is 0.00 s.
2025-07-04 14:48:05,704 - DEBUG - try match with TemplateMatching
2025-07-04 14:48:05,807 - DEBUG - [Template] threshold=0.7, result={'result': (1213, 704), 'rectangle': ((1090, 633), (1090, 776), (1337, 776), (1337, 633)), 'confidence': 0.44292208552360535}
2025-07-04 14:48:05,808 - DEBUG - find_best_result() run time is 0.10 s.
2025-07-04 14:48:05,808 - DEBUG - try match with SIFTMatching
2025-07-04 14:48:06,514 - DEBUG - [SIFT] threshold=0.7, result={'result': (1203, 707), 'rectangle': [(1045, 614), (1045, 801), (1362, 801), (1362, 614)], 'confidence': 0.9842967987060547}
2025-07-04 14:48:06,515 - DEBUG - find_best_result() run time is 0.71 s.
2025-07-04 14:48:06,515 - DEBUG - match result: {'result': (1203, 707), 'rectangle': [(1045, 614), (1045, 801), (1362, 801), (1362, 614)], 'confidence': 0.9842967987060547, 'time': 0.7061059474945068}
2025-07-04 14:48:06,516 - INFO - Try finding: Template(E:\AUTO\pythonProject\modules\function\KamarBiasa\img\kamar_enter.png)
2025-07-04 14:48:06,595 - DEBUG - try match with MultiScaleTemplateMatchingPre
2025-07-04 14:48:06,595 - DEBUG - find_best_result() run time is 0.00 s.
2025-07-04 14:48:06,596 - DEBUG - try match with TemplateMatching
2025-07-04 14:48:06,698 - DEBUG - [Template] threshold=0.7, result={'result': (1213, 704), 'rectangle': ((1090, 633), (1090, 776), (1337, 776), (1337, 633)), 'confidence': 0.45896613597869873}
2025-07-04 14:48:06,699 - DEBUG - find_best_result() run time is 0.10 s.
2025-07-04 14:48:06,699 - DEBUG - try match with SIFTMatching
2025-07-04 14:48:07,375 - DEBUG - [SIFT] threshold=0.7, result={'result': (1205, 710), 'rectangle': [(1046, 621), (1046, 800), (1364, 800), (1364, 621)], 'confidence': 0.9821085035800934}
2025-07-04 14:48:07,377 - DEBUG - find_best_result() run time is 0.68 s.
2025-07-04 14:48:07,378 - DEBUG - match result: {'result': (1205, 710), 'rectangle': [(1046, 621), (1046, 800), (1364, 800), (1364, 621)], 'confidence': 0.9821085035800934, 'time': 0.6773631572723389}
2025-07-04 14:48:07,379 - DEBUG - C:\Program Files\Unity\Hub\Editor\2022.3.23f1\Editor\Data\PlaybackEngines\AndroidPlayer\SDK\platform-tools\adb.exe -s emulator-5554 shell ls -l /data/local/tmp/rotationwatcher.jar
2025-07-04 14:48:07,510 - DEBUG - install_rotationwatcher skipped
2025-07-04 14:48:07,510 - DEBUG - C:\Program Files\Unity\Hub\Editor\2022.3.23f1\Editor\Data\PlaybackEngines\AndroidPlayer\SDK\platform-tools\adb.exe -s emulator-5554 shell app_process -Djava.class.path=/data/local/tmp/rotationwatcher.jar /data/local/tmp com.example.rotationwatcher.Main
2025-07-04 14:48:07,752 - DEBUG - [rotation_server]b'0'
2025-07-04 14:48:08,563 - INFO - update orientation None->0
2025-07-04 14:48:08,564 - DEBUG - C:\Program Files\Unity\Hub\Editor\2022.3.23f1\Editor\Data\PlaybackEngines\AndroidPlayer\SDK\platform-tools\adb.exe -s emulator-5554 shell wm size
2025-07-04 14:48:08,695 - DEBUG - C:\Program Files\Unity\Hub\Editor\2022.3.23f1\Editor\Data\PlaybackEngines\AndroidPlayer\SDK\platform-tools\adb.exe -s emulator-5554 shell getprop ro.sf.lcd_density
2025-07-04 14:48:08,824 - DEBUG - C:\Program Files\Unity\Hub\Editor\2022.3.23f1\Editor\Data\PlaybackEngines\AndroidPlayer\SDK\platform-tools\adb.exe -s emulator-5554 shell dumpsys SurfaceFlinger
2025-07-04 14:48:08,952 - DEBUG - C:\Program Files\Unity\Hub\Editor\2022.3.23f1\Editor\Data\PlaybackEngines\AndroidPlayer\SDK\platform-tools\adb.exe -s emulator-5554 shell getevent -p
2025-07-04 14:48:09,264 - DEBUG - C:\Program Files\Unity\Hub\Editor\2022.3.23f1\Editor\Data\PlaybackEngines\AndroidPlayer\SDK\platform-tools\adb.exe -s emulator-5554 shell input tap 1205 710
2025-07-04 14:48:10,883 - INFO - Try finding: Template(E:\AUTO\pythonProject\modules\function\QiuQIu\img\back.png)
2025-07-04 14:48:10,950 - DEBUG - try match with MultiScaleTemplateMatchingPre
2025-07-04 14:48:10,950 - DEBUG - find_best_result() run time is 0.00 s.
2025-07-04 14:48:10,951 - DEBUG - try match with TemplateMatching
2025-07-04 14:48:11,012 - DEBUG - [Template] threshold=0.7, result={'result': (2245, 60), 'rectangle': ((2203, 27), (2203, 93), (2287, 93), (2287, 27)), 'confidence': 0.49654272198677063}
2025-07-04 14:48:11,013 - DEBUG - find_best_result() run time is 0.06 s.
2025-07-04 14:48:11,013 - DEBUG - try match with SIFTMatching
2025-07-04 14:48:11,477 - DEBUG - [SIFT] threshold=0.7, result={'result': [170, 75], 'rectangle': [(115, 20), (115, 130), (224, 130), (224, 20)], 'confidence': 0.7737450897693634}
2025-07-04 14:48:11,478 - DEBUG - find_best_result() run time is 0.46 s.
2025-07-04 14:48:11,478 - DEBUG - match result: {'result': [170, 75], 'rectangle': [(115, 20), (115, 130), (224, 130), (224, 20)], 'confidence': 0.7737450897693634, 'time': 0.4644317626953125}
2025-07-04 14:48:11,479 - INFO - Try finding: Template(E:\AUTO\pythonProject\modules\function\QiuQIu\img\back.png)
2025-07-04 14:48:11,562 - DEBUG - try match with MultiScaleTemplateMatchingPre
2025-07-04 14:48:11,563 - DEBUG - find_best_result() run time is 0.00 s.
2025-07-04 14:48:11,563 - DEBUG - try match with TemplateMatching
2025-07-04 14:48:11,626 - DEBUG - [Template] threshold=0.7, result={'result': (2245, 60), 'rectangle': ((2203, 27), (2203, 93), (2287, 93), (2287, 27)), 'confidence': 0.49654272198677063}
2025-07-04 14:48:11,627 - DEBUG - find_best_result() run time is 0.06 s.
2025-07-04 14:48:11,628 - DEBUG - try match with SIFTMatching
2025-07-04 14:48:12,108 - DEBUG - [SIFT] threshold=0.7, result={'result': [170, 75], 'rectangle': [(115, 20), (115, 130), (224, 130), (224, 20)], 'confidence': 0.7737450897693634}
2025-07-04 14:48:12,108 - DEBUG - find_best_result() run time is 0.48 s.
2025-07-04 14:48:12,109 - DEBUG - match result: {'result': [170, 75], 'rectangle': [(115, 20), (115, 130), (224, 130), (224, 20)], 'confidence': 0.7737450897693634, 'time': 0.4797983169555664}
2025-07-04 14:48:12,109 - DEBUG - C:\Program Files\Unity\Hub\Editor\2022.3.23f1\Editor\Data\PlaybackEngines\AndroidPlayer\SDK\platform-tools\adb.exe -s emulator-5554 shell input tap 170 75
2025-07-04 14:48:13,745 - INFO - Try finding: Template(E:\AUTO\pythonProject\modules\function\Remi\img\remi_enter.png)
2025-07-04 14:48:13,815 - DEBUG - try match with MultiScaleTemplateMatchingPre
2025-07-04 14:48:13,815 - DEBUG - find_best_result() run time is 0.00 s.
2025-07-04 14:48:13,816 - DEBUG - try match with TemplateMatching
2025-07-04 14:48:13,901 - DEBUG - [Template] threshold=0.7, result={'result': (788, 751), 'rectangle': ((696, 683), (696, 819), (881, 819), (881, 683)), 'confidence': 0.2991800606250763}
2025-07-04 14:48:13,902 - DEBUG - find_best_result() run time is 0.09 s.
2025-07-04 14:48:13,903 - DEBUG - try match with SIFTMatching
2025-07-04 14:48:14,536 - DEBUG - [SIFT] threshold=0.7, result={'result': (1864, 326), 'rectangle': [(1746, 239), (1746, 414), (1982, 414), (1982, 239)], 'confidence': 0.9785833358764648}
2025-07-04 14:48:14,536 - DEBUG - find_best_result() run time is 0.63 s.
2025-07-04 14:48:14,536 - DEBUG - match result: {'result': (1864, 326), 'rectangle': [(1746, 239), (1746, 414), (1982, 414), (1982, 239)], 'confidence': 0.9785833358764648, 'time': 0.6328105926513672}
2025-07-04 14:48:14,538 - INFO - Try finding: Template(E:\AUTO\pythonProject\modules\function\Remi\img\remi_enter.png)
2025-07-04 14:48:14,610 - DEBUG - try match with MultiScaleTemplateMatchingPre
2025-07-04 14:48:14,610 - DEBUG - find_best_result() run time is 0.00 s.
2025-07-04 14:48:14,610 - DEBUG - try match with TemplateMatching
2025-07-04 14:48:14,692 - DEBUG - [Template] threshold=0.7, result={'result': (789, 751), 'rectangle': ((697, 683), (697, 819), (882, 819), (882, 683)), 'confidence': 0.296983927488327}
2025-07-04 14:48:14,694 - DEBUG - find_best_result() run time is 0.08 s.
2025-07-04 14:48:14,694 - DEBUG - try match with SIFTMatching
2025-07-04 14:48:15,335 - DEBUG - [SIFT] threshold=0.7, result={'result': (1864, 327), 'rectangle': [(1746, 240), (1746, 414), (1983, 414), (1983, 240)], 'confidence': 0.9923246204853058}
2025-07-04 14:48:15,335 - DEBUG - find_best_result() run time is 0.64 s.
2025-07-04 14:48:15,336 - DEBUG - match result: {'result': (1864, 327), 'rectangle': [(1746, 240), (1746, 414), (1983, 414), (1983, 240)], 'confidence': 0.9923246204853058, 'time': 0.6413013935089111}
2025-07-04 14:48:15,336 - DEBUG - C:\Program Files\Unity\Hub\Editor\2022.3.23f1\Editor\Data\PlaybackEngines\AndroidPlayer\SDK\platform-tools\adb.exe -s emulator-5554 shell input tap 1864 327
2025-07-04 14:48:16,948 - INFO - Try finding: Template(E:\AUTO\pythonProject\modules\function\QiuQIu\img\back.png)
2025-07-04 14:48:17,014 - DEBUG - try match with MultiScaleTemplateMatchingPre
2025-07-04 14:48:17,015 - DEBUG - find_best_result() run time is 0.00 s.
2025-07-04 14:48:17,015 - DEBUG - try match with TemplateMatching
2025-07-04 14:48:17,079 - DEBUG - [Template] threshold=0.7, result={'result': (2245, 60), 'rectangle': ((2203, 27), (2203, 93), (2287, 93), (2287, 27)), 'confidence': 0.49654504656791687}
2025-07-04 14:48:17,080 - DEBUG - find_best_result() run time is 0.06 s.
2025-07-04 14:48:17,080 - DEBUG - try match with SIFTMatching
2025-07-04 14:48:17,542 - DEBUG - [SIFT] threshold=0.7, result={'result': [170, 75], 'rectangle': [(115, 20), (115, 130), (224, 130), (224, 20)], 'confidence': 0.7737450897693634}
2025-07-04 14:48:17,543 - DEBUG - find_best_result() run time is 0.46 s.
2025-07-04 14:48:17,543 - DEBUG - match result: {'result': [170, 75], 'rectangle': [(115, 20), (115, 130), (224, 130), (224, 20)], 'confidence': 0.7737450897693634, 'time': 0.4626307487487793}
2025-07-04 14:48:17,544 - INFO - Try finding: Template(E:\AUTO\pythonProject\modules\function\QiuQIu\img\back.png)
2025-07-04 14:48:17,625 - DEBUG - try match with MultiScaleTemplateMatchingPre
2025-07-04 14:48:17,626 - DEBUG - find_best_result() run time is 0.00 s.
2025-07-04 14:48:17,627 - DEBUG - try match with TemplateMatching
2025-07-04 14:48:17,693 - DEBUG - [Template] threshold=0.7, result={'result': (2245, 60), 'rectangle': ((2203, 27), (2203, 93), (2287, 93), (2287, 27)), 'confidence': 0.49654504656791687}
2025-07-04 14:48:17,694 - DEBUG - find_best_result() run time is 0.07 s.
2025-07-04 14:48:17,695 - DEBUG - try match with SIFTMatching
2025-07-04 14:48:18,167 - DEBUG - [SIFT] threshold=0.7, result={'result': [170, 75], 'rectangle': [(115, 20), (115, 130), (224, 130), (224, 20)], 'confidence': 0.7737450897693634}
2025-07-04 14:48:18,168 - DEBUG - find_best_result() run time is 0.47 s.
2025-07-04 14:48:18,168 - DEBUG - match result: {'result': [170, 75], 'rectangle': [(115, 20), (115, 130), (224, 130), (224, 20)], 'confidence': 0.7737450897693634, 'time': 0.472933292388916}
2025-07-04 14:48:18,169 - DEBUG - C:\Program Files\Unity\Hub\Editor\2022.3.23f1\Editor\Data\PlaybackEngines\AndroidPlayer\SDK\platform-tools\adb.exe -s emulator-5554 shell input tap 170 75
2025-07-04 14:48:19,788 - INFO - Try finding: Template(E:\AUTO\pythonProject\modules\function\QiuQIu\img\qiuqiu_enter.png)
2025-07-04 14:48:19,861 - DEBUG - try match with MultiScaleTemplateMatchingPre
2025-07-04 14:48:19,862 - DEBUG - find_best_result() run time is 0.00 s.
2025-07-04 14:48:19,862 - DEBUG - try match with TemplateMatching
2025-07-04 14:48:19,924 - DEBUG - [Template] threshold=0.7, result={'result': (503, 498), 'rectangle': ((431, 458), (431, 538), (575, 538), (575, 458)), 'confidence': 0.3525291085243225}
2025-07-04 14:48:19,926 - DEBUG - find_best_result() run time is 0.06 s.
2025-07-04 14:48:19,926 - DEBUG - try match with SIFTMatching
2025-07-04 14:48:20,532 - DEBUG - [SIFT] threshold=0.7, result={'result': (1548, 367), 'rectangle': [(1456, 319), (1456, 416), (1641, 416), (1641, 319)], 'confidence': 0.971690833568573}
2025-07-04 14:48:20,533 - DEBUG - find_best_result() run time is 0.61 s.
2025-07-04 14:48:20,533 - DEBUG - match result: {'result': (1548, 367), 'rectangle': [(1456, 319), (1456, 416), (1641, 416), (1641, 319)], 'confidence': 0.971690833568573, 'time': 0.6071290969848633}
2025-07-04 14:48:20,534 - INFO - Try finding: Template(E:\AUTO\pythonProject\modules\function\QiuQIu\img\qiuqiu_enter.png)
2025-07-04 14:48:20,606 - DEBUG - try match with MultiScaleTemplateMatchingPre
2025-07-04 14:48:20,607 - DEBUG - find_best_result() run time is 0.00 s.
2025-07-04 14:48:20,607 - DEBUG - try match with TemplateMatching
2025-07-04 14:48:20,670 - DEBUG - [Template] threshold=0.7, result={'result': (2048, 959), 'rectangle': ((1976, 919), (1976, 999), (2120, 999), (2120, 919)), 'confidence': 0.330920547246933}
2025-07-04 14:48:20,671 - DEBUG - find_best_result() run time is 0.06 s.
2025-07-04 14:48:20,671 - DEBUG - try match with SIFTMatching
2025-07-04 14:48:21,314 - DEBUG - [SIFT] threshold=0.7, result={'result': (1548, 367), 'rectangle': [(1456, 318), (1456, 416), (1640, 416), (1640, 318)], 'confidence': 0.9689788222312927}
2025-07-04 14:48:21,315 - DEBUG - find_best_result() run time is 0.64 s.
2025-07-04 14:48:21,315 - DEBUG - match result: {'result': (1548, 367), 'rectangle': [(1456, 318), (1456, 416), (1640, 416), (1640, 318)], 'confidence': 0.9689788222312927, 'time': 0.6444156169891357}
2025-07-04 14:48:21,316 - DEBUG - C:\Program Files\Unity\Hub\Editor\2022.3.23f1\Editor\Data\PlaybackEngines\AndroidPlayer\SDK\platform-tools\adb.exe -s emulator-5554 shell input tap 1548 367
2025-07-04 14:48:22,935 - INFO - Try finding: Template(E:\AUTO\pythonProject\modules\function\QiuQIu\img\back.png)
2025-07-04 14:48:22,999 - DEBUG - try match with MultiScaleTemplateMatchingPre
2025-07-04 14:48:22,999 - DEBUG - find_best_result() run time is 0.00 s.
2025-07-04 14:48:22,999 - DEBUG - try match with TemplateMatching
2025-07-04 14:48:23,060 - DEBUG - [Template] threshold=0.7, result={'result': (2245, 60), 'rectangle': ((2203, 27), (2203, 93), (2287, 93), (2287, 27)), 'confidence': 0.5064241290092468}
2025-07-04 14:48:23,061 - DEBUG - find_best_result() run time is 0.06 s.
2025-07-04 14:48:23,061 - DEBUG - try match with SIFTMatching
2025-07-04 14:48:23,526 - DEBUG - [SIFT] threshold=0.7, result={'result': (168, 73), 'rectangle': [(114, 30), (114, 116), (223, 116), (223, 30)], 'confidence': 0.9870051741600037}
2025-07-04 14:48:23,527 - DEBUG - find_best_result() run time is 0.47 s.
2025-07-04 14:48:23,527 - DEBUG - match result: {'result': (168, 73), 'rectangle': [(114, 30), (114, 116), (223, 116), (223, 30)], 'confidence': 0.9870051741600037, 'time': 0.4658479690551758}
2025-07-04 14:48:23,529 - INFO - Try finding: Template(E:\AUTO\pythonProject\modules\function\QiuQIu\img\back.png)
2025-07-04 14:48:23,603 - DEBUG - try match with MultiScaleTemplateMatchingPre
2025-07-04 14:48:23,604 - DEBUG - find_best_result() run time is 0.00 s.
2025-07-04 14:48:23,605 - DEBUG - try match with TemplateMatching
2025-07-04 14:48:23,667 - DEBUG - [Template] threshold=0.7, result={'result': (2245, 60), 'rectangle': ((2203, 27), (2203, 93), (2287, 93), (2287, 27)), 'confidence': 0.5064241290092468}
2025-07-04 14:48:23,668 - DEBUG - find_best_result() run time is 0.06 s.
2025-07-04 14:48:23,668 - DEBUG - try match with SIFTMatching
2025-07-04 14:48:24,143 - DEBUG - [SIFT] threshold=0.7, result={'result': (168, 73), 'rectangle': [(114, 30), (114, 116), (223, 116), (223, 30)], 'confidence': 0.9870051741600037}
2025-07-04 14:48:24,143 - DEBUG - find_best_result() run time is 0.47 s.
2025-07-04 14:48:24,144 - DEBUG - match result: {'result': (168, 73), 'rectangle': [(114, 30), (114, 116), (223, 116), (223, 30)], 'confidence': 0.9870051741600037, 'time': 0.4741802215576172}
2025-07-04 14:48:24,145 - DEBUG - C:\Program Files\Unity\Hub\Editor\2022.3.23f1\Editor\Data\PlaybackEngines\AndroidPlayer\SDK\platform-tools\adb.exe -s emulator-5554 shell input tap 168 73
2025-07-04 14:48:27,605 - DEBUG - C:\Program Files\Unity\Hub\Editor\2022.3.23f1\Editor\Data\PlaybackEngines\AndroidPlayer\SDK\platform-tools\adb.exe -s emulator-5554 forward --remove tcp:16539
2025-07-04 14:48:27,752 - DEBUG - C:\Program Files\Unity\Hub\Editor\2022.3.23f1\Editor\Data\PlaybackEngines\AndroidPlayer\SDK\platform-tools\adb.exe -s emulator-5554 forward --remove tcp:11899
2025-07-04 14:48:27,877 - DEBUG - [rotation_server]b''
2025-07-04 14:48:27,891 - DEBUG - [javacap_sever]b''
2025-07-04 14:48:27,905 - DEBUG - [rotation_server]b''
2025-07-04 14:48:27,918 - DEBUG - [javacap_sever]b''
