2025-06-12 17:34:07,203 - DEBUG - E:\MuMu Player 12\shell\adb.exe -s emulator-5554 wait-for-device
2025-06-12 17:34:07,297 - DEBUG - E:\MuMu Player 12\shell\adb.exe -s emulator-5554 shell getprop ro.build.version.sdk
2025-06-12 17:34:10,419 - DEBUG - E:\MuMu Player 12\shell\adb.exe -s emulator-5554 shell dumpsys package com.netease.nie.yosemite
2025-06-12 17:34:10,525 - DEBUG - E:\MuMu Player 12\shell\adb.exe -s emulator-5554 forward --no-rebind tcp:12831 localabstract:javacap_12831
2025-06-12 17:34:10,616 - DEBUG - E:\MuMu Player 12\shell\adb.exe -s emulator-5554 shell pm path com.netease.nie.yosemite
2025-06-12 17:34:10,718 - DEBUG - E:\MuMu Player 12\shell\adb.exe -s emulator-5554 shell CLASSPATH=/data/app/com.netease.nie.yosemite-QDakP4cbYaOG9cISZ6t3_g==/base.apk exec app_process /system/bin com.netease.nie.yosemite.Capture --scale 100 --socket javacap_12831 -lazy 2>&1
2025-06-12 17:34:10,903 - DEBUG - [javacap_sever]b'Capture server listening on @javacap_12831'
2025-06-12 17:34:11,015 - DEBUG - (1, 3, 0, 2400, 1080, 0, 0, 0, 1)
2025-06-12 17:34:12,256 - DEBUG - E:\MuMu Player 12\shell\adb.exe -s emulator-5554 shell am force-stop com.neptune.domino
2025-06-12 17:34:12,380 - DEBUG - E:\MuMu Player 12\shell\adb.exe -s emulator-5554 shell monkey -p com.neptune.domino -c android.intent.category.LAUNCHER 1
2025-06-12 17:34:32,627 - DEBUG - E:\MuMu Player 12\shell\adb.exe -s emulator-5554 shell pidof com.neptune.domino
2025-06-12 17:34:33,854 - INFO - Try finding: Template(E:\AUTO\pythonProject\modules\commond\close\closeAllWindows\close1.png)
2025-06-12 17:34:33,927 - DEBUG - try match with MultiScaleTemplateMatchingPre
2025-06-12 17:34:33,927 - DEBUG - find_best_result() run time is 0.00 s.
2025-06-12 17:34:33,927 - DEBUG - try match with TemplateMatching
2025-06-12 17:34:33,978 - DEBUG - [Template] threshold=0.7, result={'result': (439, 775), 'rectangle': ((418, 754), (418, 797), (461, 797), (461, 754)), 'confidence': 0.5952804684638977}
2025-06-12 17:34:33,978 - DEBUG - find_best_result() run time is 0.05 s.
2025-06-12 17:34:33,978 - DEBUG - try match with SIFTMatching
2025-06-12 17:34:34,442 - DEBUG - find_best_result() run time is 0.46 s.
2025-06-12 17:34:34,442 - DEBUG - try match with BRISKMatching
2025-06-12 17:34:34,638 - DEBUG - 'Not enough feature points in input images !'
2025-06-12 17:34:34,642 - DEBUG - match result: None
2025-06-12 17:34:35,207 - DEBUG - try match with MultiScaleTemplateMatchingPre
2025-06-12 17:34:35,207 - DEBUG - find_best_result() run time is 0.00 s.
2025-06-12 17:34:35,207 - DEBUG - try match with TemplateMatching
2025-06-12 17:34:35,257 - DEBUG - [Template] threshold=0.7, result={'result': (439, 775), 'rectangle': ((418, 754), (418, 797), (461, 797), (461, 754)), 'confidence': 0.5952795147895813}
2025-06-12 17:34:35,258 - DEBUG - find_best_result() run time is 0.05 s.
2025-06-12 17:34:35,258 - DEBUG - try match with SIFTMatching
2025-06-12 17:34:35,719 - DEBUG - find_best_result() run time is 0.46 s.
2025-06-12 17:34:35,720 - DEBUG - try match with BRISKMatching
2025-06-12 17:34:35,905 - DEBUG - 'Not enough feature points in input images !'
2025-06-12 17:34:35,911 - DEBUG - match result: None
2025-06-12 17:34:36,478 - DEBUG - try match with MultiScaleTemplateMatchingPre
2025-06-12 17:34:36,478 - DEBUG - find_best_result() run time is 0.00 s.
2025-06-12 17:34:36,478 - DEBUG - try match with TemplateMatching
2025-06-12 17:34:36,526 - DEBUG - [Template] threshold=0.7, result={'result': (439, 775), 'rectangle': ((418, 754), (418, 797), (461, 797), (461, 754)), 'confidence': 0.5952804684638977}
2025-06-12 17:34:36,528 - DEBUG - find_best_result() run time is 0.05 s.
2025-06-12 17:34:36,528 - DEBUG - try match with SIFTMatching
2025-06-12 17:34:36,964 - DEBUG - find_best_result() run time is 0.43 s.
2025-06-12 17:34:36,964 - DEBUG - try match with BRISKMatching
2025-06-12 17:34:37,151 - DEBUG - 'Not enough feature points in input images !'
2025-06-12 17:34:37,156 - DEBUG - match result: None
2025-06-12 17:34:37,158 - INFO - Try finding: Template(E:\AUTO\pythonProject\modules\commond\close\closeAllWindows\close2.png)
2025-06-12 17:34:37,227 - DEBUG - try match with MultiScaleTemplateMatchingPre
2025-06-12 17:34:37,227 - DEBUG - find_best_result() run time is 0.00 s.
2025-06-12 17:34:37,227 - DEBUG - try match with TemplateMatching
2025-06-12 17:34:37,276 - DEBUG - [Template] threshold=0.7, result={'result': (499, 364), 'rectangle': ((474, 343), (474, 386), (524, 386), (524, 343)), 'confidence': 0.5692155957221985}
2025-06-12 17:34:37,276 - DEBUG - find_best_result() run time is 0.05 s.
2025-06-12 17:34:37,276 - DEBUG - try match with SIFTMatching
2025-06-12 17:34:37,699 - DEBUG - find_best_result() run time is 0.42 s.
2025-06-12 17:34:37,700 - DEBUG - try match with BRISKMatching
2025-06-12 17:34:37,886 - DEBUG - 'Not enough feature points in input images !'
2025-06-12 17:34:37,889 - DEBUG - match result: None
2025-06-12 17:34:38,455 - DEBUG - try match with MultiScaleTemplateMatchingPre
2025-06-12 17:34:38,455 - DEBUG - find_best_result() run time is 0.00 s.
2025-06-12 17:34:38,455 - DEBUG - try match with TemplateMatching
2025-06-12 17:34:38,505 - DEBUG - [Template] threshold=0.7, result={'result': (202, 461), 'rectangle': ((177, 440), (177, 483), (227, 483), (227, 440)), 'confidence': 0.5313606262207031}
2025-06-12 17:34:38,505 - DEBUG - find_best_result() run time is 0.05 s.
2025-06-12 17:34:38,505 - DEBUG - try match with SIFTMatching
2025-06-12 17:34:38,923 - DEBUG - find_best_result() run time is 0.42 s.
2025-06-12 17:34:38,924 - DEBUG - try match with BRISKMatching
2025-06-12 17:34:39,110 - DEBUG - 'Not enough feature points in input images !'
2025-06-12 17:34:39,114 - DEBUG - match result: None
2025-06-12 17:34:39,684 - DEBUG - try match with MultiScaleTemplateMatchingPre
2025-06-12 17:34:39,684 - DEBUG - find_best_result() run time is 0.00 s.
2025-06-12 17:34:39,684 - DEBUG - try match with TemplateMatching
2025-06-12 17:34:39,732 - DEBUG - [Template] threshold=0.7, result={'result': (428, 471), 'rectangle': ((403, 450), (403, 493), (453, 493), (453, 450)), 'confidence': 0.6107991933822632}
2025-06-12 17:34:39,734 - DEBUG - find_best_result() run time is 0.05 s.
2025-06-12 17:34:39,735 - DEBUG - try match with SIFTMatching
2025-06-12 17:34:40,156 - DEBUG - find_best_result() run time is 0.42 s.
2025-06-12 17:34:40,156 - DEBUG - try match with BRISKMatching
2025-06-12 17:34:40,353 - DEBUG - 'Not enough feature points in input images !'
2025-06-12 17:34:40,358 - DEBUG - match result: None
2025-06-12 17:34:40,359 - INFO - Try finding: Template(E:\AUTO\pythonProject\modules\commond\close\closeAllWindows\close3.png)
2025-06-12 17:34:40,428 - DEBUG - try match with MultiScaleTemplateMatchingPre
2025-06-12 17:34:40,429 - DEBUG - find_best_result() run time is 0.00 s.
2025-06-12 17:34:40,429 - DEBUG - try match with TemplateMatching
2025-06-12 17:34:40,480 - DEBUG - [Template] threshold=0.7, result={'result': (346, 96), 'rectangle': ((313, 70), (313, 122), (379, 122), (379, 70)), 'confidence': 0.5883516669273376}
2025-06-12 17:34:40,481 - DEBUG - find_best_result() run time is 0.05 s.
2025-06-12 17:34:40,481 - DEBUG - try match with SIFTMatching
2025-06-12 17:34:40,922 - DEBUG - find_best_result() run time is 0.44 s.
2025-06-12 17:34:40,922 - DEBUG - try match with BRISKMatching
2025-06-12 17:34:41,120 - DEBUG - 'Not enough feature points in input images !'
2025-06-12 17:34:41,124 - DEBUG - match result: None
2025-06-12 17:34:41,691 - DEBUG - try match with MultiScaleTemplateMatchingPre
2025-06-12 17:34:41,691 - DEBUG - find_best_result() run time is 0.00 s.
2025-06-12 17:34:41,691 - DEBUG - try match with TemplateMatching
2025-06-12 17:34:41,745 - DEBUG - [Template] threshold=0.7, result={'result': (346, 96), 'rectangle': ((313, 70), (313, 122), (379, 122), (379, 70)), 'confidence': 0.5844885110855103}
2025-06-12 17:34:41,746 - DEBUG - find_best_result() run time is 0.05 s.
2025-06-12 17:34:41,746 - DEBUG - try match with SIFTMatching
2025-06-12 17:34:42,181 - DEBUG - find_best_result() run time is 0.43 s.
2025-06-12 17:34:42,181 - DEBUG - try match with BRISKMatching
2025-06-12 17:34:42,375 - DEBUG - 'Not enough feature points in input images !'
2025-06-12 17:34:42,380 - DEBUG - match result: None
2025-06-12 17:34:42,952 - DEBUG - try match with MultiScaleTemplateMatchingPre
2025-06-12 17:34:42,952 - DEBUG - find_best_result() run time is 0.00 s.
2025-06-12 17:34:42,952 - DEBUG - try match with TemplateMatching
2025-06-12 17:34:43,003 - DEBUG - [Template] threshold=0.7, result={'result': (346, 96), 'rectangle': ((313, 70), (313, 122), (379, 122), (379, 70)), 'confidence': 0.5880146026611328}
2025-06-12 17:34:43,005 - DEBUG - find_best_result() run time is 0.05 s.
2025-06-12 17:34:43,005 - DEBUG - try match with SIFTMatching
2025-06-12 17:34:43,446 - DEBUG - find_best_result() run time is 0.44 s.
2025-06-12 17:34:43,446 - DEBUG - try match with BRISKMatching
2025-06-12 17:34:43,643 - DEBUG - 'Not enough feature points in input images !'
2025-06-12 17:34:43,646 - DEBUG - match result: None
2025-06-12 17:34:44,746 - INFO - Try finding: Template(E:\AUTO\pythonProject\modules\function\login\img\main_view.png)
2025-06-12 17:34:44,811 - DEBUG - try match with MultiScaleTemplateMatchingPre
2025-06-12 17:34:44,812 - DEBUG - find_best_result() run time is 0.00 s.
2025-06-12 17:34:44,812 - DEBUG - try match with TemplateMatching
2025-06-12 17:34:44,867 - DEBUG - [Template] threshold=0.7, result={'result': (1155, 977), 'rectangle': ((670, 914), (670, 1040), (1640, 1040), (1640, 914)), 'confidence': 0.3236001133918762}
2025-06-12 17:34:44,868 - DEBUG - find_best_result() run time is 0.06 s.
2025-06-12 17:34:44,868 - DEBUG - try match with SIFTMatching
2025-06-12 17:34:45,704 - DEBUG - [SIFT] threshold=0.7, result={'result': (1091, 988), 'rectangle': [(465, 908), (465, 1069), (1717, 1069), (1717, 908)], 'confidence': 0.9922983646392822}
2025-06-12 17:34:45,704 - DEBUG - find_best_result() run time is 0.84 s.
2025-06-12 17:34:45,705 - DEBUG - match result: {'result': (1091, 988), 'rectangle': [(465, 908), (465, 1069), (1717, 1069), (1717, 908)], 'confidence': 0.9922983646392822, 'time': 0.8362224102020264}
2025-06-12 17:34:45,872 - DEBUG - E:\MuMu Player 12\shell\adb.exe -s emulator-5554 wait-for-device
2025-06-12 17:34:45,971 - DEBUG - E:\MuMu Player 12\shell\adb.exe -s emulator-5554 shell getprop ro.build.version.sdk
2025-06-12 17:34:46,074 - WARNING - Device:emulator-5554 updated <airtest.core.android.android.Android object at 0x0000016BDAE19A30> -> <airtest.core.android.android.Android object at 0x0000016B8001B490>
2025-06-12 17:34:49,101 - DEBUG - E:\MuMu Player 12\shell\adb.exe -s emulator-5554 shell dumpsys package com.netease.nie.yosemite
2025-06-12 17:34:49,209 - DEBUG - E:\MuMu Player 12\shell\adb.exe -s emulator-5554 forward --no-rebind tcp:16696 localabstract:javacap_16696
2025-06-12 17:34:49,315 - DEBUG - E:\MuMu Player 12\shell\adb.exe -s emulator-5554 shell pm path com.netease.nie.yosemite
2025-06-12 17:34:49,416 - DEBUG - E:\MuMu Player 12\shell\adb.exe -s emulator-5554 shell CLASSPATH=/data/app/com.netease.nie.yosemite-QDakP4cbYaOG9cISZ6t3_g==/base.apk exec app_process /system/bin com.netease.nie.yosemite.Capture --scale 100 --socket javacap_16696 -lazy 2>&1
2025-06-12 17:34:49,649 - DEBUG - [javacap_sever]b'Capture server listening on @javacap_16696'
2025-06-12 17:34:49,769 - DEBUG - (1, 3, 0, 2400, 1080, 0, 0, 0, 1)
2025-06-12 17:34:49,920 - INFO - Try finding: Template(E:\AUTO\pythonProject\modules\function\Remi\img\remi_enter.png)
2025-06-12 17:34:49,989 - DEBUG - try match with MultiScaleTemplateMatchingPre
2025-06-12 17:34:49,989 - DEBUG - find_best_result() run time is 0.00 s.
2025-06-12 17:34:49,989 - DEBUG - try match with TemplateMatching
2025-06-12 17:34:50,052 - DEBUG - [Template] threshold=0.7, result={'result': (1858, 323), 'rectangle': ((1766, 255), (1766, 391), (1951, 391), (1951, 255)), 'confidence': 0.3472908139228821}
2025-06-12 17:34:50,054 - DEBUG - find_best_result() run time is 0.07 s.
2025-06-12 17:34:50,054 - DEBUG - try match with SIFTMatching
2025-06-12 17:34:50,555 - DEBUG - [SIFT] threshold=0.7, result={'result': (1870, 332), 'rectangle': [(1753, 248), (1753, 416), (1987, 416), (1987, 248)], 'confidence': 0.9383662343025208}
2025-06-12 17:34:50,555 - DEBUG - find_best_result() run time is 0.50 s.
2025-06-12 17:34:50,555 - DEBUG - match result: {'result': (1870, 332), 'rectangle': [(1753, 248), (1753, 416), (1987, 416), (1987, 248)], 'confidence': 0.9383662343025208, 'time': 0.501272439956665}
2025-06-12 17:34:50,556 - DEBUG - E:\MuMu Player 12\shell\adb.exe -s emulator-5554 shell ls -l /data/local/tmp/rotationwatcher.jar
2025-06-12 17:34:50,651 - DEBUG - install_rotationwatcher skipped
2025-06-12 17:34:50,652 - DEBUG - E:\MuMu Player 12\shell\adb.exe -s emulator-5554 shell app_process -Djava.class.path=/data/local/tmp/rotationwatcher.jar /data/local/tmp com.example.rotationwatcher.Main
2025-06-12 17:34:50,840 - DEBUG - [rotation_server]b'0'
2025-06-12 17:34:51,696 - INFO - update orientation None->0
2025-06-12 17:34:51,696 - DEBUG - E:\MuMu Player 12\shell\adb.exe -s emulator-5554 shell wm size
2025-06-12 17:34:51,797 - DEBUG - E:\MuMu Player 12\shell\adb.exe -s emulator-5554 shell getprop ro.sf.lcd_density
2025-06-12 17:34:51,891 - DEBUG - E:\MuMu Player 12\shell\adb.exe -s emulator-5554 shell dumpsys SurfaceFlinger
2025-06-12 17:34:51,995 - DEBUG - E:\MuMu Player 12\shell\adb.exe -s emulator-5554 shell getevent -p
2025-06-12 17:34:52,284 - DEBUG - E:\MuMu Player 12\shell\adb.exe -s emulator-5554 shell input tap 1870 332
2025-06-12 17:34:53,836 - INFO - Try finding: Template(E:\AUTO\pythonProject\modules\function\QiuQIu\img\back.png)
2025-06-12 17:34:53,896 - DEBUG - try match with MultiScaleTemplateMatchingPre
2025-06-12 17:34:53,896 - DEBUG - find_best_result() run time is 0.00 s.
2025-06-12 17:34:53,896 - DEBUG - try match with TemplateMatching
2025-06-12 17:34:53,953 - DEBUG - [Template] threshold=0.7, result={'result': (2245, 60), 'rectangle': ((2203, 27), (2203, 93), (2287, 93), (2287, 27)), 'confidence': 0.49654504656791687}
2025-06-12 17:34:53,954 - DEBUG - find_best_result() run time is 0.06 s.
2025-06-12 17:34:53,954 - DEBUG - try match with SIFTMatching
2025-06-12 17:34:54,358 - DEBUG - [SIFT] threshold=0.7, result={'result': [170, 75], 'rectangle': [(115, 20), (115, 130), (224, 130), (224, 20)], 'confidence': 0.7737450897693634}
2025-06-12 17:34:54,358 - DEBUG - find_best_result() run time is 0.40 s.
2025-06-12 17:34:54,359 - DEBUG - match result: {'result': [170, 75], 'rectangle': [(115, 20), (115, 130), (224, 130), (224, 20)], 'confidence': 0.7737450897693634, 'time': 0.40402865409851074}
2025-06-12 17:34:54,359 - DEBUG - E:\MuMu Player 12\shell\adb.exe -s emulator-5554 shell input tap 170 75
2025-06-12 17:34:55,909 - INFO - Try finding: Template(E:\AUTO\pythonProject\modules\function\QiuQIu\img\qiuqiu_enter.png)
2025-06-12 17:34:55,995 - DEBUG - try match with MultiScaleTemplateMatchingPre
2025-06-12 17:34:55,995 - DEBUG - find_best_result() run time is 0.00 s.
2025-06-12 17:34:55,995 - DEBUG - try match with TemplateMatching
2025-06-12 17:34:56,061 - DEBUG - [Template] threshold=0.7, result={'result': (2048, 959), 'rectangle': ((1976, 919), (1976, 999), (2120, 999), (2120, 919)), 'confidence': 0.33046430349349976}
2025-06-12 17:34:56,062 - DEBUG - find_best_result() run time is 0.07 s.
2025-06-12 17:34:56,062 - DEBUG - try match with SIFTMatching
2025-06-12 17:34:56,556 - DEBUG - [SIFT] threshold=0.7, result={'result': (1548, 367), 'rectangle': [(1456, 318), (1456, 416), (1641, 416), (1641, 318)], 'confidence': 0.9767041504383087}
2025-06-12 17:34:56,556 - DEBUG - find_best_result() run time is 0.49 s.
2025-06-12 17:34:56,556 - DEBUG - match result: {'result': (1548, 367), 'rectangle': [(1456, 318), (1456, 416), (1641, 416), (1641, 318)], 'confidence': 0.9767041504383087, 'time': 0.49483704566955566}
2025-06-12 17:34:56,557 - DEBUG - E:\MuMu Player 12\shell\adb.exe -s emulator-5554 shell input tap 1548 367
2025-06-12 17:34:58,108 - INFO - Try finding: Template(E:\AUTO\pythonProject\modules\function\QiuQIu\img\back.png)
2025-06-12 17:34:58,169 - DEBUG - try match with MultiScaleTemplateMatchingPre
2025-06-12 17:34:58,170 - DEBUG - find_best_result() run time is 0.00 s.
2025-06-12 17:34:58,170 - DEBUG - try match with TemplateMatching
2025-06-12 17:34:58,222 - DEBUG - [Template] threshold=0.7, result={'result': (2245, 60), 'rectangle': ((2203, 27), (2203, 93), (2287, 93), (2287, 27)), 'confidence': 0.5064241290092468}
2025-06-12 17:34:58,222 - DEBUG - find_best_result() run time is 0.05 s.
2025-06-12 17:34:58,223 - DEBUG - try match with SIFTMatching
2025-06-12 17:34:58,613 - DEBUG - [SIFT] threshold=0.7, result={'result': (168, 73), 'rectangle': [(114, 30), (114, 116), (223, 116), (223, 30)], 'confidence': 0.9870051741600037}
2025-06-12 17:34:58,613 - DEBUG - find_best_result() run time is 0.39 s.
2025-06-12 17:34:58,614 - DEBUG - match result: {'result': (168, 73), 'rectangle': [(114, 30), (114, 116), (223, 116), (223, 30)], 'confidence': 0.9870051741600037, 'time': 0.3899533748626709}
2025-06-12 17:34:58,614 - DEBUG - E:\MuMu Player 12\shell\adb.exe -s emulator-5554 shell input tap 168 73
2025-06-12 17:35:01,260 - DEBUG - E:\MuMu Player 12\shell\adb.exe -s emulator-5554 forward --remove tcp:12831
2025-06-12 17:35:01,352 - DEBUG - E:\MuMu Player 12\shell\adb.exe -s emulator-5554 forward --remove tcp:16696
2025-06-12 17:35:01,453 - DEBUG - [javacap_sever]b''
2025-06-12 17:35:01,467 - DEBUG - [rotation_server]b''
2025-06-12 17:35:01,480 - DEBUG - [javacap_sever]b''
